Picked up _JAVA_OPTIONS: -Djava.io.tmpdir=/scratch.ssd/vlkofly/job_1756639.cerit-pbs.cerit-sc.cz
INFO  13:10:47,502 HelpFormatter - -------------------------------------------------------------------------------- 
INFO  13:10:47,525 HelpFormatter - The Genome Analysis Toolkit (GATK) v3.7-0-gcfedb67, Compiled 2016/12/12 11:21:18 
INFO  13:10:47,527 HelpFormatter - Copyright (c) 2010-2016 The Broad Institute 
INFO  13:10:47,527 HelpFormatter - For support and documentation go to https://software.broadinstitute.org/gatk 
INFO  13:10:47,527 HelpFormatter - [Wed Dec 02 13:10:47 CET 2020] Executing on Linux 4.19.0-8-amd64 amd64 
INFO  13:10:47,528 HelpFormatter - Java HotSpot(TM) 64-Bit Server VM 1.8.0_60-b27 
INFO  13:10:47,538 HelpFormatter - Program Args: -T VariantFiltration -R JIC_reference/alygenomes.fasta -V lyrata_scaffolds_restscaffold_6arenosa.bisel.vcf.gz -o lyrata_scaffolds_restscaffold_6arenosa.bifilt.vcf.gz -filter QD < 2.0 --filterName QD -filter FS > 60.0 --filterName FS -filter MQ < 40.0 --filterName MQ -filter MQRankSum < -12.5 --filterName MQRS -filter ReadPosRankSum < -8.0 --filterName RPRS -filter SOR > 3.0 --filterName SOR -nt 1 
INFO  13:10:47,570 HelpFormatter - Executing as vlkofly@glados12.cerit-sc.cz on Linux 4.19.0-8-amd64 amd64; Java HotSpot(TM) 64-Bit Server VM 1.8.0_60-b27. 
INFO  13:10:47,578 HelpFormatter - Date/Time: 2020/12/02 13:10:47 
INFO  13:10:47,580 HelpFormatter - -------------------------------------------------------------------------------- 
INFO  13:10:47,580 HelpFormatter - -------------------------------------------------------------------------------- 
##### ERROR ------------------------------------------------------------------------------------------
##### ERROR A USER ERROR has occurred (version 3.7-0-gcfedb67): 
##### ERROR
##### ERROR This means that one or more arguments or inputs in your command are incorrect.
##### ERROR The error message below tells you what is the problem.
##### ERROR
##### ERROR If the problem is an invalid argument, please check the online documentation guide
##### ERROR (or rerun your command with --help) to view allowable command-line arguments for this tool.
##### ERROR
##### ERROR Visit our website and forum for extensive documentation and answers to 
##### ERROR commonly asked questions https://software.broadinstitute.org/gatk
##### ERROR
##### ERROR Please do NOT post this error to the GATK forum unless you have really tried to fix it yourself.
##### ERROR
##### ERROR MESSAGE: Could not read file /scratch.ssd/vlkofly/job_1756639.cerit-pbs.cerit-sc.cz/lyrata_scaffolds_restscaffold_6arenosa.bisel.vcf.gz because file 'lyrata_scaffolds_restscaffold_6arenosa.bisel.vcf.gz' does not exist
##### ERROR ------------------------------------------------------------------------------------------
