Picked up _JAVA_OPTIONS: -Djava.io.tmpdir=/scratch.ssd/vlkofly/job_1756639.cerit-pbs.cerit-sc.cz
INFO  13:10:36,348 HelpFormatter - -------------------------------------------------------------------------------- 
INFO  13:10:36,356 HelpFormatter - The Genome Analysis Toolkit (GATK) v3.7-0-gcfedb67, Compiled 2016/12/12 11:21:18 
INFO  13:10:36,356 HelpFormatter - Copyright (c) 2010-2016 The Broad Institute 
INFO  13:10:36,357 HelpFormatter - For support and documentation go to https://software.broadinstitute.org/gatk 
INFO  13:10:36,357 HelpFormatter - [Wed Dec 02 13:10:36 CET 2020] Executing on Linux 4.19.0-8-amd64 amd64 
INFO  13:10:36,357 HelpFormatter - Java HotSpot(TM) 64-Bit Server VM 1.8.0_60-b27 
INFO  13:10:36,366 HelpFormatter - Program Args: -T SelectVariants -R JIC_reference/alygenomes.fasta -V scaffold_6arenosa.vcf.gz -L scaffold_6 -o scaffold_6scaffold_6arenosa.bisel.vcf.gz --restrictAllelesTo BIALLELIC -selectType SNP -nt 1 
INFO  13:10:36,378 HelpFormatter - Executing as vlkofly@glados12.cerit-sc.cz on Linux 4.19.0-8-amd64 amd64; Java HotSpot(TM) 64-Bit Server VM 1.8.0_60-b27. 
INFO  13:10:36,382 HelpFormatter - Date/Time: 2020/12/02 13:10:36 
INFO  13:10:36,383 HelpFormatter - -------------------------------------------------------------------------------- 
INFO  13:10:36,383 HelpFormatter - -------------------------------------------------------------------------------- 
INFO  13:10:36,480 GenomeAnalysisEngine - Strictness is SILENT 
INFO  13:10:37,226 GenomeAnalysisEngine - Downsampling Settings: Method: BY_SAMPLE, Target Coverage: 1000 
INFO  13:10:37,676 IntervalUtils - Processing 25113588 bp from intervals 
WARN  13:10:37,678 IndexDictionaryUtils - Track variant doesn't have a sequence dictionary built in, skipping dictionary validation 
INFO  13:10:38,120 GenomeAnalysisEngine - Preparing for traversal 
INFO  13:10:38,129 GenomeAnalysisEngine - Done preparing for traversal 
INFO  13:10:38,130 ProgressMeter - [INITIALIZATION COMPLETE; STARTING PROCESSING] 
INFO  13:10:38,132 ProgressMeter -                 | processed |    time |    per 1M |           |   total | remaining 
INFO  13:10:38,133 ProgressMeter -        Location |     sites | elapsed |     sites | completed | runtime |   runtime 
INFO  13:10:39,066 SelectVariants - 17 records processed. 
INFO  13:10:39,085 ProgressMeter -            done        21.0     0.0 s      12.6 h       91.8%     0.0 s       0.0 s 
INFO  13:10:39,086 ProgressMeter - Total runtime 0.96 secs, 0.02 min, 0.00 hours 
------------------------------------------------------------------------------------------
Done. There were 1 WARN messages, the first 1 are repeated below.
WARN  13:10:37,678 IndexDictionaryUtils - Track variant doesn't have a sequence dictionary built in, skipping dictionary validation 
------------------------------------------------------------------------------------------
