Picked up _JAVA_OPTIONS: -Djava.io.tmpdir=/scratch.ssd/vlkofly/job_1756639.cerit-pbs.cerit-sc.cz
INFO  13:11:01,321 HelpFormatter - -------------------------------------------------------------------------------- 
INFO  13:11:01,332 HelpFormatter - The Genome Analysis Toolkit (GATK) v3.7-0-gcfedb67, Compiled 2016/12/12 11:21:18 
INFO  13:11:01,332 HelpFormatter - Copyright (c) 2010-2016 The Broad Institute 
INFO  13:11:01,333 HelpFormatter - For support and documentation go to https://software.broadinstitute.org/gatk 
INFO  13:11:01,333 HelpFormatter - [Wed Dec 02 13:11:01 CET 2020] Executing on Linux 4.19.0-8-amd64 amd64 
INFO  13:11:01,333 HelpFormatter - Java HotSpot(TM) 64-Bit Server VM 1.8.0_60-b27 
INFO  13:11:01,338 HelpFormatter - Program Args: -T SelectVariants -R JIC_reference/alygenomes.fasta -V scaffold_7scaffold_6arenosa.bifilt.vcf.gz -o scaffold_7scaffold_6arenosa.bipassed.vcf.gz --excludeFiltered -nt 1 
INFO  13:11:01,351 HelpFormatter - Executing as vlkofly@glados12.cerit-sc.cz on Linux 4.19.0-8-amd64 amd64; Java HotSpot(TM) 64-Bit Server VM 1.8.0_60-b27. 
INFO  13:11:01,354 HelpFormatter - Date/Time: 2020/12/02 13:11:01 
INFO  13:11:01,355 HelpFormatter - -------------------------------------------------------------------------------- 
INFO  13:11:01,356 HelpFormatter - -------------------------------------------------------------------------------- 
INFO  13:11:01,425 GenomeAnalysisEngine - Strictness is SILENT 
INFO  13:11:01,883 GenomeAnalysisEngine - Downsampling Settings: Method: BY_SAMPLE, Target Coverage: 1000 
WARN  13:11:02,061 IndexDictionaryUtils - Track variant doesn't have a sequence dictionary built in, skipping dictionary validation 
INFO  13:11:02,506 GenomeAnalysisEngine - Preparing for traversal 
INFO  13:11:02,510 GenomeAnalysisEngine - Done preparing for traversal 
INFO  13:11:02,511 ProgressMeter - [INITIALIZATION COMPLETE; STARTING PROCESSING] 
INFO  13:11:02,514 ProgressMeter -                 | processed |    time |    per 1M |           |   total | remaining 
INFO  13:11:02,514 ProgressMeter -        Location |     sites | elapsed |     sites | completed | runtime |   runtime 
INFO  13:11:02,760 SelectVariants - 0 records processed. 
INFO  13:11:02,780 ProgressMeter -            done         0.0     0.0 s      73.6 h      100.0%     0.0 s       0.0 s 
INFO  13:11:02,780 ProgressMeter - Total runtime 0.27 secs, 0.00 min, 0.00 hours 
------------------------------------------------------------------------------------------
Done. There were 1 WARN messages, the first 1 are repeated below.
WARN  13:11:02,061 IndexDictionaryUtils - Track variant doesn't have a sequence dictionary built in, skipping dictionary validation 
------------------------------------------------------------------------------------------
