Picked up _JAVA_OPTIONS: -Djava.io.tmpdir=/scratch.ssd/vlkofly/job_1756639.cerit-pbs.cerit-sc.cz
INFO  13:10:58,852 HelpFormatter - -------------------------------------------------------------------------------- 
INFO  13:10:58,859 HelpFormatter - The Genome Analysis Toolkit (GATK) v3.7-0-gcfedb67, Compiled 2016/12/12 11:21:18 
INFO  13:10:58,860 HelpFormatter - Copyright (c) 2010-2016 The Broad Institute 
INFO  13:10:58,860 HelpFormatter - For support and documentation go to https://software.broadinstitute.org/gatk 
INFO  13:10:58,860 HelpFormatter - [Wed Dec 02 13:10:58 CET 2020] Executing on Linux 4.19.0-8-amd64 amd64 
INFO  13:10:58,860 HelpFormatter - Java HotSpot(TM) 64-Bit Server VM 1.8.0_60-b27 
INFO  13:10:58,869 HelpFormatter - Program Args: -T SelectVariants -R JIC_reference/alygenomes.fasta -V scaffold_2scaffold_6arenosa.bifilt.vcf.gz -o scaffold_2scaffold_6arenosa.bipassed.vcf.gz --excludeFiltered -nt 1 
INFO  13:10:58,882 HelpFormatter - Executing as vlkofly@glados12.cerit-sc.cz on Linux 4.19.0-8-amd64 amd64; Java HotSpot(TM) 64-Bit Server VM 1.8.0_60-b27. 
INFO  13:10:58,885 HelpFormatter - Date/Time: 2020/12/02 13:10:58 
INFO  13:10:58,885 HelpFormatter - -------------------------------------------------------------------------------- 
INFO  13:10:58,886 HelpFormatter - -------------------------------------------------------------------------------- 
INFO  13:10:58,939 GenomeAnalysisEngine - Strictness is SILENT 
INFO  13:10:59,581 GenomeAnalysisEngine - Downsampling Settings: Method: BY_SAMPLE, Target Coverage: 1000 
WARN  13:11:00,023 IndexDictionaryUtils - Track variant doesn't have a sequence dictionary built in, skipping dictionary validation 
INFO  13:11:01,072 GenomeAnalysisEngine - Preparing for traversal 
INFO  13:11:01,079 GenomeAnalysisEngine - Done preparing for traversal 
INFO  13:11:01,080 ProgressMeter - [INITIALIZATION COMPLETE; STARTING PROCESSING] 
INFO  13:11:01,081 ProgressMeter -                 | processed |    time |    per 1M |           |   total | remaining 
INFO  13:11:01,081 ProgressMeter -        Location |     sites | elapsed |     sites | completed | runtime |   runtime 
INFO  13:11:01,438 SelectVariants - 0 records processed. 
INFO  13:11:01,466 ProgressMeter -            done         0.0     0.0 s       4.4 d      100.0%     0.0 s       0.0 s 
INFO  13:11:01,469 ProgressMeter - Total runtime 0.39 secs, 0.01 min, 0.00 hours 
------------------------------------------------------------------------------------------
Done. There were 1 WARN messages, the first 1 are repeated below.
WARN  13:11:00,023 IndexDictionaryUtils - Track variant doesn't have a sequence dictionary built in, skipping dictionary validation 
------------------------------------------------------------------------------------------
