Picked up _JAVA_OPTIONS: -Djava.io.tmpdir=/scratch.ssd/vlkofly/job_1756639.cerit-pbs.cerit-sc.cz
INFO  13:11:10,315 HelpFormatter - -------------------------------------------------------------------------------- 
INFO  13:11:10,328 HelpFormatter - The Genome Analysis Toolkit (GATK) v3.7-0-gcfedb67, Compiled 2016/12/12 11:21:18 
INFO  13:11:10,328 HelpFormatter - Copyright (c) 2010-2016 The Broad Institute 
INFO  13:11:10,329 HelpFormatter - For support and documentation go to https://software.broadinstitute.org/gatk 
INFO  13:11:10,329 HelpFormatter - [Wed Dec 02 13:11:10 CET 2020] Executing on Linux 4.19.0-8-amd64 amd64 
INFO  13:11:10,329 HelpFormatter - Java HotSpot(TM) 64-Bit Server VM 1.8.0_60-b27 
INFO  13:11:10,335 HelpFormatter - Program Args: -T SelectVariants -R JIC_reference/alygenomes.fasta -V scaffold_5scaffold_6arenosa.bipassed.vcf.gz -o scaffold_5scaffold_6arenosa.snps.fourfold.vcf.gz -nt 1 -XL Blacklist.Excess.Het.List.Genes.With.5orMore.2PopsMin.AllHet.Sites.GATK.intervals --interval_set_rule INTERSECTION -XL Blacklist_allscaff_ExcSites1.6x_maxRD.GATK.intervals -L four.fold.degenerate.sites.GATK.intervals 
INFO  13:11:10,348 HelpFormatter - Executing as vlkofly@glados12.cerit-sc.cz on Linux 4.19.0-8-amd64 amd64; Java HotSpot(TM) 64-Bit Server VM 1.8.0_60-b27. 
INFO  13:11:10,351 HelpFormatter - Date/Time: 2020/12/02 13:11:10 
INFO  13:11:10,352 HelpFormatter - -------------------------------------------------------------------------------- 
INFO  13:11:10,353 HelpFormatter - -------------------------------------------------------------------------------- 
INFO  13:11:10,458 GenomeAnalysisEngine - Strictness is SILENT 
INFO  13:11:11,050 GenomeAnalysisEngine - Downsampling Settings: Method: BY_SAMPLE, Target Coverage: 1000 
INFO  13:11:29,305 IntervalUtils - Initial include intervals span 6227428 loci; exclude intervals span 5389771 loci 
INFO  13:11:29,310 IntervalUtils - Excluding 347545 loci from original intervals (5.58% reduction) 
INFO  13:11:29,353 IntervalUtils - Processing 5879883 bp from intervals 
WARN  13:11:29,407 IndexDictionaryUtils - Track variant doesn't have a sequence dictionary built in, skipping dictionary validation 
INFO  13:11:29,665 GenomeAnalysisEngine - Preparing for traversal 
INFO  13:11:31,024 GenomeAnalysisEngine - Done preparing for traversal 
