Picked up _JAVA_OPTIONS: -Djava.io.tmpdir=/scratch.ssd/vlkofly/job_1756639.cerit-pbs.cerit-sc.cz
INFO  13:11:00,080 HelpFormatter - -------------------------------------------------------------------------------- 
INFO  13:11:00,092 HelpFormatter - The Genome Analysis Toolkit (GATK) v3.7-0-gcfedb67, Compiled 2016/12/12 11:21:18 
INFO  13:11:00,093 HelpFormatter - Copyright (c) 2010-2016 The Broad Institute 
INFO  13:11:00,093 HelpFormatter - For support and documentation go to https://software.broadinstitute.org/gatk 
INFO  13:11:00,093 HelpFormatter - [Wed Dec 02 13:10:59 CET 2020] Executing on Linux 4.19.0-8-amd64 amd64 
INFO  13:11:00,094 HelpFormatter - Java HotSpot(TM) 64-Bit Server VM 1.8.0_60-b27 
INFO  13:11:00,101 HelpFormatter - Program Args: -T SelectVariants -R JIC_reference/alygenomes.fasta -V scaffold_5scaffold_6arenosa.bifilt.vcf.gz -o scaffold_5scaffold_6arenosa.bipassed.vcf.gz --excludeFiltered -nt 1 
INFO  13:11:00,118 HelpFormatter - Executing as vlkofly@glados12.cerit-sc.cz on Linux 4.19.0-8-amd64 amd64; Java HotSpot(TM) 64-Bit Server VM 1.8.0_60-b27. 
INFO  13:11:00,126 HelpFormatter - Date/Time: 2020/12/02 13:11:00 
INFO  13:11:00,127 HelpFormatter - -------------------------------------------------------------------------------- 
INFO  13:11:00,127 HelpFormatter - -------------------------------------------------------------------------------- 
INFO  13:11:00,177 GenomeAnalysisEngine - Strictness is SILENT 
INFO  13:11:00,769 GenomeAnalysisEngine - Downsampling Settings: Method: BY_SAMPLE, Target Coverage: 1000 
WARN  13:11:01,088 IndexDictionaryUtils - Track variant doesn't have a sequence dictionary built in, skipping dictionary validation 
INFO  13:11:01,893 GenomeAnalysisEngine - Preparing for traversal 
INFO  13:11:01,905 GenomeAnalysisEngine - Done preparing for traversal 
INFO  13:11:01,906 ProgressMeter - [INITIALIZATION COMPLETE; STARTING PROCESSING] 
INFO  13:11:01,906 ProgressMeter -                 | processed |    time |    per 1M |           |   total | remaining 
INFO  13:11:01,907 ProgressMeter -        Location |     sites | elapsed |     sites | completed | runtime |   runtime 
INFO  13:11:02,261 SelectVariants - 0 records processed. 
INFO  13:11:02,280 ProgressMeter -            done         0.0     0.0 s       4.3 d      100.0%     0.0 s       0.0 s 
INFO  13:11:02,281 ProgressMeter - Total runtime 0.38 secs, 0.01 min, 0.00 hours 
------------------------------------------------------------------------------------------
Done. There were 1 WARN messages, the first 1 are repeated below.
WARN  13:11:01,088 IndexDictionaryUtils - Track variant doesn't have a sequence dictionary built in, skipping dictionary validation 
------------------------------------------------------------------------------------------
