Picked up _JAVA_OPTIONS: -Djava.io.tmpdir=/scratch.ssd/vlkofly/job_1756639.cerit-pbs.cerit-sc.cz
INFO  13:10:35,554 HelpFormatter - -------------------------------------------------------------------------------- 
INFO  13:10:35,562 HelpFormatter - The Genome Analysis Toolkit (GATK) v3.7-0-gcfedb67, Compiled 2016/12/12 11:21:18 
INFO  13:10:35,565 HelpFormatter - Copyright (c) 2010-2016 The Broad Institute 
INFO  13:10:35,566 HelpFormatter - For support and documentation go to https://software.broadinstitute.org/gatk 
INFO  13:10:35,566 HelpFormatter - [Wed Dec 02 13:10:35 CET 2020] Executing on Linux 4.19.0-8-amd64 amd64 
INFO  13:10:35,568 HelpFormatter - Java HotSpot(TM) 64-Bit Server VM 1.8.0_60-b27 
INFO  13:10:35,573 HelpFormatter - Program Args: -T SelectVariants -R JIC_reference/alygenomes.fasta -V scaffold_6arenosa.vcf.gz -L scaffold_3 -o scaffold_3scaffold_6arenosa.bisel.vcf.gz --restrictAllelesTo BIALLELIC -selectType SNP -nt 1 
INFO  13:10:35,585 HelpFormatter - Executing as vlkofly@glados12.cerit-sc.cz on Linux 4.19.0-8-amd64 amd64; Java HotSpot(TM) 64-Bit Server VM 1.8.0_60-b27. 
INFO  13:10:35,588 HelpFormatter - Date/Time: 2020/12/02 13:10:35 
INFO  13:10:35,589 HelpFormatter - -------------------------------------------------------------------------------- 
INFO  13:10:35,589 HelpFormatter - -------------------------------------------------------------------------------- 
INFO  13:10:35,643 GenomeAnalysisEngine - Strictness is SILENT 
INFO  13:10:36,498 GenomeAnalysisEngine - Downsampling Settings: Method: BY_SAMPLE, Target Coverage: 1000 
INFO  13:10:37,166 IntervalUtils - Processing 24464547 bp from intervals 
WARN  13:10:37,211 IndexDictionaryUtils - Track variant doesn't have a sequence dictionary built in, skipping dictionary validation 
INFO  13:10:37,974 GenomeAnalysisEngine - Preparing for traversal 
INFO  13:10:37,979 GenomeAnalysisEngine - Done preparing for traversal 
INFO  13:10:37,980 ProgressMeter - [INITIALIZATION COMPLETE; STARTING PROCESSING] 
INFO  13:10:37,982 ProgressMeter -                 | processed |    time |    per 1M |           |   total | remaining 
INFO  13:10:37,982 ProgressMeter -        Location |     sites | elapsed |     sites | completed | runtime |   runtime 
INFO  13:10:38,389 SelectVariants - 0 records processed. 
INFO  13:10:38,407 ProgressMeter -            done         0.0     0.0 s       4.9 d      100.0%     0.0 s       0.0 s 
INFO  13:10:38,408 ProgressMeter - Total runtime 0.43 secs, 0.01 min, 0.00 hours 
------------------------------------------------------------------------------------------
Done. There were 1 WARN messages, the first 1 are repeated below.
WARN  13:10:37,211 IndexDictionaryUtils - Track variant doesn't have a sequence dictionary built in, skipping dictionary validation 
------------------------------------------------------------------------------------------
