Picked up _JAVA_OPTIONS: -Djava.io.tmpdir=/scratch.ssd/vlkofly/job_1756639.cerit-pbs.cerit-sc.cz
INFO  13:11:01,330 HelpFormatter - -------------------------------------------------------------------------------- 
INFO  13:11:01,342 HelpFormatter - The Genome Analysis Toolkit (GATK) v3.7-0-gcfedb67, Compiled 2016/12/12 11:21:18 
INFO  13:11:01,342 HelpFormatter - Copyright (c) 2010-2016 The Broad Institute 
INFO  13:11:01,345 HelpFormatter - For support and documentation go to https://software.broadinstitute.org/gatk 
INFO  13:11:01,346 HelpFormatter - [Wed Dec 02 13:11:01 CET 2020] Executing on Linux 4.19.0-8-amd64 amd64 
INFO  13:11:01,346 HelpFormatter - Java HotSpot(TM) 64-Bit Server VM 1.8.0_60-b27 
INFO  13:11:01,351 HelpFormatter - Program Args: -T SelectVariants -R JIC_reference/alygenomes.fasta -V scaffold_6scaffold_6arenosa.bifilt.vcf.gz -o scaffold_6scaffold_6arenosa.bipassed.vcf.gz --excludeFiltered -nt 1 
INFO  13:11:01,376 HelpFormatter - Executing as vlkofly@glados12.cerit-sc.cz on Linux 4.19.0-8-amd64 amd64; Java HotSpot(TM) 64-Bit Server VM 1.8.0_60-b27. 
INFO  13:11:01,377 HelpFormatter - Date/Time: 2020/12/02 13:11:01 
INFO  13:11:01,377 HelpFormatter - -------------------------------------------------------------------------------- 
INFO  13:11:01,377 HelpFormatter - -------------------------------------------------------------------------------- 
INFO  13:11:01,433 GenomeAnalysisEngine - Strictness is SILENT 
INFO  13:11:01,949 GenomeAnalysisEngine - Downsampling Settings: Method: BY_SAMPLE, Target Coverage: 1000 
WARN  13:11:02,128 IndexDictionaryUtils - Track variant doesn't have a sequence dictionary built in, skipping dictionary validation 
INFO  13:11:02,584 GenomeAnalysisEngine - Preparing for traversal 
INFO  13:11:02,590 GenomeAnalysisEngine - Done preparing for traversal 
INFO  13:11:02,591 ProgressMeter - [INITIALIZATION COMPLETE; STARTING PROCESSING] 
INFO  13:11:02,592 ProgressMeter -                 | processed |    time |    per 1M |           |   total | remaining 
INFO  13:11:02,592 ProgressMeter -        Location |     sites | elapsed |     sites | completed | runtime |   runtime 
INFO  13:11:02,920 SelectVariants - 14 records processed. 
INFO  13:11:02,936 ProgressMeter -            done        14.0     0.0 s       6.8 h       69.8%     0.0 s       0.0 s 
INFO  13:11:02,937 ProgressMeter - Total runtime 0.35 secs, 0.01 min, 0.00 hours 
------------------------------------------------------------------------------------------
Done. There were 1 WARN messages, the first 1 are repeated below.
WARN  13:11:02,128 IndexDictionaryUtils - Track variant doesn't have a sequence dictionary built in, skipping dictionary validation 
------------------------------------------------------------------------------------------
