Picked up _JAVA_OPTIONS: -Djava.io.tmpdir=/scratch.ssd/vlkofly/job_1756639.cerit-pbs.cerit-sc.cz
INFO  13:10:47,921 HelpFormatter - -------------------------------------------------------------------------------- 
INFO  13:10:47,928 HelpFormatter - The Genome Analysis Toolkit (GATK) v3.7-0-gcfedb67, Compiled 2016/12/12 11:21:18 
INFO  13:10:47,930 HelpFormatter - Copyright (c) 2010-2016 The Broad Institute 
INFO  13:10:47,931 HelpFormatter - For support and documentation go to https://software.broadinstitute.org/gatk 
INFO  13:10:47,931 HelpFormatter - [Wed Dec 02 13:10:47 CET 2020] Executing on Linux 4.19.0-8-amd64 amd64 
INFO  13:10:47,931 HelpFormatter - Java HotSpot(TM) 64-Bit Server VM 1.8.0_60-b27 
INFO  13:10:47,943 HelpFormatter - Program Args: -T VariantFiltration -R JIC_reference/alygenomes.fasta -V scaffold_2scaffold_6arenosa.bisel.vcf.gz -o scaffold_2scaffold_6arenosa.bifilt.vcf.gz -filter QD < 2.0 --filterName QD -filter FS > 60.0 --filterName FS -filter MQ < 40.0 --filterName MQ -filter MQRankSum < -12.5 --filterName MQRS -filter ReadPosRankSum < -8.0 --filterName RPRS -filter SOR > 3.0 --filterName SOR -nt 1 
INFO  13:10:47,960 HelpFormatter - Executing as vlkofly@glados12.cerit-sc.cz on Linux 4.19.0-8-amd64 amd64; Java HotSpot(TM) 64-Bit Server VM 1.8.0_60-b27. 
INFO  13:10:47,963 HelpFormatter - Date/Time: 2020/12/02 13:10:47 
INFO  13:10:47,963 HelpFormatter - -------------------------------------------------------------------------------- 
INFO  13:10:47,964 HelpFormatter - -------------------------------------------------------------------------------- 
INFO  13:10:48,118 GenomeAnalysisEngine - Strictness is SILENT 
INFO  13:10:49,246 GenomeAnalysisEngine - Downsampling Settings: Method: BY_SAMPLE, Target Coverage: 1000 
WARN  13:10:49,616 IndexDictionaryUtils - Track variant doesn't have a sequence dictionary built in, skipping dictionary validation 
INFO  13:10:50,535 GenomeAnalysisEngine - Preparing for traversal 
INFO  13:10:50,541 GenomeAnalysisEngine - Done preparing for traversal 
INFO  13:10:50,541 ProgressMeter - [INITIALIZATION COMPLETE; STARTING PROCESSING] 
INFO  13:10:50,542 ProgressMeter -                 | processed |    time |    per 1M |           |   total | remaining 
INFO  13:10:50,542 ProgressMeter -        Location |     sites | elapsed |     sites | completed | runtime |   runtime 
INFO  13:10:51,156 ProgressMeter -            done         0.0     0.0 s       7.1 d      100.0%     0.0 s       0.0 s 
INFO  13:10:51,157 ProgressMeter - Total runtime 0.62 secs, 0.01 min, 0.00 hours 
------------------------------------------------------------------------------------------
Done. There were 1 WARN messages, the first 1 are repeated below.
WARN  13:10:49,616 IndexDictionaryUtils - Track variant doesn't have a sequence dictionary built in, skipping dictionary validation 
------------------------------------------------------------------------------------------
