Picked up _JAVA_OPTIONS: -Djava.io.tmpdir=/scratch.ssd/vlkofly/job_1756639.cerit-pbs.cerit-sc.cz
INFO  13:10:48,414 HelpFormatter - -------------------------------------------------------------------------------- 
INFO  13:10:48,422 HelpFormatter - The Genome Analysis Toolkit (GATK) v3.7-0-gcfedb67, Compiled 2016/12/12 11:21:18 
INFO  13:10:48,423 HelpFormatter - Copyright (c) 2010-2016 The Broad Institute 
INFO  13:10:48,424 HelpFormatter - For support and documentation go to https://software.broadinstitute.org/gatk 
INFO  13:10:48,424 HelpFormatter - [Wed Dec 02 13:10:48 CET 2020] Executing on Linux 4.19.0-8-amd64 amd64 
INFO  13:10:48,424 HelpFormatter - Java HotSpot(TM) 64-Bit Server VM 1.8.0_60-b27 
INFO  13:10:48,431 HelpFormatter - Program Args: -T VariantFiltration -R JIC_reference/alygenomes.fasta -V scaffold_3scaffold_6arenosa.bisel.vcf.gz -o scaffold_3scaffold_6arenosa.bifilt.vcf.gz -filter QD < 2.0 --filterName QD -filter FS > 60.0 --filterName FS -filter MQ < 40.0 --filterName MQ -filter MQRankSum < -12.5 --filterName MQRS -filter ReadPosRankSum < -8.0 --filterName RPRS -filter SOR > 3.0 --filterName SOR -nt 1 
INFO  13:10:48,446 HelpFormatter - Executing as vlkofly@glados12.cerit-sc.cz on Linux 4.19.0-8-amd64 amd64; Java HotSpot(TM) 64-Bit Server VM 1.8.0_60-b27. 
INFO  13:10:48,447 HelpFormatter - Date/Time: 2020/12/02 13:10:48 
INFO  13:10:48,448 HelpFormatter - -------------------------------------------------------------------------------- 
INFO  13:10:48,448 HelpFormatter - -------------------------------------------------------------------------------- 
INFO  13:10:48,547 GenomeAnalysisEngine - Strictness is SILENT 
INFO  13:10:49,226 GenomeAnalysisEngine - Downsampling Settings: Method: BY_SAMPLE, Target Coverage: 1000 
WARN  13:10:49,506 IndexDictionaryUtils - Track variant doesn't have a sequence dictionary built in, skipping dictionary validation 
INFO  13:10:50,300 GenomeAnalysisEngine - Preparing for traversal 
INFO  13:10:50,308 GenomeAnalysisEngine - Done preparing for traversal 
INFO  13:10:50,309 ProgressMeter - [INITIALIZATION COMPLETE; STARTING PROCESSING] 
INFO  13:10:50,310 ProgressMeter -                 | processed |    time |    per 1M |           |   total | remaining 
INFO  13:10:50,310 ProgressMeter -        Location |     sites | elapsed |     sites | completed | runtime |   runtime 
INFO  13:10:50,971 ProgressMeter -            done         0.0     0.0 s       7.6 d      100.0%     0.0 s       0.0 s 
INFO  13:10:50,972 ProgressMeter - Total runtime 0.66 secs, 0.01 min, 0.00 hours 
------------------------------------------------------------------------------------------
Done. There were 1 WARN messages, the first 1 are repeated below.
WARN  13:10:49,506 IndexDictionaryUtils - Track variant doesn't have a sequence dictionary built in, skipping dictionary validation 
------------------------------------------------------------------------------------------
