INFO  19:00:18,724 HelpFormatter - -------------------------------------------------------------------------------- 
INFO  19:00:18,726 HelpFormatter - The Genome Analysis Toolkit (GATK) v3.7-0-gcfedb67, Compiled 2016/12/12 11:21:18 
INFO  19:00:18,726 HelpFormatter - Copyright (c) 2010-2016 The Broad Institute 
INFO  19:00:18,726 HelpFormatter - For support and documentation go to https://software.broadinstitute.org/gatk 
INFO  19:00:18,726 HelpFormatter - [Thu Dec 10 19:00:18 CET 2020] Executing on Linux 4.19.0-6-amd64 amd64 
INFO  19:00:18,727 HelpFormatter - Java HotSpot(TM) 64-Bit Server VM 1.8.0_60-b27 
INFO  19:00:18,730 HelpFormatter - Program Args: -T GenotypeGVCFs -R JIC_reference/alygenomes.fasta -V BAB_12da_HC.g.vcf.gz -V HRA_01ta_HC.g.vcf.gz -V HRA_10ta_HC.g.vcf.gz -V SUB_03da_HC.g.vcf.gz -V ZEP_07da_HC.g.vcf.gz --max_num_PL_values 1500 -nt 1 -L scaffold_4 -o scaffold_4arenosa.vcf.gz 
INFO  19:00:18,733 HelpFormatter - Executing as vlkofly@zenon7.cerit-sc.cz on Linux 4.19.0-6-amd64 amd64; Java HotSpot(TM) 64-Bit Server VM 1.8.0_60-b27. 
INFO  19:00:18,733 HelpFormatter - Date/Time: 2020/12/10 19:00:18 
INFO  19:00:18,733 HelpFormatter - -------------------------------------------------------------------------------- 
INFO  19:00:18,733 HelpFormatter - -------------------------------------------------------------------------------- 
INFO  19:00:18,757 GenomeAnalysisEngine - Strictness is SILENT 
INFO  19:00:19,360 GenomeAnalysisEngine - Downsampling Settings: Method: BY_SAMPLE, Target Coverage: 1000 
INFO  19:00:19,886 IntervalUtils - Processing 23328337 bp from intervals 
WARN  19:00:19,887 IndexDictionaryUtils - Track variant doesn't have a sequence dictionary built in, skipping dictionary validation 
WARN  19:00:19,897 IndexDictionaryUtils - Track variant2 doesn't have a sequence dictionary built in, skipping dictionary validation 
WARN  19:00:19,897 IndexDictionaryUtils - Track variant3 doesn't have a sequence dictionary built in, skipping dictionary validation 
WARN  19:00:19,898 IndexDictionaryUtils - Track variant4 doesn't have a sequence dictionary built in, skipping dictionary validation 
WARN  19:00:19,898 IndexDictionaryUtils - Track variant5 doesn't have a sequence dictionary built in, skipping dictionary validation 
INFO  19:00:20,013 GenomeAnalysisEngine - Preparing for traversal 
INFO  19:00:20,014 GenomeAnalysisEngine - Done preparing for traversal 
INFO  19:00:20,014 ProgressMeter - [INITIALIZATION COMPLETE; STARTING PROCESSING] 
INFO  19:00:20,014 ProgressMeter -                 | processed |    time |    per 1M |           |   total | remaining 
INFO  19:00:20,015 ProgressMeter -        Location |     sites | elapsed |     sites | completed | runtime |   runtime 
WARN  19:00:20,792 StrandBiasTest - StrandBiasBySample annotation exists in input VCF header. Attempting to use StrandBiasBySample values to calculate strand bias annotation values. If no sample has the SB genotype annotation, annotation may still fail. 
WARN  19:00:20,793 InbreedingCoeff - Annotation will not be calculated. InbreedingCoeff requires at least 10 unrelated samples. 
WARN  19:00:20,814 StrandBiasTest - StrandBiasBySample annotation exists in input VCF header. Attempting to use StrandBiasBySample values to calculate strand bias annotation values. If no sample has the SB genotype annotation, annotation may still fail. 
INFO  19:00:20,814 GenotypeGVCFs - Notice that the -ploidy parameter is ignored in GenotypeGVCFs tool as this is automatically determined by the input variant files 
WARN  19:00:24,574 HaplotypeScore - Annotation will not be calculated, must be called from UnifiedGenotyper, not org.broadinstitute.gatk.tools.walkers.variantutils.GenotypeGVCFs 
INFO  19:00:50,110 ProgressMeter - scaffold_4:12629701       1.2E7    30.0 s       2.0 s       54.1%    55.0 s      25.0 s 
INFO  19:01:09,353 ProgressMeter -            done   2.3328337E7    49.0 s       2.0 s      100.0%    49.0 s       0.0 s 
INFO  19:01:09,353 ProgressMeter - Total runtime 49.34 secs, 0.82 min, 0.01 hours 
------------------------------------------------------------------------------------------
Done. There were 9 WARN messages, the first 9 are repeated below.
WARN  19:00:19,887 IndexDictionaryUtils - Track variant doesn't have a sequence dictionary built in, skipping dictionary validation 
WARN  19:00:19,897 IndexDictionaryUtils - Track variant2 doesn't have a sequence dictionary built in, skipping dictionary validation 
WARN  19:00:19,897 IndexDictionaryUtils - Track variant3 doesn't have a sequence dictionary built in, skipping dictionary validation 
WARN  19:00:19,898 IndexDictionaryUtils - Track variant4 doesn't have a sequence dictionary built in, skipping dictionary validation 
WARN  19:00:19,898 IndexDictionaryUtils - Track variant5 doesn't have a sequence dictionary built in, skipping dictionary validation 
WARN  19:00:20,792 StrandBiasTest - StrandBiasBySample annotation exists in input VCF header. Attempting to use StrandBiasBySample values to calculate strand bias annotation values. If no sample has the SB genotype annotation, annotation may still fail. 
WARN  19:00:20,793 InbreedingCoeff - Annotation will not be calculated. InbreedingCoeff requires at least 10 unrelated samples. 
WARN  19:00:20,814 StrandBiasTest - StrandBiasBySample annotation exists in input VCF header. Attempting to use StrandBiasBySample values to calculate strand bias annotation values. If no sample has the SB genotype annotation, annotation may still fail. 
WARN  19:00:24,574 HaplotypeScore - Annotation will not be calculated, must be called from UnifiedGenotyper, not org.broadinstitute.gatk.tools.walkers.variantutils.GenotypeGVCFs 
------------------------------------------------------------------------------------------
