INFO  19:01:12,366 HelpFormatter - -------------------------------------------------------------------------------- 
INFO  19:01:12,369 HelpFormatter - The Genome Analysis Toolkit (GATK) v3.7-0-gcfedb67, Compiled 2016/12/12 11:21:18 
INFO  19:01:12,370 HelpFormatter - Copyright (c) 2010-2016 The Broad Institute 
INFO  19:01:12,370 HelpFormatter - For support and documentation go to https://software.broadinstitute.org/gatk 
INFO  19:01:12,370 HelpFormatter - [Thu Dec 10 19:01:12 CET 2020] Executing on Linux 4.19.0-6-amd64 amd64 
INFO  19:01:12,370 HelpFormatter - Java HotSpot(TM) 64-Bit Server VM 1.8.0_60-b27 
INFO  19:01:12,373 HelpFormatter - Program Args: -T GenotypeGVCFs -R JIC_reference/alygenomes.fasta -V BAB_12da_HC.g.vcf.gz -V HRA_01ta_HC.g.vcf.gz -V HRA_10ta_HC.g.vcf.gz -V SUB_03da_HC.g.vcf.gz -V ZEP_07da_HC.g.vcf.gz --max_num_PL_values 1500 -nt 1 -L scaffold_6 -o scaffold_6arenosa.vcf.gz 
INFO  19:01:12,376 HelpFormatter - Executing as vlkofly@zenon7.cerit-sc.cz on Linux 4.19.0-6-amd64 amd64; Java HotSpot(TM) 64-Bit Server VM 1.8.0_60-b27. 
INFO  19:01:12,377 HelpFormatter - Date/Time: 2020/12/10 19:01:12 
INFO  19:01:12,377 HelpFormatter - -------------------------------------------------------------------------------- 
INFO  19:01:12,377 HelpFormatter - -------------------------------------------------------------------------------- 
INFO  19:01:12,397 GenomeAnalysisEngine - Strictness is SILENT 
INFO  19:01:12,725 GenomeAnalysisEngine - Downsampling Settings: Method: BY_SAMPLE, Target Coverage: 1000 
INFO  19:01:13,085 IntervalUtils - Processing 25113588 bp from intervals 
WARN  19:01:13,086 IndexDictionaryUtils - Track variant doesn't have a sequence dictionary built in, skipping dictionary validation 
WARN  19:01:13,086 IndexDictionaryUtils - Track variant2 doesn't have a sequence dictionary built in, skipping dictionary validation 
WARN  19:01:13,086 IndexDictionaryUtils - Track variant3 doesn't have a sequence dictionary built in, skipping dictionary validation 
WARN  19:01:13,087 IndexDictionaryUtils - Track variant4 doesn't have a sequence dictionary built in, skipping dictionary validation 
WARN  19:01:13,087 IndexDictionaryUtils - Track variant5 doesn't have a sequence dictionary built in, skipping dictionary validation 
INFO  19:01:13,155 GenomeAnalysisEngine - Preparing for traversal 
INFO  19:01:13,156 GenomeAnalysisEngine - Done preparing for traversal 
INFO  19:01:13,156 ProgressMeter - [INITIALIZATION COMPLETE; STARTING PROCESSING] 
INFO  19:01:13,157 ProgressMeter -                 | processed |    time |    per 1M |           |   total | remaining 
INFO  19:01:13,157 ProgressMeter -        Location |     sites | elapsed |     sites | completed | runtime |   runtime 
WARN  19:01:13,464 StrandBiasTest - StrandBiasBySample annotation exists in input VCF header. Attempting to use StrandBiasBySample values to calculate strand bias annotation values. If no sample has the SB genotype annotation, annotation may still fail. 
WARN  19:01:13,464 InbreedingCoeff - Annotation will not be calculated. InbreedingCoeff requires at least 10 unrelated samples. 
WARN  19:01:13,465 StrandBiasTest - StrandBiasBySample annotation exists in input VCF header. Attempting to use StrandBiasBySample values to calculate strand bias annotation values. If no sample has the SB genotype annotation, annotation may still fail. 
INFO  19:01:13,465 GenotypeGVCFs - Notice that the -ploidy parameter is ignored in GenotypeGVCFs tool as this is automatically determined by the input variant files 
WARN  19:01:18,115 HaplotypeScore - Annotation will not be calculated, must be called from UnifiedGenotyper, not org.broadinstitute.gatk.tools.walkers.variantutils.GenotypeGVCFs 
INFO  19:01:43,178 ProgressMeter - scaffold_6:13727901       1.3E7    30.0 s       2.0 s       54.7%    54.0 s      24.0 s 
INFO  19:02:01,574 ProgressMeter -            done   2.5113588E7    48.0 s       1.0 s      100.0%    48.0 s       0.0 s 
INFO  19:02:01,575 ProgressMeter - Total runtime 48.42 secs, 0.81 min, 0.01 hours 
------------------------------------------------------------------------------------------
Done. There were 9 WARN messages, the first 9 are repeated below.
WARN  19:01:13,086 IndexDictionaryUtils - Track variant doesn't have a sequence dictionary built in, skipping dictionary validation 
WARN  19:01:13,086 IndexDictionaryUtils - Track variant2 doesn't have a sequence dictionary built in, skipping dictionary validation 
WARN  19:01:13,086 IndexDictionaryUtils - Track variant3 doesn't have a sequence dictionary built in, skipping dictionary validation 
WARN  19:01:13,087 IndexDictionaryUtils - Track variant4 doesn't have a sequence dictionary built in, skipping dictionary validation 
WARN  19:01:13,087 IndexDictionaryUtils - Track variant5 doesn't have a sequence dictionary built in, skipping dictionary validation 
WARN  19:01:13,464 StrandBiasTest - StrandBiasBySample annotation exists in input VCF header. Attempting to use StrandBiasBySample values to calculate strand bias annotation values. If no sample has the SB genotype annotation, annotation may still fail. 
WARN  19:01:13,464 InbreedingCoeff - Annotation will not be calculated. InbreedingCoeff requires at least 10 unrelated samples. 
WARN  19:01:13,465 StrandBiasTest - StrandBiasBySample annotation exists in input VCF header. Attempting to use StrandBiasBySample values to calculate strand bias annotation values. If no sample has the SB genotype annotation, annotation may still fail. 
WARN  19:01:18,115 HaplotypeScore - Annotation will not be calculated, must be called from UnifiedGenotyper, not org.broadinstitute.gatk.tools.walkers.variantutils.GenotypeGVCFs 
------------------------------------------------------------------------------------------
