Picked up _JAVA_OPTIONS: -Djava.io.tmpdir=/scratch.ssd/vlkofly/job_1807268.cerit-pbs.cerit-sc.cz
INFO  19:19:12,595 HelpFormatter - -------------------------------------------------------------------------------- 
INFO  19:19:12,597 HelpFormatter - The Genome Analysis Toolkit (GATK) v3.7-0-gcfedb67, Compiled 2016/12/12 11:21:18 
INFO  19:19:12,597 HelpFormatter - Copyright (c) 2010-2016 The Broad Institute 
INFO  19:19:12,598 HelpFormatter - For support and documentation go to https://software.broadinstitute.org/gatk 
INFO  19:19:12,598 HelpFormatter - [Thu Dec 10 19:19:12 CET 2020] Executing on Linux 4.19.0-6-amd64 amd64 
INFO  19:19:12,598 HelpFormatter - Java HotSpot(TM) 64-Bit Server VM 1.8.0_60-b27 
INFO  19:19:12,613 HelpFormatter - Program Args: -T SelectVariants -R JIC_reference/alygenomes.fasta -V arenosa.vcf.gz -L lyrata_scaffolds_rest.intervals -o lyrata_scaffolds_restarenosa.bisel.vcf.gz --restrictAllelesTo BIALLELIC -selectType SNP -nt 1 
INFO  19:19:12,629 HelpFormatter - Executing as vlkofly@zenon19.cerit-sc.cz on Linux 4.19.0-6-amd64 amd64; Java HotSpot(TM) 64-Bit Server VM 1.8.0_60-b27. 
INFO  19:19:12,639 HelpFormatter - Date/Time: 2020/12/10 19:19:12 
INFO  19:19:12,639 HelpFormatter - -------------------------------------------------------------------------------- 
INFO  19:19:12,639 HelpFormatter - -------------------------------------------------------------------------------- 
INFO  19:19:12,709 GenomeAnalysisEngine - Strictness is SILENT 
INFO  19:19:13,956 GenomeAnalysisEngine - Downsampling Settings: Method: BY_SAMPLE, Target Coverage: 1000 
##### ERROR ------------------------------------------------------------------------------------------
##### ERROR A USER ERROR has occurred (version 3.7-0-gcfedb67): 
##### ERROR
##### ERROR This means that one or more arguments or inputs in your command are incorrect.
##### ERROR The error message below tells you what is the problem.
##### ERROR
##### ERROR If the problem is an invalid argument, please check the online documentation guide
##### ERROR (or rerun your command with --help) to view allowable command-line arguments for this tool.
##### ERROR
##### ERROR Visit our website and forum for extensive documentation and answers to 
##### ERROR commonly asked questions https://software.broadinstitute.org/gatk
##### ERROR
##### ERROR Please do NOT post this error to the GATK forum unless you have really tried to fix it yourself.
##### ERROR
##### ERROR MESSAGE: Could not read file /scratch.ssd/vlkofly/job_1807268.cerit-pbs.cerit-sc.cz/lyrata_scaffolds_rest.intervals because The interval file does not exist.
##### ERROR ------------------------------------------------------------------------------------------
