Picked up _JAVA_OPTIONS: -Djava.io.tmpdir=/scratch.ssd/vlkofly/job_1807268.cerit-pbs.cerit-sc.cz
INFO  19:20:02,036 HelpFormatter - -------------------------------------------------------------------------------- 
INFO  19:20:02,039 HelpFormatter - The Genome Analysis Toolkit (GATK) v3.7-0-gcfedb67, Compiled 2016/12/12 11:21:18 
INFO  19:20:02,039 HelpFormatter - Copyright (c) 2010-2016 The Broad Institute 
INFO  19:20:02,039 HelpFormatter - For support and documentation go to https://software.broadinstitute.org/gatk 
INFO  19:20:02,039 HelpFormatter - [Thu Dec 10 19:20:01 CET 2020] Executing on Linux 4.19.0-6-amd64 amd64 
INFO  19:20:02,076 HelpFormatter - Java HotSpot(TM) 64-Bit Server VM 1.8.0_60-b27 
INFO  19:20:02,094 HelpFormatter - Program Args: -T SelectVariants -R JIC_reference/alygenomes.fasta -V scaffold_7arenosa.bipassed.vcf.gz -o scaffold_7arenosa.snps.fourfold.vcf.gz -nt 1 -XL Blacklist.Excess.Het.List.Genes.With.5orMore.2PopsMin.AllHet.Sites.GATK.intervals --interval_set_rule INTERSECTION -XL Blacklist_allscaff_ExcSites1.6x_maxRD.GATK.intervals -L four.fold.degenerate.sites.GATK.intervals 
INFO  19:20:02,121 HelpFormatter - Executing as vlkofly@zenon19.cerit-sc.cz on Linux 4.19.0-6-amd64 amd64; Java HotSpot(TM) 64-Bit Server VM 1.8.0_60-b27. 
INFO  19:20:02,122 HelpFormatter - Date/Time: 2020/12/10 19:20:02 
INFO  19:20:02,122 HelpFormatter - -------------------------------------------------------------------------------- 
INFO  19:20:02,122 HelpFormatter - -------------------------------------------------------------------------------- 
INFO  19:20:02,312 GenomeAnalysisEngine - Strictness is SILENT 
INFO  19:20:03,080 GenomeAnalysisEngine - Downsampling Settings: Method: BY_SAMPLE, Target Coverage: 1000 
INFO  19:20:22,041 IntervalUtils - Initial include intervals span 6227428 loci; exclude intervals span 5389771 loci 
INFO  19:20:22,046 IntervalUtils - Excluding 347545 loci from original intervals (5.58% reduction) 
INFO  19:20:22,078 IntervalUtils - Processing 5879883 bp from intervals 
WARN  19:20:22,209 IndexDictionaryUtils - Track variant doesn't have a sequence dictionary built in, skipping dictionary validation 
INFO  19:20:22,368 GenomeAnalysisEngine - Preparing for traversal 
INFO  19:20:23,188 GenomeAnalysisEngine - Done preparing for traversal 
INFO  19:20:23,211 ProgressMeter - [INITIALIZATION COMPLETE; STARTING PROCESSING] 
INFO  19:20:23,211 ProgressMeter -                 | processed |    time |    per 1M |           |   total | remaining 
INFO  19:20:23,212 ProgressMeter -        Location |     sites | elapsed |     sites | completed | runtime |   runtime 
