Picked up _JAVA_OPTIONS: -Djava.io.tmpdir=/scratch.ssd/vlkofly/job_1807268.cerit-pbs.cerit-sc.cz
INFO  19:19:29,516 HelpFormatter - -------------------------------------------------------------------------------- 
INFO  19:19:29,519 HelpFormatter - The Genome Analysis Toolkit (GATK) v3.7-0-gcfedb67, Compiled 2016/12/12 11:21:18 
INFO  19:19:29,545 HelpFormatter - Copyright (c) 2010-2016 The Broad Institute 
INFO  19:19:29,545 HelpFormatter - For support and documentation go to https://software.broadinstitute.org/gatk 
INFO  19:19:29,545 HelpFormatter - [Thu Dec 10 19:19:29 CET 2020] Executing on Linux 4.19.0-6-amd64 amd64 
INFO  19:19:29,546 HelpFormatter - Java HotSpot(TM) 64-Bit Server VM 1.8.0_60-b27 
INFO  19:19:29,553 HelpFormatter - Program Args: -T VariantFiltration -R JIC_reference/alygenomes.fasta -V scaffold_9arenosa.bisel.vcf.gz -o scaffold_9arenosa.bifilt.vcf.gz -filter QD < 2.0 --filterName QD -filter FS > 60.0 --filterName FS -filter MQ < 40.0 --filterName MQ -filter MQRankSum < -12.5 --filterName MQRS -filter ReadPosRankSum < -8.0 --filterName RPRS -filter SOR > 3.0 --filterName SOR -nt 1 
INFO  19:19:29,585 HelpFormatter - Executing as vlkofly@zenon19.cerit-sc.cz on Linux 4.19.0-6-amd64 amd64; Java HotSpot(TM) 64-Bit Server VM 1.8.0_60-b27. 
INFO  19:19:29,649 HelpFormatter - Date/Time: 2020/12/10 19:19:29 
INFO  19:19:29,650 HelpFormatter - -------------------------------------------------------------------------------- 
INFO  19:19:29,650 HelpFormatter - -------------------------------------------------------------------------------- 
INFO  19:19:29,757 GenomeAnalysisEngine - Strictness is SILENT 
INFO  19:19:30,530 GenomeAnalysisEngine - Downsampling Settings: Method: BY_SAMPLE, Target Coverage: 1000 
WARN  19:19:30,714 IndexDictionaryUtils - Track variant doesn't have a sequence dictionary built in, skipping dictionary validation 
INFO  19:19:31,482 GenomeAnalysisEngine - Preparing for traversal 
INFO  19:19:31,486 GenomeAnalysisEngine - Done preparing for traversal 
INFO  19:19:31,486 ProgressMeter - [INITIALIZATION COMPLETE; STARTING PROCESSING] 
INFO  19:19:31,487 ProgressMeter -                 | processed |    time |    per 1M |           |   total | remaining 
INFO  19:19:31,487 ProgressMeter -        Location |     sites | elapsed |     sites | completed | runtime |   runtime 
WARN  19:19:32,487 Interpreter - ![0,9]: 'MQRankSum < -12.5;' undefined variable MQRankSum 
WARN  19:19:32,503 Interpreter - ![0,14]: 'ReadPosRankSum < -8.0;' undefined variable ReadPosRankSum 
WARN  19:19:32,531 Interpreter - ![0,9]: 'MQRankSum < -12.5;' undefined variable MQRankSum 
WARN  19:19:32,532 Interpreter - ![0,14]: 'ReadPosRankSum < -8.0;' undefined variable ReadPosRankSum 
WARN  19:19:32,543 Interpreter - ![0,9]: 'MQRankSum < -12.5;' undefined variable MQRankSum 
WARN  19:19:32,544 Interpreter - ![0,14]: 'ReadPosRankSum < -8.0;' undefined variable ReadPosRankSum 
WARN  19:19:32,545 Interpreter - ![0,9]: 'MQRankSum < -12.5;' undefined variable MQRankSum 
WARN  19:19:32,545 Interpreter - ![0,14]: 'ReadPosRankSum < -8.0;' undefined variable ReadPosRankSum 
WARN  19:19:32,546 Interpreter - ![0,9]: 'MQRankSum < -12.5;' undefined variable MQRankSum 
WARN  19:19:32,546 Interpreter - ![0,14]: 'ReadPosRankSum < -8.0;' undefined variable ReadPosRankSum 
WARN  19:19:32,560 Interpreter - ![0,9]: 'MQRankSum < -12.5;' undefined variable MQRankSum 
WARN  19:19:32,561 Interpreter - ![0,14]: 'ReadPosRankSum < -8.0;' undefined variable ReadPosRankSum 
WARN  19:19:32,561 Interpreter - ![0,9]: 'MQRankSum < -12.5;' undefined variable MQRankSum 
WARN  19:19:32,561 Interpreter - ![0,14]: 'ReadPosRankSum < -8.0;' undefined variable ReadPosRankSum 
WARN  19:19:32,562 Interpreter - ![0,9]: 'MQRankSum < -12.5;' undefined variable MQRankSum 
WARN  19:19:32,579 Interpreter - ![0,14]: 'ReadPosRankSum < -8.0;' undefined variable ReadPosRankSum 
WARN  19:19:32,720 Interpreter - ![0,9]: 'MQRankSum < -12.5;' undefined variable MQRankSum 
WARN  19:19:32,721 Interpreter - ![0,14]: 'ReadPosRankSum < -8.0;' undefined variable ReadPosRankSum 
WARN  19:19:32,721 Interpreter - ![0,9]: 'MQRankSum < -12.5;' undefined variable MQRankSum 
WARN  19:19:32,721 Interpreter - ![0,14]: 'ReadPosRankSum < -8.0;' undefined variable ReadPosRankSum 
WARN  19:19:32,730 Interpreter - ![0,9]: 'MQRankSum < -12.5;' undefined variable MQRankSum 
WARN  19:19:32,744 Interpreter - ![0,14]: 'ReadPosRankSum < -8.0;' undefined variable ReadPosRankSum 
WARN  19:19:32,763 Interpreter - ![0,9]: 'MQRankSum < -12.5;' undefined variable MQRankSum 
WARN  19:19:32,763 Interpreter - ![0,14]: 'ReadPosRankSum < -8.0;' undefined variable ReadPosRankSum 
WARN  19:19:32,764 Interpreter - ![0,9]: 'MQRankSum < -12.5;' undefined variable MQRankSum 
WARN  19:19:32,764 Interpreter - ![0,14]: 'ReadPosRankSum < -8.0;' undefined variable ReadPosRankSum 
WARN  19:19:32,764 Interpreter - ![0,9]: 'MQRankSum < -12.5;' undefined variable MQRankSum 
WARN  19:19:32,765 Interpreter - ![0,14]: 'ReadPosRankSum < -8.0;' undefined variable ReadPosRankSum 
WARN  19:19:32,765 Interpreter - ![0,9]: 'MQRankSum < -12.5;' undefined variable MQRankSum 
WARN  19:19:32,765 Interpreter - ![0,14]: 'ReadPosRankSum < -8.0;' undefined variable ReadPosRankSum 
WARN  19:19:32,766 Interpreter - ![0,9]: 'MQRankSum < -12.5;' undefined variable MQRankSum 
WARN  19:19:32,766 Interpreter - ![0,14]: 'ReadPosRankSum < -8.0;' undefined variable ReadPosRankSum 
WARN  19:19:32,769 Interpreter - ![0,9]: 'MQRankSum < -12.5;' undefined variable MQRankSum 
WARN  19:19:32,769 Interpreter - ![0,14]: 'ReadPosRankSum < -8.0;' undefined variable ReadPosRankSum 
WARN  19:19:32,770 Interpreter - ![0,9]: 'MQRankSum < -12.5;' undefined variable MQRankSum 
WARN  19:19:32,770 Interpreter - ![0,14]: 'ReadPosRankSum < -8.0;' undefined variable ReadPosRankSum 
INFO  19:19:32,795 ProgressMeter -            done        20.0     1.0 s      18.2 h       94.6%     1.0 s       0.0 s 
INFO  19:19:32,795 ProgressMeter - Total runtime 1.31 secs, 0.02 min, 0.00 hours 
------------------------------------------------------------------------------------------
Done. There were 1 WARN messages, the first 1 are repeated below.
WARN  19:19:30,714 IndexDictionaryUtils - Track variant doesn't have a sequence dictionary built in, skipping dictionary validation 
------------------------------------------------------------------------------------------
