Picked up _JAVA_OPTIONS: -Djava.io.tmpdir=/scratch.ssd/vlkofly/job_1807268.cerit-pbs.cerit-sc.cz
INFO  19:19:31,183 HelpFormatter - -------------------------------------------------------------------------------- 
INFO  19:19:31,196 HelpFormatter - The Genome Analysis Toolkit (GATK) v3.7-0-gcfedb67, Compiled 2016/12/12 11:21:18 
INFO  19:19:31,196 HelpFormatter - Copyright (c) 2010-2016 The Broad Institute 
INFO  19:19:31,196 HelpFormatter - For support and documentation go to https://software.broadinstitute.org/gatk 
INFO  19:19:31,197 HelpFormatter - [Thu Dec 10 19:19:31 CET 2020] Executing on Linux 4.19.0-6-amd64 amd64 
INFO  19:19:31,197 HelpFormatter - Java HotSpot(TM) 64-Bit Server VM 1.8.0_60-b27 
INFO  19:19:31,200 HelpFormatter - Program Args: -T VariantFiltration -R JIC_reference/alygenomes.fasta -V scaffold_2arenosa.bisel.vcf.gz -o scaffold_2arenosa.bifilt.vcf.gz -filter QD < 2.0 --filterName QD -filter FS > 60.0 --filterName FS -filter MQ < 40.0 --filterName MQ -filter MQRankSum < -12.5 --filterName MQRS -filter ReadPosRankSum < -8.0 --filterName RPRS -filter SOR > 3.0 --filterName SOR -nt 1 
INFO  19:19:31,261 HelpFormatter - Executing as vlkofly@zenon19.cerit-sc.cz on Linux 4.19.0-6-amd64 amd64; Java HotSpot(TM) 64-Bit Server VM 1.8.0_60-b27. 
INFO  19:19:31,287 HelpFormatter - Date/Time: 2020/12/10 19:19:31 
INFO  19:19:31,287 HelpFormatter - -------------------------------------------------------------------------------- 
INFO  19:19:31,287 HelpFormatter - -------------------------------------------------------------------------------- 
INFO  19:19:31,468 GenomeAnalysisEngine - Strictness is SILENT 
INFO  19:19:32,732 GenomeAnalysisEngine - Downsampling Settings: Method: BY_SAMPLE, Target Coverage: 1000 
WARN  19:19:33,110 IndexDictionaryUtils - Track variant doesn't have a sequence dictionary built in, skipping dictionary validation 
INFO  19:19:33,490 GenomeAnalysisEngine - Preparing for traversal 
INFO  19:19:33,496 GenomeAnalysisEngine - Done preparing for traversal 
INFO  19:19:33,496 ProgressMeter - [INITIALIZATION COMPLETE; STARTING PROCESSING] 
INFO  19:19:33,497 ProgressMeter -                 | processed |    time |    per 1M |           |   total | remaining 
INFO  19:19:33,497 ProgressMeter -        Location |     sites | elapsed |     sites | completed | runtime |   runtime 
WARN  19:19:33,755 Interpreter - ![0,9]: 'MQRankSum < -12.5;' undefined variable MQRankSum 
WARN  19:19:33,757 Interpreter - ![0,14]: 'ReadPosRankSum < -8.0;' undefined variable ReadPosRankSum 
WARN  19:19:33,763 Interpreter - ![0,9]: 'MQRankSum < -12.5;' undefined variable MQRankSum 
WARN  19:19:33,763 Interpreter - ![0,14]: 'ReadPosRankSum < -8.0;' undefined variable ReadPosRankSum 
WARN  19:19:33,765 Interpreter - ![0,9]: 'MQRankSum < -12.5;' undefined variable MQRankSum 
WARN  19:19:33,765 Interpreter - ![0,14]: 'ReadPosRankSum < -8.0;' undefined variable ReadPosRankSum 
WARN  19:19:33,766 Interpreter - ![0,9]: 'MQRankSum < -12.5;' undefined variable MQRankSum 
WARN  19:19:33,767 Interpreter - ![0,14]: 'ReadPosRankSum < -8.0;' undefined variable ReadPosRankSum 
WARN  19:19:33,767 Interpreter - ![0,9]: 'MQRankSum < -12.5;' undefined variable MQRankSum 
WARN  19:19:33,767 Interpreter - ![0,14]: 'ReadPosRankSum < -8.0;' undefined variable ReadPosRankSum 
WARN  19:19:33,768 Interpreter - ![0,9]: 'MQRankSum < -12.5;' undefined variable MQRankSum 
WARN  19:19:33,768 Interpreter - ![0,14]: 'ReadPosRankSum < -8.0;' undefined variable ReadPosRankSum 
WARN  19:19:33,769 Interpreter - ![0,9]: 'MQRankSum < -12.5;' undefined variable MQRankSum 
WARN  19:19:33,769 Interpreter - ![0,14]: 'ReadPosRankSum < -8.0;' undefined variable ReadPosRankSum 
WARN  19:19:33,770 Interpreter - ![0,9]: 'MQRankSum < -12.5;' undefined variable MQRankSum 
WARN  19:19:33,770 Interpreter - ![0,14]: 'ReadPosRankSum < -8.0;' undefined variable ReadPosRankSum 
WARN  19:19:33,771 Interpreter - ![0,9]: 'MQRankSum < -12.5;' undefined variable MQRankSum 
WARN  19:19:33,771 Interpreter - ![0,14]: 'ReadPosRankSum < -8.0;' undefined variable ReadPosRankSum 
WARN  19:19:33,772 Interpreter - ![0,9]: 'MQRankSum < -12.5;' undefined variable MQRankSum 
WARN  19:19:33,772 Interpreter - ![0,14]: 'ReadPosRankSum < -8.0;' undefined variable ReadPosRankSum 
WARN  19:19:33,773 Interpreter - ![0,9]: 'MQRankSum < -12.5;' undefined variable MQRankSum 
WARN  19:19:33,774 Interpreter - ![0,14]: 'ReadPosRankSum < -8.0;' undefined variable ReadPosRankSum 
WARN  19:19:33,774 Interpreter - ![0,9]: 'MQRankSum < -12.5;' undefined variable MQRankSum 
WARN  19:19:33,774 Interpreter - ![0,14]: 'ReadPosRankSum < -8.0;' undefined variable ReadPosRankSum 
WARN  19:19:33,775 Interpreter - ![0,9]: 'MQRankSum < -12.5;' undefined variable MQRankSum 
WARN  19:19:33,775 Interpreter - ![0,14]: 'ReadPosRankSum < -8.0;' undefined variable ReadPosRankSum 
WARN  19:19:33,776 Interpreter - ![0,9]: 'MQRankSum < -12.5;' undefined variable MQRankSum 
WARN  19:19:33,776 Interpreter - ![0,14]: 'ReadPosRankSum < -8.0;' undefined variable ReadPosRankSum 
WARN  19:19:33,777 Interpreter - ![0,9]: 'MQRankSum < -12.5;' undefined variable MQRankSum 
WARN  19:19:33,777 Interpreter - ![0,14]: 'ReadPosRankSum < -8.0;' undefined variable ReadPosRankSum 
WARN  19:19:33,778 Interpreter - ![0,9]: 'MQRankSum < -12.5;' undefined variable MQRankSum 
WARN  19:19:33,778 Interpreter - ![0,14]: 'ReadPosRankSum < -8.0;' undefined variable ReadPosRankSum 
WARN  19:19:33,778 Interpreter - ![0,9]: 'MQRankSum < -12.5;' undefined variable MQRankSum 
WARN  19:19:33,779 Interpreter - ![0,14]: 'ReadPosRankSum < -8.0;' undefined variable ReadPosRankSum 
WARN  19:19:33,779 Interpreter - ![0,9]: 'MQRankSum < -12.5;' undefined variable MQRankSum 
WARN  19:19:33,780 Interpreter - ![0,14]: 'ReadPosRankSum < -8.0;' undefined variable ReadPosRankSum 
WARN  19:19:33,780 Interpreter - ![0,9]: 'MQRankSum < -12.5;' undefined variable MQRankSum 
WARN  19:19:33,780 Interpreter - ![0,14]: 'ReadPosRankSum < -8.0;' undefined variable ReadPosRankSum 
WARN  19:19:33,781 Interpreter - ![0,9]: 'MQRankSum < -12.5;' undefined variable MQRankSum 
WARN  19:19:33,781 Interpreter - ![0,14]: 'ReadPosRankSum < -8.0;' undefined variable ReadPosRankSum 
WARN  19:19:33,782 Interpreter - ![0,9]: 'MQRankSum < -12.5;' undefined variable MQRankSum 
WARN  19:19:33,782 Interpreter - ![0,14]: 'ReadPosRankSum < -8.0;' undefined variable ReadPosRankSum 
WARN  19:19:33,783 Interpreter - ![0,9]: 'MQRankSum < -12.5;' undefined variable MQRankSum 
WARN  19:19:33,783 Interpreter - ![0,14]: 'ReadPosRankSum < -8.0;' undefined variable ReadPosRankSum 
WARN  19:19:33,784 Interpreter - ![0,9]: 'MQRankSum < -12.5;' undefined variable MQRankSum 
WARN  19:19:33,784 Interpreter - ![0,14]: 'ReadPosRankSum < -8.0;' undefined variable ReadPosRankSum 
WARN  19:19:33,785 Interpreter - ![0,9]: 'MQRankSum < -12.5;' undefined variable MQRankSum 
WARN  19:19:33,785 Interpreter - ![0,14]: 'ReadPosRankSum < -8.0;' undefined variable ReadPosRankSum 
WARN  19:19:33,785 Interpreter - ![0,9]: 'MQRankSum < -12.5;' undefined variable MQRankSum 
WARN  19:19:33,786 Interpreter - ![0,14]: 'ReadPosRankSum < -8.0;' undefined variable ReadPosRankSum 
WARN  19:19:33,786 Interpreter - ![0,9]: 'MQRankSum < -12.5;' undefined variable MQRankSum 
WARN  19:19:33,786 Interpreter - ![0,14]: 'ReadPosRankSum < -8.0;' undefined variable ReadPosRankSum 
WARN  19:19:33,787 Interpreter - ![0,9]: 'MQRankSum < -12.5;' undefined variable MQRankSum 
WARN  19:19:33,787 Interpreter - ![0,14]: 'ReadPosRankSum < -8.0;' undefined variable ReadPosRankSum 
WARN  19:19:33,788 Interpreter - ![0,9]: 'MQRankSum < -12.5;' undefined variable MQRankSum 
WARN  19:19:33,788 Interpreter - ![0,14]: 'ReadPosRankSum < -8.0;' undefined variable ReadPosRankSum 
WARN  19:19:33,789 Interpreter - ![0,9]: 'MQRankSum < -12.5;' undefined variable MQRankSum 
WARN  19:19:33,789 Interpreter - ![0,14]: 'ReadPosRankSum < -8.0;' undefined variable ReadPosRankSum 
WARN  19:19:33,793 Interpreter - ![0,9]: 'MQRankSum < -12.5;' undefined variable MQRankSum 
WARN  19:19:33,793 Interpreter - ![0,14]: 'ReadPosRankSum < -8.0;' undefined variable ReadPosRankSum 
WARN  19:19:33,794 Interpreter - ![0,9]: 'MQRankSum < -12.5;' undefined variable MQRankSum 
WARN  19:19:33,794 Interpreter - ![0,14]: 'ReadPosRankSum < -8.0;' undefined variable ReadPosRankSum 
WARN  19:19:33,795 Interpreter - ![0,9]: 'MQRankSum < -12.5;' undefined variable MQRankSum 
WARN  19:19:33,795 Interpreter - ![0,14]: 'ReadPosRankSum < -8.0;' undefined variable ReadPosRankSum 
WARN  19:19:33,795 Interpreter - ![0,9]: 'MQRankSum < -12.5;' undefined variable MQRankSum 
WARN  19:19:33,796 Interpreter - ![0,14]: 'ReadPosRankSum < -8.0;' undefined variable ReadPosRankSum 
WARN  19:19:33,796 Interpreter - ![0,9]: 'MQRankSum < -12.5;' undefined variable MQRankSum 
WARN  19:19:33,797 Interpreter - ![0,14]: 'ReadPosRankSum < -8.0;' undefined variable ReadPosRankSum 
WARN  19:19:33,797 Interpreter - ![0,9]: 'MQRankSum < -12.5;' undefined variable MQRankSum 
WARN  19:19:33,797 Interpreter - ![0,14]: 'ReadPosRankSum < -8.0;' undefined variable ReadPosRankSum 
WARN  19:19:33,798 Interpreter - ![0,9]: 'MQRankSum < -12.5;' undefined variable MQRankSum 
WARN  19:19:33,798 Interpreter - ![0,14]: 'ReadPosRankSum < -8.0;' undefined variable ReadPosRankSum 
WARN  19:19:33,802 Interpreter - ![0,9]: 'MQRankSum < -12.5;' undefined variable MQRankSum 
WARN  19:19:33,802 Interpreter - ![0,14]: 'ReadPosRankSum < -8.0;' undefined variable ReadPosRankSum 
WARN  19:19:33,803 Interpreter - ![0,9]: 'MQRankSum < -12.5;' undefined variable MQRankSum 
WARN  19:19:33,803 Interpreter - ![0,14]: 'ReadPosRankSum < -8.0;' undefined variable ReadPosRankSum 
WARN  19:19:33,803 Interpreter - ![0,9]: 'MQRankSum < -12.5;' undefined variable MQRankSum 
WARN  19:19:33,804 Interpreter - ![0,14]: 'ReadPosRankSum < -8.0;' undefined variable ReadPosRankSum 
WARN  19:19:33,804 Interpreter - ![0,9]: 'MQRankSum < -12.5;' undefined variable MQRankSum 
WARN  19:19:33,804 Interpreter - ![0,14]: 'ReadPosRankSum < -8.0;' undefined variable ReadPosRankSum 
WARN  19:19:33,808 Interpreter - ![0,9]: 'MQRankSum < -12.5;' undefined variable MQRankSum 
WARN  19:19:33,808 Interpreter - ![0,14]: 'ReadPosRankSum < -8.0;' undefined variable ReadPosRankSum 
WARN  19:19:33,812 Interpreter - ![0,9]: 'MQRankSum < -12.5;' undefined variable MQRankSum 
WARN  19:19:33,812 Interpreter - ![0,14]: 'ReadPosRankSum < -8.0;' undefined variable ReadPosRankSum 
WARN  19:19:33,813 Interpreter - ![0,9]: 'MQRankSum < -12.5;' undefined variable MQRankSum 
WARN  19:19:33,813 Interpreter - ![0,14]: 'ReadPosRankSum < -8.0;' undefined variable ReadPosRankSum 
WARN  19:19:33,821 Interpreter - ![0,9]: 'MQRankSum < -12.5;' undefined variable MQRankSum 
WARN  19:19:33,821 Interpreter - ![0,14]: 'ReadPosRankSum < -8.0;' undefined variable ReadPosRankSum 
WARN  19:19:33,822 Interpreter - ![0,9]: 'MQRankSum < -12.5;' undefined variable MQRankSum 
WARN  19:19:33,822 Interpreter - ![0,14]: 'ReadPosRankSum < -8.0;' undefined variable ReadPosRankSum 
WARN  19:19:33,823 Interpreter - ![0,9]: 'MQRankSum < -12.5;' undefined variable MQRankSum 
WARN  19:19:33,823 Interpreter - ![0,14]: 'ReadPosRankSum < -8.0;' undefined variable ReadPosRankSum 
WARN  19:19:33,823 Interpreter - ![0,9]: 'MQRankSum < -12.5;' undefined variable MQRankSum 
WARN  19:19:33,824 Interpreter - ![0,14]: 'ReadPosRankSum < -8.0;' undefined variable ReadPosRankSum 
WARN  19:19:33,824 Interpreter - ![0,9]: 'MQRankSum < -12.5;' undefined variable MQRankSum 
WARN  19:19:33,824 Interpreter - ![0,14]: 'ReadPosRankSum < -8.0;' undefined variable ReadPosRankSum 
WARN  19:19:33,825 Interpreter - ![0,9]: 'MQRankSum < -12.5;' undefined variable MQRankSum 
WARN  19:19:33,825 Interpreter - ![0,14]: 'ReadPosRankSum < -8.0;' undefined variable ReadPosRankSum 
WARN  19:19:33,825 Interpreter - ![0,9]: 'MQRankSum < -12.5;' undefined variable MQRankSum 
WARN  19:19:33,826 Interpreter - ![0,14]: 'ReadPosRankSum < -8.0;' undefined variable ReadPosRankSum 
WARN  19:19:33,829 Interpreter - ![0,9]: 'MQRankSum < -12.5;' undefined variable MQRankSum 
WARN  19:19:33,829 Interpreter - ![0,14]: 'ReadPosRankSum < -8.0;' undefined variable ReadPosRankSum 
WARN  19:19:33,830 Interpreter - ![0,9]: 'MQRankSum < -12.5;' undefined variable MQRankSum 
WARN  19:19:33,831 Interpreter - ![0,14]: 'ReadPosRankSum < -8.0;' undefined variable ReadPosRankSum 
WARN  19:19:33,833 Interpreter - ![0,9]: 'MQRankSum < -12.5;' undefined variable MQRankSum 
WARN  19:19:33,834 Interpreter - ![0,14]: 'ReadPosRankSum < -8.0;' undefined variable ReadPosRankSum 
WARN  19:19:33,834 Interpreter - ![0,9]: 'MQRankSum < -12.5;' undefined variable MQRankSum 
WARN  19:19:33,835 Interpreter - ![0,14]: 'ReadPosRankSum < -8.0;' undefined variable ReadPosRankSum 
WARN  19:19:33,838 Interpreter - ![0,9]: 'MQRankSum < -12.5;' undefined variable MQRankSum 
WARN  19:19:33,841 Interpreter - ![0,14]: 'ReadPosRankSum < -8.0;' undefined variable ReadPosRankSum 
WARN  19:19:33,844 Interpreter - ![0,9]: 'MQRankSum < -12.5;' undefined variable MQRankSum 
WARN  19:19:33,844 Interpreter - ![0,14]: 'ReadPosRankSum < -8.0;' undefined variable ReadPosRankSum 
WARN  19:19:33,845 Interpreter - ![0,9]: 'MQRankSum < -12.5;' undefined variable MQRankSum 
WARN  19:19:33,845 Interpreter - ![0,14]: 'ReadPosRankSum < -8.0;' undefined variable ReadPosRankSum 
WARN  19:19:33,845 Interpreter - ![0,9]: 'MQRankSum < -12.5;' undefined variable MQRankSum 
WARN  19:19:33,845 Interpreter - ![0,14]: 'ReadPosRankSum < -8.0;' undefined variable ReadPosRankSum 
WARN  19:19:33,910 Interpreter - ![0,9]: 'MQRankSum < -12.5;' undefined variable MQRankSum 
WARN  19:19:33,910 Interpreter - ![0,14]: 'ReadPosRankSum < -8.0;' undefined variable ReadPosRankSum 
WARN  19:19:33,911 Interpreter - ![0,9]: 'MQRankSum < -12.5;' undefined variable MQRankSum 
WARN  19:19:33,911 Interpreter - ![0,14]: 'ReadPosRankSum < -8.0;' undefined variable ReadPosRankSum 
WARN  19:19:33,911 Interpreter - ![0,9]: 'MQRankSum < -12.5;' undefined variable MQRankSum 
WARN  19:19:33,911 Interpreter - ![0,14]: 'ReadPosRankSum < -8.0;' undefined variable ReadPosRankSum 
WARN  19:19:33,912 Interpreter - ![0,9]: 'MQRankSum < -12.5;' undefined variable MQRankSum 
WARN  19:19:33,912 Interpreter - ![0,14]: 'ReadPosRankSum < -8.0;' undefined variable ReadPosRankSum 
WARN  19:19:33,912 Interpreter - ![0,9]: 'MQRankSum < -12.5;' undefined variable MQRankSum 
WARN  19:19:33,912 Interpreter - ![0,14]: 'ReadPosRankSum < -8.0;' undefined variable ReadPosRankSum 
WARN  19:19:33,913 Interpreter - ![0,9]: 'MQRankSum < -12.5;' undefined variable MQRankSum 
WARN  19:19:33,913 Interpreter - ![0,14]: 'ReadPosRankSum < -8.0;' undefined variable ReadPosRankSum 
WARN  19:19:33,914 Interpreter - ![0,9]: 'MQRankSum < -12.5;' undefined variable MQRankSum 
WARN  19:19:33,914 Interpreter - ![0,14]: 'ReadPosRankSum < -8.0;' undefined variable ReadPosRankSum 
WARN  19:19:33,917 Interpreter - ![0,9]: 'MQRankSum < -12.5;' undefined variable MQRankSum 
WARN  19:19:33,917 Interpreter - ![0,14]: 'ReadPosRankSum < -8.0;' undefined variable ReadPosRankSum 
WARN  19:19:33,918 Interpreter - ![0,9]: 'MQRankSum < -12.5;' undefined variable MQRankSum 
WARN  19:19:33,918 Interpreter - ![0,14]: 'ReadPosRankSum < -8.0;' undefined variable ReadPosRankSum 
WARN  19:19:33,918 Interpreter - ![0,9]: 'MQRankSum < -12.5;' undefined variable MQRankSum 
WARN  19:19:33,918 Interpreter - ![0,14]: 'ReadPosRankSum < -8.0;' undefined variable ReadPosRankSum 
INFO  19:19:33,930 ProgressMeter -            done        68.0     0.0 s     106.2 m       25.2%     0.0 s       0.0 s 
INFO  19:19:33,931 ProgressMeter - Total runtime 0.43 secs, 0.01 min, 0.00 hours 
------------------------------------------------------------------------------------------
Done. There were 1 WARN messages, the first 1 are repeated below.
WARN  19:19:33,110 IndexDictionaryUtils - Track variant doesn't have a sequence dictionary built in, skipping dictionary validation 
------------------------------------------------------------------------------------------
