Picked up _JAVA_OPTIONS: -Djava.io.tmpdir=/scratch.ssd/vlkofly/job_1807268.cerit-pbs.cerit-sc.cz
INFO  19:19:45,774 HelpFormatter - -------------------------------------------------------------------------------- 
INFO  19:19:45,777 HelpFormatter - The Genome Analysis Toolkit (GATK) v3.7-0-gcfedb67, Compiled 2016/12/12 11:21:18 
INFO  19:19:45,783 HelpFormatter - Copyright (c) 2010-2016 The Broad Institute 
INFO  19:19:45,784 HelpFormatter - For support and documentation go to https://software.broadinstitute.org/gatk 
INFO  19:19:45,784 HelpFormatter - [Thu Dec 10 19:19:45 CET 2020] Executing on Linux 4.19.0-6-amd64 amd64 
INFO  19:19:45,784 HelpFormatter - Java HotSpot(TM) 64-Bit Server VM 1.8.0_60-b27 
INFO  19:19:45,797 HelpFormatter - Program Args: -T SelectVariants -R JIC_reference/alygenomes.fasta -V scaffold_2arenosa.bifilt.vcf.gz -o scaffold_2arenosa.bipassed.vcf.gz --excludeFiltered -nt 1 
INFO  19:19:45,819 HelpFormatter - Executing as vlkofly@zenon19.cerit-sc.cz on Linux 4.19.0-6-amd64 amd64; Java HotSpot(TM) 64-Bit Server VM 1.8.0_60-b27. 
INFO  19:19:45,820 HelpFormatter - Date/Time: 2020/12/10 19:19:45 
INFO  19:19:45,820 HelpFormatter - -------------------------------------------------------------------------------- 
INFO  19:19:45,820 HelpFormatter - -------------------------------------------------------------------------------- 
INFO  19:19:45,969 GenomeAnalysisEngine - Strictness is SILENT 
INFO  19:19:46,947 GenomeAnalysisEngine - Downsampling Settings: Method: BY_SAMPLE, Target Coverage: 1000 
WARN  19:19:47,075 IndexDictionaryUtils - Track variant doesn't have a sequence dictionary built in, skipping dictionary validation 
INFO  19:19:47,354 GenomeAnalysisEngine - Preparing for traversal 
INFO  19:19:47,377 GenomeAnalysisEngine - Done preparing for traversal 
INFO  19:19:47,378 ProgressMeter - [INITIALIZATION COMPLETE; STARTING PROCESSING] 
INFO  19:19:47,378 ProgressMeter -                 | processed |    time |    per 1M |           |   total | remaining 
INFO  19:19:47,378 ProgressMeter -        Location |     sites | elapsed |     sites | completed | runtime |   runtime 
INFO  19:19:48,083 SelectVariants - 68 records processed. 
INFO  19:19:48,133 ProgressMeter -            done        68.0     0.0 s       3.1 h       25.2%     0.0 s       0.0 s 
INFO  19:19:48,135 ProgressMeter - Total runtime 0.76 secs, 0.01 min, 0.00 hours 
------------------------------------------------------------------------------------------
Done. There were 1 WARN messages, the first 1 are repeated below.
WARN  19:19:47,075 IndexDictionaryUtils - Track variant doesn't have a sequence dictionary built in, skipping dictionary validation 
------------------------------------------------------------------------------------------
