Picked up _JAVA_OPTIONS: -Djava.io.tmpdir=/scratch.ssd/vlkofly/job_1807268.cerit-pbs.cerit-sc.cz
INFO  19:19:32,619 HelpFormatter - -------------------------------------------------------------------------------- 
INFO  19:19:32,641 HelpFormatter - The Genome Analysis Toolkit (GATK) v3.7-0-gcfedb67, Compiled 2016/12/12 11:21:18 
INFO  19:19:32,649 HelpFormatter - Copyright (c) 2010-2016 The Broad Institute 
INFO  19:19:32,650 HelpFormatter - For support and documentation go to https://software.broadinstitute.org/gatk 
INFO  19:19:32,650 HelpFormatter - [Thu Dec 10 19:19:32 CET 2020] Executing on Linux 4.19.0-6-amd64 amd64 
INFO  19:19:32,650 HelpFormatter - Java HotSpot(TM) 64-Bit Server VM 1.8.0_60-b27 
INFO  19:19:32,673 HelpFormatter - Program Args: -T VariantFiltration -R JIC_reference/alygenomes.fasta -V scaffold_7arenosa.bisel.vcf.gz -o scaffold_7arenosa.bifilt.vcf.gz -filter QD < 2.0 --filterName QD -filter FS > 60.0 --filterName FS -filter MQ < 40.0 --filterName MQ -filter MQRankSum < -12.5 --filterName MQRS -filter ReadPosRankSum < -8.0 --filterName RPRS -filter SOR > 3.0 --filterName SOR -nt 1 
INFO  19:19:32,715 HelpFormatter - Executing as vlkofly@zenon19.cerit-sc.cz on Linux 4.19.0-6-amd64 amd64; Java HotSpot(TM) 64-Bit Server VM 1.8.0_60-b27. 
INFO  19:19:32,716 HelpFormatter - Date/Time: 2020/12/10 19:19:32 
INFO  19:19:32,716 HelpFormatter - -------------------------------------------------------------------------------- 
INFO  19:19:32,716 HelpFormatter - -------------------------------------------------------------------------------- 
INFO  19:19:32,818 GenomeAnalysisEngine - Strictness is SILENT 
INFO  19:19:33,241 GenomeAnalysisEngine - Downsampling Settings: Method: BY_SAMPLE, Target Coverage: 1000 
WARN  19:19:33,380 IndexDictionaryUtils - Track variant doesn't have a sequence dictionary built in, skipping dictionary validation 
INFO  19:19:33,703 GenomeAnalysisEngine - Preparing for traversal 
INFO  19:19:33,709 GenomeAnalysisEngine - Done preparing for traversal 
INFO  19:19:33,710 ProgressMeter - [INITIALIZATION COMPLETE; STARTING PROCESSING] 
INFO  19:19:33,710 ProgressMeter -                 | processed |    time |    per 1M |           |   total | remaining 
INFO  19:19:33,710 ProgressMeter -        Location |     sites | elapsed |     sites | completed | runtime |   runtime 
WARN  19:19:33,968 Interpreter - ![0,9]: 'MQRankSum < -12.5;' undefined variable MQRankSum 
WARN  19:19:33,969 Interpreter - ![0,14]: 'ReadPosRankSum < -8.0;' undefined variable ReadPosRankSum 
WARN  19:19:33,975 Interpreter - ![0,9]: 'MQRankSum < -12.5;' undefined variable MQRankSum 
WARN  19:19:33,976 Interpreter - ![0,14]: 'ReadPosRankSum < -8.0;' undefined variable ReadPosRankSum 
WARN  19:19:33,977 Interpreter - ![0,9]: 'MQRankSum < -12.5;' undefined variable MQRankSum 
WARN  19:19:33,977 Interpreter - ![0,14]: 'ReadPosRankSum < -8.0;' undefined variable ReadPosRankSum 
WARN  19:19:33,978 Interpreter - ![0,9]: 'MQRankSum < -12.5;' undefined variable MQRankSum 
WARN  19:19:33,978 Interpreter - ![0,14]: 'ReadPosRankSum < -8.0;' undefined variable ReadPosRankSum 
WARN  19:19:33,987 Interpreter - ![0,9]: 'MQRankSum < -12.5;' undefined variable MQRankSum 
WARN  19:19:33,988 Interpreter - ![0,14]: 'ReadPosRankSum < -8.0;' undefined variable ReadPosRankSum 
WARN  19:19:33,988 Interpreter - ![0,9]: 'MQRankSum < -12.5;' undefined variable MQRankSum 
WARN  19:19:33,989 Interpreter - ![0,14]: 'ReadPosRankSum < -8.0;' undefined variable ReadPosRankSum 
WARN  19:19:33,989 Interpreter - ![0,9]: 'MQRankSum < -12.5;' undefined variable MQRankSum 
WARN  19:19:33,989 Interpreter - ![0,14]: 'ReadPosRankSum < -8.0;' undefined variable ReadPosRankSum 
WARN  19:19:33,990 Interpreter - ![0,9]: 'MQRankSum < -12.5;' undefined variable MQRankSum 
WARN  19:19:33,990 Interpreter - ![0,14]: 'ReadPosRankSum < -8.0;' undefined variable ReadPosRankSum 
WARN  19:19:33,994 Interpreter - ![0,9]: 'MQRankSum < -12.5;' undefined variable MQRankSum 
WARN  19:19:33,994 Interpreter - ![0,14]: 'ReadPosRankSum < -8.0;' undefined variable ReadPosRankSum 
WARN  19:19:33,995 Interpreter - ![0,9]: 'MQRankSum < -12.5;' undefined variable MQRankSum 
WARN  19:19:33,995 Interpreter - ![0,14]: 'ReadPosRankSum < -8.0;' undefined variable ReadPosRankSum 
WARN  19:19:33,999 Interpreter - ![0,9]: 'MQRankSum < -12.5;' undefined variable MQRankSum 
WARN  19:19:34,000 Interpreter - ![0,14]: 'ReadPosRankSum < -8.0;' undefined variable ReadPosRankSum 
WARN  19:19:34,001 Interpreter - ![0,9]: 'MQRankSum < -12.5;' undefined variable MQRankSum 
WARN  19:19:34,001 Interpreter - ![0,14]: 'ReadPosRankSum < -8.0;' undefined variable ReadPosRankSum 
WARN  19:19:34,002 Interpreter - ![0,9]: 'MQRankSum < -12.5;' undefined variable MQRankSum 
WARN  19:19:34,002 Interpreter - ![0,14]: 'ReadPosRankSum < -8.0;' undefined variable ReadPosRankSum 
WARN  19:19:34,006 Interpreter - ![0,9]: 'MQRankSum < -12.5;' undefined variable MQRankSum 
WARN  19:19:34,006 Interpreter - ![0,14]: 'ReadPosRankSum < -8.0;' undefined variable ReadPosRankSum 
WARN  19:19:34,010 Interpreter - ![0,9]: 'MQRankSum < -12.5;' undefined variable MQRankSum 
WARN  19:19:34,011 Interpreter - ![0,14]: 'ReadPosRankSum < -8.0;' undefined variable ReadPosRankSum 
WARN  19:19:34,011 Interpreter - ![0,9]: 'MQRankSum < -12.5;' undefined variable MQRankSum 
WARN  19:19:34,012 Interpreter - ![0,14]: 'ReadPosRankSum < -8.0;' undefined variable ReadPosRankSum 
WARN  19:19:34,012 Interpreter - ![0,9]: 'MQRankSum < -12.5;' undefined variable MQRankSum 
WARN  19:19:34,012 Interpreter - ![0,14]: 'ReadPosRankSum < -8.0;' undefined variable ReadPosRankSum 
WARN  19:19:34,013 Interpreter - ![0,9]: 'MQRankSum < -12.5;' undefined variable MQRankSum 
WARN  19:19:34,013 Interpreter - ![0,14]: 'ReadPosRankSum < -8.0;' undefined variable ReadPosRankSum 
WARN  19:19:34,017 Interpreter - ![0,9]: 'MQRankSum < -12.5;' undefined variable MQRankSum 
WARN  19:19:34,017 Interpreter - ![0,14]: 'ReadPosRankSum < -8.0;' undefined variable ReadPosRankSum 
WARN  19:19:34,021 Interpreter - ![0,9]: 'MQRankSum < -12.5;' undefined variable MQRankSum 
WARN  19:19:34,022 Interpreter - ![0,14]: 'ReadPosRankSum < -8.0;' undefined variable ReadPosRankSum 
WARN  19:19:34,022 Interpreter - ![0,9]: 'MQRankSum < -12.5;' undefined variable MQRankSum 
WARN  19:19:34,023 Interpreter - ![0,14]: 'ReadPosRankSum < -8.0;' undefined variable ReadPosRankSum 
WARN  19:19:34,027 Interpreter - ![0,9]: 'MQRankSum < -12.5;' undefined variable MQRankSum 
WARN  19:19:34,027 Interpreter - ![0,14]: 'ReadPosRankSum < -8.0;' undefined variable ReadPosRankSum 
WARN  19:19:34,028 Interpreter - ![0,9]: 'MQRankSum < -12.5;' undefined variable MQRankSum 
WARN  19:19:34,029 Interpreter - ![0,14]: 'ReadPosRankSum < -8.0;' undefined variable ReadPosRankSum 
WARN  19:19:34,029 Interpreter - ![0,9]: 'MQRankSum < -12.5;' undefined variable MQRankSum 
WARN  19:19:34,029 Interpreter - ![0,14]: 'ReadPosRankSum < -8.0;' undefined variable ReadPosRankSum 
WARN  19:19:34,030 Interpreter - ![0,9]: 'MQRankSum < -12.5;' undefined variable MQRankSum 
WARN  19:19:34,030 Interpreter - ![0,14]: 'ReadPosRankSum < -8.0;' undefined variable ReadPosRankSum 
WARN  19:19:34,077 Interpreter - ![0,9]: 'MQRankSum < -12.5;' undefined variable MQRankSum 
WARN  19:19:34,078 Interpreter - ![0,14]: 'ReadPosRankSum < -8.0;' undefined variable ReadPosRankSum 
WARN  19:19:34,079 Interpreter - ![0,9]: 'MQRankSum < -12.5;' undefined variable MQRankSum 
WARN  19:19:34,079 Interpreter - ![0,14]: 'ReadPosRankSum < -8.0;' undefined variable ReadPosRankSum 
WARN  19:19:34,080 Interpreter - ![0,9]: 'MQRankSum < -12.5;' undefined variable MQRankSum 
WARN  19:19:34,080 Interpreter - ![0,14]: 'ReadPosRankSum < -8.0;' undefined variable ReadPosRankSum 
WARN  19:19:34,080 Interpreter - ![0,9]: 'MQRankSum < -12.5;' undefined variable MQRankSum 
WARN  19:19:34,080 Interpreter - ![0,14]: 'ReadPosRankSum < -8.0;' undefined variable ReadPosRankSum 
WARN  19:19:34,081 Interpreter - ![0,9]: 'MQRankSum < -12.5;' undefined variable MQRankSum 
WARN  19:19:34,081 Interpreter - ![0,14]: 'ReadPosRankSum < -8.0;' undefined variable ReadPosRankSum 
WARN  19:19:34,081 Interpreter - ![0,9]: 'MQRankSum < -12.5;' undefined variable MQRankSum 
WARN  19:19:34,082 Interpreter - ![0,14]: 'ReadPosRankSum < -8.0;' undefined variable ReadPosRankSum 
WARN  19:19:34,087 Interpreter - ![0,9]: 'MQRankSum < -12.5;' undefined variable MQRankSum 
WARN  19:19:34,088 Interpreter - ![0,14]: 'ReadPosRankSum < -8.0;' undefined variable ReadPosRankSum 
WARN  19:19:34,088 Interpreter - ![0,9]: 'MQRankSum < -12.5;' undefined variable MQRankSum 
WARN  19:19:34,088 Interpreter - ![0,14]: 'ReadPosRankSum < -8.0;' undefined variable ReadPosRankSum 
WARN  19:19:34,089 Interpreter - ![0,9]: 'MQRankSum < -12.5;' undefined variable MQRankSum 
WARN  19:19:34,089 Interpreter - ![0,14]: 'ReadPosRankSum < -8.0;' undefined variable ReadPosRankSum 
WARN  19:19:34,089 Interpreter - ![0,9]: 'MQRankSum < -12.5;' undefined variable MQRankSum 
WARN  19:19:34,089 Interpreter - ![0,14]: 'ReadPosRankSum < -8.0;' undefined variable ReadPosRankSum 
INFO  19:19:34,099 ProgressMeter -            done        35.0     0.0 s       3.1 h       82.6%     0.0 s       0.0 s 
INFO  19:19:34,099 ProgressMeter - Total runtime 0.39 secs, 0.01 min, 0.00 hours 
------------------------------------------------------------------------------------------
Done. There were 1 WARN messages, the first 1 are repeated below.
WARN  19:19:33,380 IndexDictionaryUtils - Track variant doesn't have a sequence dictionary built in, skipping dictionary validation 
------------------------------------------------------------------------------------------
