Picked up _JAVA_OPTIONS: -Djava.io.tmpdir=/scratch.ssd/vlkofly/job_1807268.cerit-pbs.cerit-sc.cz
INFO  19:19:43,723 HelpFormatter - -------------------------------------------------------------------------------- 
INFO  19:19:43,726 HelpFormatter - The Genome Analysis Toolkit (GATK) v3.7-0-gcfedb67, Compiled 2016/12/12 11:21:18 
INFO  19:19:43,726 HelpFormatter - Copyright (c) 2010-2016 The Broad Institute 
INFO  19:19:43,726 HelpFormatter - For support and documentation go to https://software.broadinstitute.org/gatk 
INFO  19:19:43,726 HelpFormatter - [Thu Dec 10 19:19:43 CET 2020] Executing on Linux 4.19.0-6-amd64 amd64 
INFO  19:19:43,726 HelpFormatter - Java HotSpot(TM) 64-Bit Server VM 1.8.0_60-b27 
INFO  19:19:43,729 HelpFormatter - Program Args: -T SelectVariants -R JIC_reference/alygenomes.fasta -V scaffold_1arenosa.bifilt.vcf.gz -o scaffold_1arenosa.bipassed.vcf.gz --excludeFiltered -nt 1 
INFO  19:19:43,733 HelpFormatter - Executing as vlkofly@zenon19.cerit-sc.cz on Linux 4.19.0-6-amd64 amd64; Java HotSpot(TM) 64-Bit Server VM 1.8.0_60-b27. 
INFO  19:19:43,734 HelpFormatter - Date/Time: 2020/12/10 19:19:43 
INFO  19:19:43,734 HelpFormatter - -------------------------------------------------------------------------------- 
INFO  19:19:43,734 HelpFormatter - -------------------------------------------------------------------------------- 
INFO  19:19:43,846 GenomeAnalysisEngine - Strictness is SILENT 
INFO  19:19:45,181 GenomeAnalysisEngine - Downsampling Settings: Method: BY_SAMPLE, Target Coverage: 1000 
WARN  19:19:45,821 IndexDictionaryUtils - Track variant doesn't have a sequence dictionary built in, skipping dictionary validation 
INFO  19:19:47,426 GenomeAnalysisEngine - Preparing for traversal 
INFO  19:19:47,474 GenomeAnalysisEngine - Done preparing for traversal 
INFO  19:19:47,477 ProgressMeter - [INITIALIZATION COMPLETE; STARTING PROCESSING] 
INFO  19:19:47,503 ProgressMeter -                 | processed |    time |    per 1M |           |   total | remaining 
INFO  19:19:47,509 ProgressMeter -        Location |     sites | elapsed |     sites | completed | runtime |   runtime 
INFO  19:19:49,980 SelectVariants - 3764 records processed. 
INFO  19:19:49,998 ProgressMeter -            done      3764.0     2.0 s      11.2 m       15.7%    12.0 s      10.0 s 
INFO  19:19:49,999 ProgressMeter - Total runtime 2.52 secs, 0.04 min, 0.00 hours 
------------------------------------------------------------------------------------------
Done. There were 1 WARN messages, the first 1 are repeated below.
WARN  19:19:45,821 IndexDictionaryUtils - Track variant doesn't have a sequence dictionary built in, skipping dictionary validation 
------------------------------------------------------------------------------------------
