Picked up _JAVA_OPTIONS: -Djava.io.tmpdir=/scratch.ssd/vlkofly/job_1807268.cerit-pbs.cerit-sc.cz
INFO  19:19:30,151 HelpFormatter - -------------------------------------------------------------------------------- 
INFO  19:19:30,157 HelpFormatter - The Genome Analysis Toolkit (GATK) v3.7-0-gcfedb67, Compiled 2016/12/12 11:21:18 
INFO  19:19:30,158 HelpFormatter - Copyright (c) 2010-2016 The Broad Institute 
INFO  19:19:30,158 HelpFormatter - For support and documentation go to https://software.broadinstitute.org/gatk 
INFO  19:19:30,159 HelpFormatter - [Thu Dec 10 19:19:30 CET 2020] Executing on Linux 4.19.0-6-amd64 amd64 
INFO  19:19:30,159 HelpFormatter - Java HotSpot(TM) 64-Bit Server VM 1.8.0_60-b27 
INFO  19:19:30,171 HelpFormatter - Program Args: -T VariantFiltration -R JIC_reference/alygenomes.fasta -V scaffold_8arenosa.bisel.vcf.gz -o scaffold_8arenosa.bifilt.vcf.gz -filter QD < 2.0 --filterName QD -filter FS > 60.0 --filterName FS -filter MQ < 40.0 --filterName MQ -filter MQRankSum < -12.5 --filterName MQRS -filter ReadPosRankSum < -8.0 --filterName RPRS -filter SOR > 3.0 --filterName SOR -nt 1 
INFO  19:19:30,176 HelpFormatter - Executing as vlkofly@zenon19.cerit-sc.cz on Linux 4.19.0-6-amd64 amd64; Java HotSpot(TM) 64-Bit Server VM 1.8.0_60-b27. 
INFO  19:19:30,176 HelpFormatter - Date/Time: 2020/12/10 19:19:30 
INFO  19:19:30,177 HelpFormatter - -------------------------------------------------------------------------------- 
INFO  19:19:30,177 HelpFormatter - -------------------------------------------------------------------------------- 
INFO  19:19:30,271 GenomeAnalysisEngine - Strictness is SILENT 
INFO  19:19:31,059 GenomeAnalysisEngine - Downsampling Settings: Method: BY_SAMPLE, Target Coverage: 1000 
WARN  19:19:31,422 IndexDictionaryUtils - Track variant doesn't have a sequence dictionary built in, skipping dictionary validation 
INFO  19:19:32,137 GenomeAnalysisEngine - Preparing for traversal 
INFO  19:19:32,162 GenomeAnalysisEngine - Done preparing for traversal 
INFO  19:19:32,165 ProgressMeter - [INITIALIZATION COMPLETE; STARTING PROCESSING] 
INFO  19:19:32,165 ProgressMeter -                 | processed |    time |    per 1M |           |   total | remaining 
INFO  19:19:32,165 ProgressMeter -        Location |     sites | elapsed |     sites | completed | runtime |   runtime 
WARN  19:19:33,212 Interpreter - ![0,9]: 'MQRankSum < -12.5;' undefined variable MQRankSum 
WARN  19:19:33,214 Interpreter - ![0,14]: 'ReadPosRankSum < -8.0;' undefined variable ReadPosRankSum 
WARN  19:19:33,220 Interpreter - ![0,9]: 'MQRankSum < -12.5;' undefined variable MQRankSum 
WARN  19:19:33,220 Interpreter - ![0,14]: 'ReadPosRankSum < -8.0;' undefined variable ReadPosRankSum 
WARN  19:19:33,222 Interpreter - ![0,9]: 'MQRankSum < -12.5;' undefined variable MQRankSum 
WARN  19:19:33,223 Interpreter - ![0,14]: 'ReadPosRankSum < -8.0;' undefined variable ReadPosRankSum 
WARN  19:19:33,223 Interpreter - ![0,9]: 'MQRankSum < -12.5;' undefined variable MQRankSum 
WARN  19:19:33,223 Interpreter - ![0,14]: 'ReadPosRankSum < -8.0;' undefined variable ReadPosRankSum 
WARN  19:19:33,230 Interpreter - ![0,9]: 'MQRankSum < -12.5;' undefined variable MQRankSum 
WARN  19:19:33,230 Interpreter - ![0,14]: 'ReadPosRankSum < -8.0;' undefined variable ReadPosRankSum 
WARN  19:19:33,235 Interpreter - ![0,9]: 'MQRankSum < -12.5;' undefined variable MQRankSum 
WARN  19:19:33,236 Interpreter - ![0,14]: 'ReadPosRankSum < -8.0;' undefined variable ReadPosRankSum 
WARN  19:19:33,237 Interpreter - ![0,9]: 'MQRankSum < -12.5;' undefined variable MQRankSum 
WARN  19:19:33,238 Interpreter - ![0,14]: 'ReadPosRankSum < -8.0;' undefined variable ReadPosRankSum 
WARN  19:19:33,262 Interpreter - ![0,9]: 'MQRankSum < -12.5;' undefined variable MQRankSum 
WARN  19:19:33,273 Interpreter - ![0,14]: 'ReadPosRankSum < -8.0;' undefined variable ReadPosRankSum 
WARN  19:19:33,274 Interpreter - ![0,9]: 'MQRankSum < -12.5;' undefined variable MQRankSum 
WARN  19:19:33,274 Interpreter - ![0,14]: 'ReadPosRankSum < -8.0;' undefined variable ReadPosRankSum 
WARN  19:19:33,274 Interpreter - ![0,9]: 'MQRankSum < -12.5;' undefined variable MQRankSum 
WARN  19:19:33,275 Interpreter - ![0,14]: 'ReadPosRankSum < -8.0;' undefined variable ReadPosRankSum 
WARN  19:19:33,279 Interpreter - ![0,9]: 'MQRankSum < -12.5;' undefined variable MQRankSum 
WARN  19:19:33,280 Interpreter - ![0,14]: 'ReadPosRankSum < -8.0;' undefined variable ReadPosRankSum 
WARN  19:19:33,281 Interpreter - ![0,9]: 'MQRankSum < -12.5;' undefined variable MQRankSum 
WARN  19:19:33,281 Interpreter - ![0,14]: 'ReadPosRankSum < -8.0;' undefined variable ReadPosRankSum 
WARN  19:19:33,287 Interpreter - ![0,9]: 'MQRankSum < -12.5;' undefined variable MQRankSum 
WARN  19:19:33,288 Interpreter - ![0,14]: 'ReadPosRankSum < -8.0;' undefined variable ReadPosRankSum 
WARN  19:19:33,291 Interpreter - ![0,9]: 'MQRankSum < -12.5;' undefined variable MQRankSum 
WARN  19:19:33,291 Interpreter - ![0,14]: 'ReadPosRankSum < -8.0;' undefined variable ReadPosRankSum 
WARN  19:19:33,296 Interpreter - ![0,9]: 'MQRankSum < -12.5;' undefined variable MQRankSum 
WARN  19:19:33,296 Interpreter - ![0,14]: 'ReadPosRankSum < -8.0;' undefined variable ReadPosRankSum 
WARN  19:19:33,297 Interpreter - ![0,9]: 'MQRankSum < -12.5;' undefined variable MQRankSum 
WARN  19:19:33,297 Interpreter - ![0,14]: 'ReadPosRankSum < -8.0;' undefined variable ReadPosRankSum 
WARN  19:19:33,298 Interpreter - ![0,9]: 'MQRankSum < -12.5;' undefined variable MQRankSum 
WARN  19:19:33,298 Interpreter - ![0,14]: 'ReadPosRankSum < -8.0;' undefined variable ReadPosRankSum 
WARN  19:19:33,299 Interpreter - ![0,9]: 'MQRankSum < -12.5;' undefined variable MQRankSum 
WARN  19:19:33,299 Interpreter - ![0,14]: 'ReadPosRankSum < -8.0;' undefined variable ReadPosRankSum 
WARN  19:19:33,304 Interpreter - ![0,9]: 'MQRankSum < -12.5;' undefined variable MQRankSum 
WARN  19:19:33,304 Interpreter - ![0,14]: 'ReadPosRankSum < -8.0;' undefined variable ReadPosRankSum 
WARN  19:19:33,311 Interpreter - ![0,9]: 'MQRankSum < -12.5;' undefined variable MQRankSum 
WARN  19:19:33,311 Interpreter - ![0,14]: 'ReadPosRankSum < -8.0;' undefined variable ReadPosRankSum 
WARN  19:19:33,315 Interpreter - ![0,9]: 'MQRankSum < -12.5;' undefined variable MQRankSum 
WARN  19:19:33,316 Interpreter - ![0,14]: 'ReadPosRankSum < -8.0;' undefined variable ReadPosRankSum 
WARN  19:19:33,317 Interpreter - ![0,9]: 'MQRankSum < -12.5;' undefined variable MQRankSum 
WARN  19:19:33,318 Interpreter - ![0,14]: 'ReadPosRankSum < -8.0;' undefined variable ReadPosRankSum 
WARN  19:19:33,405 Interpreter - ![0,9]: 'MQRankSum < -12.5;' undefined variable MQRankSum 
WARN  19:19:33,408 Interpreter - ![0,14]: 'ReadPosRankSum < -8.0;' undefined variable ReadPosRankSum 
WARN  19:19:33,408 Interpreter - ![0,9]: 'MQRankSum < -12.5;' undefined variable MQRankSum 
WARN  19:19:33,409 Interpreter - ![0,14]: 'ReadPosRankSum < -8.0;' undefined variable ReadPosRankSum 
WARN  19:19:33,409 Interpreter - ![0,9]: 'MQRankSum < -12.5;' undefined variable MQRankSum 
WARN  19:19:33,409 Interpreter - ![0,14]: 'ReadPosRankSum < -8.0;' undefined variable ReadPosRankSum 
WARN  19:19:33,415 Interpreter - ![0,9]: 'MQRankSum < -12.5;' undefined variable MQRankSum 
WARN  19:19:33,417 Interpreter - ![0,14]: 'ReadPosRankSum < -8.0;' undefined variable ReadPosRankSum 
WARN  19:19:33,417 Interpreter - ![0,9]: 'MQRankSum < -12.5;' undefined variable MQRankSum 
WARN  19:19:33,418 Interpreter - ![0,14]: 'ReadPosRankSum < -8.0;' undefined variable ReadPosRankSum 
WARN  19:19:33,418 Interpreter - ![0,9]: 'MQRankSum < -12.5;' undefined variable MQRankSum 
WARN  19:19:33,418 Interpreter - ![0,14]: 'ReadPosRankSum < -8.0;' undefined variable ReadPosRankSum 
WARN  19:19:33,419 Interpreter - ![0,9]: 'MQRankSum < -12.5;' undefined variable MQRankSum 
WARN  19:19:33,419 Interpreter - ![0,14]: 'ReadPosRankSum < -8.0;' undefined variable ReadPosRankSum 
WARN  19:19:33,420 Interpreter - ![0,9]: 'MQRankSum < -12.5;' undefined variable MQRankSum 
WARN  19:19:33,420 Interpreter - ![0,14]: 'ReadPosRankSum < -8.0;' undefined variable ReadPosRankSum 
WARN  19:19:33,420 Interpreter - ![0,9]: 'MQRankSum < -12.5;' undefined variable MQRankSum 
WARN  19:19:33,420 Interpreter - ![0,14]: 'ReadPosRankSum < -8.0;' undefined variable ReadPosRankSum 
WARN  19:19:33,421 Interpreter - ![0,9]: 'MQRankSum < -12.5;' undefined variable MQRankSum 
WARN  19:19:33,421 Interpreter - ![0,14]: 'ReadPosRankSum < -8.0;' undefined variable ReadPosRankSum 
INFO  19:19:33,438 ProgressMeter -            done        32.0     1.0 s      11.0 h       92.5%     1.0 s       0.0 s 
INFO  19:19:33,438 ProgressMeter - Total runtime 1.27 secs, 0.02 min, 0.00 hours 
------------------------------------------------------------------------------------------
Done. There were 1 WARN messages, the first 1 are repeated below.
WARN  19:19:31,422 IndexDictionaryUtils - Track variant doesn't have a sequence dictionary built in, skipping dictionary validation 
------------------------------------------------------------------------------------------
