Picked up _JAVA_OPTIONS: -Djava.io.tmpdir=/scratch.ssd/vlkofly/job_1807268.cerit-pbs.cerit-sc.cz
INFO  19:19:45,706 HelpFormatter - -------------------------------------------------------------------------------- 
INFO  19:19:45,717 HelpFormatter - The Genome Analysis Toolkit (GATK) v3.7-0-gcfedb67, Compiled 2016/12/12 11:21:18 
INFO  19:19:45,717 HelpFormatter - Copyright (c) 2010-2016 The Broad Institute 
INFO  19:19:45,718 HelpFormatter - For support and documentation go to https://software.broadinstitute.org/gatk 
INFO  19:19:45,718 HelpFormatter - [Thu Dec 10 19:19:45 CET 2020] Executing on Linux 4.19.0-6-amd64 amd64 
INFO  19:19:45,718 HelpFormatter - Java HotSpot(TM) 64-Bit Server VM 1.8.0_60-b27 
INFO  19:19:45,725 HelpFormatter - Program Args: -T SelectVariants -R JIC_reference/alygenomes.fasta -V scaffold_4arenosa.bifilt.vcf.gz -o scaffold_4arenosa.bipassed.vcf.gz --excludeFiltered -nt 1 
INFO  19:19:45,743 HelpFormatter - Executing as vlkofly@zenon19.cerit-sc.cz on Linux 4.19.0-6-amd64 amd64; Java HotSpot(TM) 64-Bit Server VM 1.8.0_60-b27. 
INFO  19:19:45,744 HelpFormatter - Date/Time: 2020/12/10 19:19:45 
INFO  19:19:45,744 HelpFormatter - -------------------------------------------------------------------------------- 
INFO  19:19:45,745 HelpFormatter - -------------------------------------------------------------------------------- 
INFO  19:19:45,827 GenomeAnalysisEngine - Strictness is SILENT 
INFO  19:19:47,316 GenomeAnalysisEngine - Downsampling Settings: Method: BY_SAMPLE, Target Coverage: 1000 
WARN  19:19:47,867 IndexDictionaryUtils - Track variant doesn't have a sequence dictionary built in, skipping dictionary validation 
INFO  19:19:48,609 GenomeAnalysisEngine - Preparing for traversal 
INFO  19:19:48,621 GenomeAnalysisEngine - Done preparing for traversal 
INFO  19:19:48,623 ProgressMeter - [INITIALIZATION COMPLETE; STARTING PROCESSING] 
INFO  19:19:48,636 ProgressMeter -                 | processed |    time |    per 1M |           |   total | remaining 
INFO  19:19:48,637 ProgressMeter -        Location |     sites | elapsed |     sites | completed | runtime |   runtime 
INFO  19:19:49,258 SelectVariants - 48 records processed. 
INFO  19:19:49,283 ProgressMeter -            done        48.0     0.0 s       3.8 h       48.3%     0.0 s       0.0 s 
INFO  19:19:49,288 ProgressMeter - Total runtime 0.67 secs, 0.01 min, 0.00 hours 
------------------------------------------------------------------------------------------
Done. There were 1 WARN messages, the first 1 are repeated below.
WARN  19:19:47,867 IndexDictionaryUtils - Track variant doesn't have a sequence dictionary built in, skipping dictionary validation 
------------------------------------------------------------------------------------------
