Picked up _JAVA_OPTIONS: -Djava.io.tmpdir=/scratch.ssd/vlkofly/job_1807268.cerit-pbs.cerit-sc.cz
INFO  19:19:43,394 HelpFormatter - -------------------------------------------------------------------------------- 
INFO  19:19:43,438 HelpFormatter - The Genome Analysis Toolkit (GATK) v3.7-0-gcfedb67, Compiled 2016/12/12 11:21:18 
INFO  19:19:43,439 HelpFormatter - Copyright (c) 2010-2016 The Broad Institute 
INFO  19:19:43,439 HelpFormatter - For support and documentation go to https://software.broadinstitute.org/gatk 
INFO  19:19:43,440 HelpFormatter - [Thu Dec 10 19:19:43 CET 2020] Executing on Linux 4.19.0-6-amd64 amd64 
INFO  19:19:43,440 HelpFormatter - Java HotSpot(TM) 64-Bit Server VM 1.8.0_60-b27 
INFO  19:19:43,458 HelpFormatter - Program Args: -T SelectVariants -R JIC_reference/alygenomes.fasta -V scaffold_7arenosa.bifilt.vcf.gz -o scaffold_7arenosa.bipassed.vcf.gz --excludeFiltered -nt 1 
INFO  19:19:43,466 HelpFormatter - Executing as vlkofly@zenon19.cerit-sc.cz on Linux 4.19.0-6-amd64 amd64; Java HotSpot(TM) 64-Bit Server VM 1.8.0_60-b27. 
INFO  19:19:43,467 HelpFormatter - Date/Time: 2020/12/10 19:19:43 
INFO  19:19:43,467 HelpFormatter - -------------------------------------------------------------------------------- 
INFO  19:19:43,468 HelpFormatter - -------------------------------------------------------------------------------- 
INFO  19:19:43,566 GenomeAnalysisEngine - Strictness is SILENT 
INFO  19:19:44,437 GenomeAnalysisEngine - Downsampling Settings: Method: BY_SAMPLE, Target Coverage: 1000 
WARN  19:19:44,628 IndexDictionaryUtils - Track variant doesn't have a sequence dictionary built in, skipping dictionary validation 
INFO  19:19:45,214 GenomeAnalysisEngine - Preparing for traversal 
INFO  19:19:45,239 GenomeAnalysisEngine - Done preparing for traversal 
INFO  19:19:45,240 ProgressMeter - [INITIALIZATION COMPLETE; STARTING PROCESSING] 
INFO  19:19:45,240 ProgressMeter -                 | processed |    time |    per 1M |           |   total | remaining 
INFO  19:19:45,241 ProgressMeter -        Location |     sites | elapsed |     sites | completed | runtime |   runtime 
INFO  19:19:46,403 SelectVariants - 35 records processed. 
INFO  19:19:46,485 ProgressMeter -            done        35.0     1.0 s       9.9 h       82.6%     1.0 s       0.0 s 
INFO  19:19:46,485 ProgressMeter - Total runtime 1.25 secs, 0.02 min, 0.00 hours 
------------------------------------------------------------------------------------------
Done. There were 1 WARN messages, the first 1 are repeated below.
WARN  19:19:44,628 IndexDictionaryUtils - Track variant doesn't have a sequence dictionary built in, skipping dictionary validation 
------------------------------------------------------------------------------------------
