Picked up _JAVA_OPTIONS: -Djava.io.tmpdir=/scratch.ssd/vlkofly/job_1807268.cerit-pbs.cerit-sc.cz
INFO  19:19:12,206 HelpFormatter - -------------------------------------------------------------------------------- 
INFO  19:19:12,208 HelpFormatter - The Genome Analysis Toolkit (GATK) v3.7-0-gcfedb67, Compiled 2016/12/12 11:21:18 
INFO  19:19:12,208 HelpFormatter - Copyright (c) 2010-2016 The Broad Institute 
INFO  19:19:12,209 HelpFormatter - For support and documentation go to https://software.broadinstitute.org/gatk 
INFO  19:19:12,209 HelpFormatter - [Thu Dec 10 19:19:12 CET 2020] Executing on Linux 4.19.0-6-amd64 amd64 
INFO  19:19:12,209 HelpFormatter - Java HotSpot(TM) 64-Bit Server VM 1.8.0_60-b27 
INFO  19:19:12,270 HelpFormatter - Program Args: -T SelectVariants -R JIC_reference/alygenomes.fasta -V arenosa.vcf.gz -L scaffold_7 -o scaffold_7arenosa.bisel.vcf.gz --restrictAllelesTo BIALLELIC -selectType SNP -nt 1 
INFO  19:19:12,306 HelpFormatter - Executing as vlkofly@zenon19.cerit-sc.cz on Linux 4.19.0-6-amd64 amd64; Java HotSpot(TM) 64-Bit Server VM 1.8.0_60-b27. 
INFO  19:19:12,326 HelpFormatter - Date/Time: 2020/12/10 19:19:12 
INFO  19:19:12,327 HelpFormatter - -------------------------------------------------------------------------------- 
INFO  19:19:12,327 HelpFormatter - -------------------------------------------------------------------------------- 
INFO  19:19:12,422 GenomeAnalysisEngine - Strictness is SILENT 
INFO  19:19:13,412 GenomeAnalysisEngine - Downsampling Settings: Method: BY_SAMPLE, Target Coverage: 1000 
INFO  19:19:14,172 IntervalUtils - Processing 24649197 bp from intervals 
WARN  19:19:14,173 IndexDictionaryUtils - Track variant doesn't have a sequence dictionary built in, skipping dictionary validation 
INFO  19:19:14,564 GenomeAnalysisEngine - Preparing for traversal 
INFO  19:19:14,575 GenomeAnalysisEngine - Done preparing for traversal 
INFO  19:19:14,576 ProgressMeter - [INITIALIZATION COMPLETE; STARTING PROCESSING] 
INFO  19:19:14,576 ProgressMeter -                 | processed |    time |    per 1M |           |   total | remaining 
INFO  19:19:14,576 ProgressMeter -        Location |     sites | elapsed |     sites | completed | runtime |   runtime 
INFO  19:19:15,669 SelectVariants - 41 records processed. 
INFO  19:19:15,688 ProgressMeter -            done        45.0     1.0 s       6.8 h       98.6%     1.0 s       0.0 s 
INFO  19:19:15,689 ProgressMeter - Total runtime 1.11 secs, 0.02 min, 0.00 hours 
------------------------------------------------------------------------------------------
Done. There were 1 WARN messages, the first 1 are repeated below.
WARN  19:19:14,173 IndexDictionaryUtils - Track variant doesn't have a sequence dictionary built in, skipping dictionary validation 
------------------------------------------------------------------------------------------
