Picked up _JAVA_OPTIONS: -Djava.io.tmpdir=/scratch.ssd/vlkofly/job_1807268.cerit-pbs.cerit-sc.cz
INFO  19:19:44,269 HelpFormatter - -------------------------------------------------------------------------------- 
INFO  19:19:44,284 HelpFormatter - The Genome Analysis Toolkit (GATK) v3.7-0-gcfedb67, Compiled 2016/12/12 11:21:18 
INFO  19:19:44,284 HelpFormatter - Copyright (c) 2010-2016 The Broad Institute 
INFO  19:19:44,284 HelpFormatter - For support and documentation go to https://software.broadinstitute.org/gatk 
INFO  19:19:44,284 HelpFormatter - [Thu Dec 10 19:19:44 CET 2020] Executing on Linux 4.19.0-6-amd64 amd64 
INFO  19:19:44,284 HelpFormatter - Java HotSpot(TM) 64-Bit Server VM 1.8.0_60-b27 
INFO  19:19:44,304 HelpFormatter - Program Args: -T SelectVariants -R JIC_reference/alygenomes.fasta -V scaffold_3arenosa.bifilt.vcf.gz -o scaffold_3arenosa.bipassed.vcf.gz --excludeFiltered -nt 1 
INFO  19:19:44,320 HelpFormatter - Executing as vlkofly@zenon19.cerit-sc.cz on Linux 4.19.0-6-amd64 amd64; Java HotSpot(TM) 64-Bit Server VM 1.8.0_60-b27. 
INFO  19:19:44,327 HelpFormatter - Date/Time: 2020/12/10 19:19:44 
INFO  19:19:44,327 HelpFormatter - -------------------------------------------------------------------------------- 
INFO  19:19:44,327 HelpFormatter - -------------------------------------------------------------------------------- 
INFO  19:19:44,433 GenomeAnalysisEngine - Strictness is SILENT 
INFO  19:19:45,423 GenomeAnalysisEngine - Downsampling Settings: Method: BY_SAMPLE, Target Coverage: 1000 
WARN  19:19:45,877 IndexDictionaryUtils - Track variant doesn't have a sequence dictionary built in, skipping dictionary validation 
INFO  19:19:47,073 GenomeAnalysisEngine - Preparing for traversal 
INFO  19:19:47,091 GenomeAnalysisEngine - Done preparing for traversal 
INFO  19:19:47,093 ProgressMeter - [INITIALIZATION COMPLETE; STARTING PROCESSING] 
INFO  19:19:47,119 ProgressMeter -                 | processed |    time |    per 1M |           |   total | remaining 
INFO  19:19:47,119 ProgressMeter -        Location |     sites | elapsed |     sites | completed | runtime |   runtime 
INFO  19:19:48,417 SelectVariants - 75 records processed. 
INFO  19:19:48,441 ProgressMeter -            done        75.0     1.0 s       5.0 h       37.0%     2.0 s       1.0 s 
INFO  19:19:48,442 ProgressMeter - Total runtime 1.35 secs, 0.02 min, 0.00 hours 
------------------------------------------------------------------------------------------
Done. There were 1 WARN messages, the first 1 are repeated below.
WARN  19:19:45,877 IndexDictionaryUtils - Track variant doesn't have a sequence dictionary built in, skipping dictionary validation 
------------------------------------------------------------------------------------------
