Picked up _JAVA_OPTIONS: -Djava.io.tmpdir=/scratch.ssd/vlkofly/job_1807268.cerit-pbs.cerit-sc.cz
INFO  19:19:13,795 HelpFormatter - -------------------------------------------------------------------------------- 
INFO  19:19:13,804 HelpFormatter - The Genome Analysis Toolkit (GATK) v3.7-0-gcfedb67, Compiled 2016/12/12 11:21:18 
INFO  19:19:13,804 HelpFormatter - Copyright (c) 2010-2016 The Broad Institute 
INFO  19:19:13,804 HelpFormatter - For support and documentation go to https://software.broadinstitute.org/gatk 
INFO  19:19:13,804 HelpFormatter - [Thu Dec 10 19:19:13 CET 2020] Executing on Linux 4.19.0-6-amd64 amd64 
INFO  19:19:13,804 HelpFormatter - Java HotSpot(TM) 64-Bit Server VM 1.8.0_60-b27 
INFO  19:19:13,824 HelpFormatter - Program Args: -T SelectVariants -R JIC_reference/alygenomes.fasta -V arenosa.vcf.gz -L scaffold_4 -o scaffold_4arenosa.bisel.vcf.gz --restrictAllelesTo BIALLELIC -selectType SNP -nt 1 
INFO  19:19:13,841 HelpFormatter - Executing as vlkofly@zenon19.cerit-sc.cz on Linux 4.19.0-6-amd64 amd64; Java HotSpot(TM) 64-Bit Server VM 1.8.0_60-b27. 
INFO  19:19:13,859 HelpFormatter - Date/Time: 2020/12/10 19:19:13 
INFO  19:19:13,859 HelpFormatter - -------------------------------------------------------------------------------- 
INFO  19:19:13,860 HelpFormatter - -------------------------------------------------------------------------------- 
INFO  19:19:13,939 GenomeAnalysisEngine - Strictness is SILENT 
INFO  19:19:15,410 GenomeAnalysisEngine - Downsampling Settings: Method: BY_SAMPLE, Target Coverage: 1000 
INFO  19:19:16,126 IntervalUtils - Processing 23328337 bp from intervals 
WARN  19:19:16,127 IndexDictionaryUtils - Track variant doesn't have a sequence dictionary built in, skipping dictionary validation 
INFO  19:19:16,292 GenomeAnalysisEngine - Preparing for traversal 
INFO  19:19:16,293 GenomeAnalysisEngine - Done preparing for traversal 
INFO  19:19:16,293 ProgressMeter - [INITIALIZATION COMPLETE; STARTING PROCESSING] 
INFO  19:19:16,293 ProgressMeter -                 | processed |    time |    per 1M |           |   total | remaining 
INFO  19:19:16,294 ProgressMeter -        Location |     sites | elapsed |     sites | completed | runtime |   runtime 
INFO  19:19:16,920 SelectVariants - 48 records processed. 
INFO  19:19:16,934 ProgressMeter -            done        48.0     0.0 s       3.7 h       98.8%     0.0 s       0.0 s 
INFO  19:19:16,935 ProgressMeter - Total runtime 0.64 secs, 0.01 min, 0.00 hours 
------------------------------------------------------------------------------------------
Done. There were 1 WARN messages, the first 1 are repeated below.
WARN  19:19:16,127 IndexDictionaryUtils - Track variant doesn't have a sequence dictionary built in, skipping dictionary validation 
------------------------------------------------------------------------------------------
