Picked up _JAVA_OPTIONS: -Djava.io.tmpdir=/scratch.ssd/vlkofly/job_1807268.cerit-pbs.cerit-sc.cz
INFO  19:19:44,456 HelpFormatter - -------------------------------------------------------------------------------- 
INFO  19:19:44,459 HelpFormatter - The Genome Analysis Toolkit (GATK) v3.7-0-gcfedb67, Compiled 2016/12/12 11:21:18 
INFO  19:19:44,463 HelpFormatter - Copyright (c) 2010-2016 The Broad Institute 
INFO  19:19:44,463 HelpFormatter - For support and documentation go to https://software.broadinstitute.org/gatk 
INFO  19:19:44,463 HelpFormatter - [Thu Dec 10 19:19:44 CET 2020] Executing on Linux 4.19.0-6-amd64 amd64 
INFO  19:19:44,464 HelpFormatter - Java HotSpot(TM) 64-Bit Server VM 1.8.0_60-b27 
INFO  19:19:44,467 HelpFormatter - Program Args: -T SelectVariants -R JIC_reference/alygenomes.fasta -V scaffold_6arenosa.bifilt.vcf.gz -o scaffold_6arenosa.bipassed.vcf.gz --excludeFiltered -nt 1 
INFO  19:19:44,470 HelpFormatter - Executing as vlkofly@zenon19.cerit-sc.cz on Linux 4.19.0-6-amd64 amd64; Java HotSpot(TM) 64-Bit Server VM 1.8.0_60-b27. 
INFO  19:19:44,471 HelpFormatter - Date/Time: 2020/12/10 19:19:44 
INFO  19:19:44,471 HelpFormatter - -------------------------------------------------------------------------------- 
INFO  19:19:44,472 HelpFormatter - -------------------------------------------------------------------------------- 
INFO  19:19:44,528 GenomeAnalysisEngine - Strictness is SILENT 
INFO  19:19:45,748 GenomeAnalysisEngine - Downsampling Settings: Method: BY_SAMPLE, Target Coverage: 1000 
WARN  19:19:46,657 IndexDictionaryUtils - Track variant doesn't have a sequence dictionary built in, skipping dictionary validation 
INFO  19:19:47,806 GenomeAnalysisEngine - Preparing for traversal 
INFO  19:19:47,822 GenomeAnalysisEngine - Done preparing for traversal 
INFO  19:19:47,844 ProgressMeter - [INITIALIZATION COMPLETE; STARTING PROCESSING] 
INFO  19:19:47,853 ProgressMeter -                 | processed |    time |    per 1M |           |   total | remaining 
INFO  19:19:47,854 ProgressMeter -        Location |     sites | elapsed |     sites | completed | runtime |   runtime 
INFO  19:19:48,920 SelectVariants - 30 records processed. 
INFO  19:19:48,983 ProgressMeter -            done        30.0     1.0 s      10.5 h       70.7%     1.0 s       0.0 s 
INFO  19:19:48,984 ProgressMeter - Total runtime 1.14 secs, 0.02 min, 0.00 hours 
------------------------------------------------------------------------------------------
Done. There were 1 WARN messages, the first 1 are repeated below.
WARN  19:19:46,657 IndexDictionaryUtils - Track variant doesn't have a sequence dictionary built in, skipping dictionary validation 
------------------------------------------------------------------------------------------
