INFO  11:59:01,637 HelpFormatter - -------------------------------------------------------------------------------- 
INFO  11:59:01,686 HelpFormatter - The Genome Analysis Toolkit (GATK) v3.7-0-gcfedb67, Compiled 2016/12/12 11:21:18 
INFO  11:59:01,686 HelpFormatter - Copyright (c) 2010-2016 The Broad Institute 
INFO  11:59:01,687 HelpFormatter - For support and documentation go to https://software.broadinstitute.org/gatk 
INFO  11:59:01,687 HelpFormatter - [Wed Dec 02 11:59:01 CET 2020] Executing on Linux 4.19.0-8-amd64 amd64 
INFO  11:59:01,688 HelpFormatter - Java HotSpot(TM) 64-Bit Server VM 1.8.0_60-b27 
INFO  11:59:01,691 HelpFormatter - Program Args: -T GenotypeGVCFs -R JIC_reference/alygenomes.fasta -V BAB_12da_HC.g.vcf.gz -V HRA_01ta_HC.g.vcf.gz -V SUB_03da_HC.g.vcf.gz -V TBG_06ta_HC.g.vcf.gz -V ZEP_07da_HC.g.vcf.gz --max_num_PL_values 1500 -nt 1 -L scaffold_4 -o scaffold_4arenosa.vcf.gz 
INFO  11:59:01,742 HelpFormatter - Executing as vlkofly@black1.cerit-sc.cz on Linux 4.19.0-8-amd64 amd64; Java HotSpot(TM) 64-Bit Server VM 1.8.0_60-b27. 
INFO  11:59:01,743 HelpFormatter - Date/Time: 2020/12/02 11:59:01 
INFO  11:59:01,744 HelpFormatter - -------------------------------------------------------------------------------- 
INFO  11:59:01,744 HelpFormatter - -------------------------------------------------------------------------------- 
INFO  11:59:01,981 GenomeAnalysisEngine - Strictness is SILENT 
INFO  11:59:04,399 GenomeAnalysisEngine - Downsampling Settings: Method: BY_SAMPLE, Target Coverage: 1000 
INFO  11:59:07,776 IntervalUtils - Processing 23328337 bp from intervals 
WARN  11:59:07,778 IndexDictionaryUtils - Track variant doesn't have a sequence dictionary built in, skipping dictionary validation 
WARN  11:59:07,846 IndexDictionaryUtils - Track variant2 doesn't have a sequence dictionary built in, skipping dictionary validation 
WARN  11:59:07,847 IndexDictionaryUtils - Track variant3 doesn't have a sequence dictionary built in, skipping dictionary validation 
WARN  11:59:07,847 IndexDictionaryUtils - Track variant4 doesn't have a sequence dictionary built in, skipping dictionary validation 
WARN  11:59:07,847 IndexDictionaryUtils - Track variant5 doesn't have a sequence dictionary built in, skipping dictionary validation 
INFO  11:59:08,910 GenomeAnalysisEngine - Preparing for traversal 
INFO  11:59:08,963 GenomeAnalysisEngine - Done preparing for traversal 
INFO  11:59:08,964 ProgressMeter - [INITIALIZATION COMPLETE; STARTING PROCESSING] 
INFO  11:59:08,964 ProgressMeter -                 | processed |    time |    per 1M |           |   total | remaining 
INFO  11:59:08,965 ProgressMeter -        Location |     sites | elapsed |     sites | completed | runtime |   runtime 
WARN  11:59:11,790 StrandBiasTest - StrandBiasBySample annotation exists in input VCF header. Attempting to use StrandBiasBySample values to calculate strand bias annotation values. If no sample has the SB genotype annotation, annotation may still fail. 
WARN  11:59:11,790 InbreedingCoeff - Annotation will not be calculated. InbreedingCoeff requires at least 10 unrelated samples. 
WARN  11:59:11,892 StrandBiasTest - StrandBiasBySample annotation exists in input VCF header. Attempting to use StrandBiasBySample values to calculate strand bias annotation values. If no sample has the SB genotype annotation, annotation may still fail. 
INFO  11:59:11,893 GenotypeGVCFs - Notice that the -ploidy parameter is ignored in GenotypeGVCFs tool as this is automatically determined by the input variant files 
WARN  11:59:29,088 HaplotypeScore - Annotation will not be calculated, must be called from UnifiedGenotyper, not org.broadinstitute.gatk.tools.walkers.variantutils.GenotypeGVCFs 
INFO  11:59:39,433 ProgressMeter - scaffold_4:1992301   1000000.0    30.0 s      30.0 s        8.5%     5.9 m       5.4 m 
INFO  12:00:09,659 ProgressMeter - scaffold_4:2690601   2000000.0    60.0 s      30.0 s       11.5%     8.7 m       7.7 m 
INFO  12:00:39,954 ProgressMeter - scaffold_4:2974101   2000000.0    90.0 s      45.0 s       12.7%    11.8 m      10.3 m 
INFO  12:01:10,178 ProgressMeter - scaffold_4:3208601   3000000.0     2.0 m      40.0 s       13.8%    14.7 m      12.6 m 
INFO  12:01:40,478 ProgressMeter - scaffold_4:3454001   3000000.0     2.5 m      50.0 s       14.8%    17.0 m      14.5 m 
INFO  12:02:10,755 ProgressMeter - scaffold_4:3718401   3000000.0     3.0 m      60.0 s       15.9%    18.9 m      15.9 m 
INFO  12:02:40,916 ProgressMeter - scaffold_4:3947301   3000000.0     3.5 m      70.0 s       16.9%    20.8 m      17.3 m 
INFO  12:03:11,202 ProgressMeter - scaffold_4:4166701   4000000.0     4.0 m      60.0 s       17.9%    22.6 m      18.5 m 
INFO  12:03:41,418 ProgressMeter - scaffold_4:4444201   4000000.0     4.5 m      68.0 s       19.1%    23.8 m      19.3 m 
INFO  12:04:12,003 ProgressMeter - scaffold_4:4670401   4000000.0     5.0 m      75.0 s       20.0%    25.1 m      20.1 m 
INFO  12:04:42,817 ProgressMeter - scaffold_4:5346401   5000000.0     5.6 m      66.0 s       22.9%    24.2 m      18.7 m 
INFO  12:05:13,160 ProgressMeter - scaffold_4:6063901   6000000.0     6.1 m      60.0 s       26.0%    23.3 m      17.3 m 
INFO  12:05:43,537 ProgressMeter - scaffold_4:6341401   6000000.0     6.6 m      65.0 s       27.2%    24.2 m      17.6 m 
INFO  12:06:14,065 ProgressMeter - scaffold_4:6559601   6000000.0     7.1 m      70.0 s       28.1%    25.1 m      18.1 m 
INFO  12:06:44,521 ProgressMeter - scaffold_4:6832801   6000000.0     7.6 m      75.0 s       29.3%    25.9 m      18.3 m 
INFO  12:07:14,846 ProgressMeter - scaffold_4:7077301   7000000.0     8.1 m      69.0 s       30.3%    26.6 m      18.6 m 
INFO  12:07:45,478 ProgressMeter - scaffold_4:7323501   7000000.0     8.6 m      73.0 s       31.4%    27.4 m      18.8 m 
INFO  12:08:15,932 ProgressMeter - scaffold_4:7596501   7000000.0     9.1 m      78.0 s       32.6%    27.9 m      18.8 m 
INFO  12:08:46,524 ProgressMeter - scaffold_4:7860301   7000000.0     9.6 m      82.0 s       33.7%    28.5 m      18.9 m 
INFO  12:09:16,944 ProgressMeter - scaffold_4:8126901   8000000.0    10.1 m      75.0 s       34.8%    29.0 m      18.9 m 
INFO  12:09:47,259 ProgressMeter - scaffold_4:8403201   8000000.0    10.6 m      79.0 s       36.0%    29.5 m      18.9 m 
INFO  12:10:17,721 ProgressMeter - scaffold_4:8684701   8000000.0    11.1 m      83.0 s       37.2%    29.9 m      18.8 m 
INFO  12:10:48,170 ProgressMeter - scaffold_4:8963901   8000000.0    11.6 m      87.0 s       38.4%    30.3 m      18.6 m 
INFO  12:11:18,703 ProgressMeter - scaffold_4:9241501   9000000.0    12.2 m      81.0 s       39.6%    30.7 m      18.5 m 
INFO  12:11:49,450 ProgressMeter - scaffold_4:9501101   9000000.0    12.7 m      84.0 s       40.7%    31.1 m      18.4 m 
INFO  12:12:20,298 ProgressMeter - scaffold_4:9694301   9000000.0    13.2 m      87.0 s       41.6%    31.7 m      18.5 m 
INFO  12:12:51,021 ProgressMeter - scaffold_4:9930901   9000000.0    13.7 m      91.0 s       42.6%    32.1 m      18.5 m 
INFO  12:13:21,485 ProgressMeter - scaffold_4:10123201       1.0E7    14.2 m      85.0 s       43.4%    32.7 m      18.5 m 
INFO  12:13:51,615 ProgressMeter - scaffold_4:10398101       1.0E7    14.7 m      88.0 s       44.6%    33.0 m      18.3 m 
INFO  12:14:22,457 ProgressMeter - scaffold_4:10618301       1.0E7    15.2 m      91.0 s       45.5%    33.4 m      18.2 m 
INFO  12:14:53,207 ProgressMeter - scaffold_4:11425901       1.1E7    15.7 m      85.0 s       49.0%    32.1 m      16.4 m 
INFO  12:15:24,034 ProgressMeter - scaffold_4:12499701       1.2E7    16.2 m      81.0 s       53.6%    30.3 m      14.1 m 
INFO  12:15:54,199 ProgressMeter - scaffold_4:13170401       1.3E7    16.8 m      77.0 s       56.5%    29.7 m      12.9 m 
INFO  12:16:24,660 ProgressMeter - scaffold_4:13375801       1.3E7    17.3 m      79.0 s       57.3%    30.1 m      12.8 m 
INFO  12:16:54,990 ProgressMeter - scaffold_4:13649201       1.3E7    17.8 m      82.0 s       58.5%    30.4 m      12.6 m 
INFO  12:17:25,074 ProgressMeter - scaffold_4:13886001       1.3E7    18.3 m      84.0 s       59.5%    30.7 m      12.4 m 
INFO  12:17:55,126 ProgressMeter - scaffold_4:14126201       1.4E7    18.8 m      80.0 s       60.6%    31.0 m      12.2 m 
INFO  12:18:25,423 ProgressMeter - scaffold_4:14392401       1.4E7    19.3 m      82.0 s       61.7%    31.2 m      12.0 m 
INFO  12:18:55,736 ProgressMeter - scaffold_4:14665301       1.4E7    19.8 m      84.0 s       62.9%    31.4 m      11.7 m 
INFO  12:19:26,113 ProgressMeter - scaffold_4:14949201       1.4E7    20.3 m      86.0 s       64.1%    31.6 m      11.4 m 
INFO  12:19:56,479 ProgressMeter - scaffold_4:15222601       1.5E7    20.8 m      83.0 s       65.3%    31.9 m      11.1 m 
INFO  12:20:26,882 ProgressMeter - scaffold_4:15493101       1.5E7    21.3 m      85.0 s       66.4%    32.0 m      10.8 m 
INFO  12:20:57,263 ProgressMeter - scaffold_4:15769601       1.5E7    21.8 m      87.0 s       67.6%    32.2 m      10.4 m 
INFO  12:21:27,390 ProgressMeter - scaffold_4:16035101       1.6E7    22.3 m      83.0 s       68.7%    32.4 m      10.1 m 
INFO  12:21:57,845 ProgressMeter - scaffold_4:16316401       1.6E7    22.8 m      85.0 s       69.9%    32.6 m       9.8 m 
INFO  12:22:28,327 ProgressMeter - scaffold_4:16597701       1.6E7    23.3 m      87.0 s       71.1%    32.8 m       9.5 m 
INFO  12:22:58,689 ProgressMeter - scaffold_4:16919501       1.6E7    23.8 m      89.0 s       72.5%    32.8 m       9.0 m 
INFO  12:23:29,023 ProgressMeter - scaffold_4:17204601       1.7E7    24.3 m      85.0 s       73.7%    33.0 m       8.7 m 
INFO  12:23:59,543 ProgressMeter - scaffold_4:17487301       1.7E7    24.8 m      87.0 s       75.0%    33.1 m       8.3 m 
INFO  12:24:30,122 ProgressMeter - scaffold_4:17771801       1.7E7    25.3 m      89.0 s       76.2%    33.3 m       7.9 m 
INFO  12:25:00,486 ProgressMeter - scaffold_4:18038801       1.8E7    25.9 m      86.0 s       77.3%    33.4 m       7.6 m 
INFO  12:25:30,778 ProgressMeter - scaffold_4:18314401       1.8E7    26.4 m      87.0 s       78.5%    33.6 m       7.2 m 
INFO  12:26:01,180 ProgressMeter - scaffold_4:18588601       1.8E7    26.9 m      89.0 s       79.7%    33.7 m       6.9 m 
INFO  12:26:31,560 ProgressMeter - scaffold_4:18856501       1.8E7    27.4 m      91.0 s       80.8%    33.9 m       6.5 m 
INFO  12:27:02,047 ProgressMeter - scaffold_4:19127701       1.9E7    27.9 m      88.0 s       82.0%    34.0 m       6.1 m 
INFO  12:27:32,395 ProgressMeter - scaffold_4:19376801       1.9E7    28.4 m      89.0 s       83.1%    34.2 m       5.8 m 
INFO  12:28:02,762 ProgressMeter - scaffold_4:19630001       1.9E7    28.9 m      91.0 s       84.1%    34.3 m       5.4 m 
INFO  12:28:33,209 ProgressMeter - scaffold_4:19906201       1.9E7    29.4 m      92.0 s       85.3%    34.5 m       5.1 m 
INFO  12:29:03,539 ProgressMeter - scaffold_4:20168701       2.0E7    29.9 m      89.0 s       86.5%    34.6 m       4.7 m 
INFO  12:29:34,086 ProgressMeter - scaffold_4:20450601       2.0E7    30.4 m      91.0 s       87.7%    34.7 m       4.3 m 
INFO  12:30:04,627 ProgressMeter - scaffold_4:20710401       2.0E7    30.9 m      92.0 s       88.8%    34.8 m       3.9 m 
INFO  12:30:35,198 ProgressMeter - scaffold_4:20889101       2.0E7    31.4 m      94.0 s       89.5%    35.1 m       3.7 m 
INFO  12:31:05,640 ProgressMeter - scaffold_4:21117101       2.1E7    31.9 m      91.0 s       90.5%    35.3 m       3.3 m 
INFO  12:31:36,305 ProgressMeter - scaffold_4:21306101       2.1E7    32.5 m      92.0 s       91.3%    35.5 m       3.1 m 
INFO  12:32:06,521 ProgressMeter - scaffold_4:21569901       2.1E7    33.0 m      94.0 s       92.5%    35.6 m       2.7 m 
INFO  12:32:36,587 ProgressMeter - scaffold_4:21815001       2.1E7    33.5 m      95.0 s       93.5%    35.8 m       2.3 m 
INFO  12:33:06,945 ProgressMeter - scaffold_4:22106901       2.2E7    34.0 m      92.0 s       94.8%    35.8 m     112.0 s 
INFO  12:33:37,274 ProgressMeter - scaffold_4:22403501       2.2E7    34.5 m      94.0 s       96.0%    35.9 m      85.0 s 
INFO  12:34:07,452 ProgressMeter - scaffold_4:22742601       2.2E7    35.0 m      95.0 s       97.5%    35.9 m      54.0 s 
INFO  12:34:27,659 ProgressMeter -            done   2.3328337E7    35.3 m      90.0 s      100.0%    35.3 m       0.0 s 
INFO  12:34:27,685 ProgressMeter - Total runtime 2118.72 secs, 35.31 min, 0.59 hours 
------------------------------------------------------------------------------------------
Done. There were 9 WARN messages, the first 9 are repeated below.
WARN  11:59:07,778 IndexDictionaryUtils - Track variant doesn't have a sequence dictionary built in, skipping dictionary validation 
WARN  11:59:07,846 IndexDictionaryUtils - Track variant2 doesn't have a sequence dictionary built in, skipping dictionary validation 
WARN  11:59:07,847 IndexDictionaryUtils - Track variant3 doesn't have a sequence dictionary built in, skipping dictionary validation 
WARN  11:59:07,847 IndexDictionaryUtils - Track variant4 doesn't have a sequence dictionary built in, skipping dictionary validation 
WARN  11:59:07,847 IndexDictionaryUtils - Track variant5 doesn't have a sequence dictionary built in, skipping dictionary validation 
WARN  11:59:11,790 StrandBiasTest - StrandBiasBySample annotation exists in input VCF header. Attempting to use StrandBiasBySample values to calculate strand bias annotation values. If no sample has the SB genotype annotation, annotation may still fail. 
WARN  11:59:11,790 InbreedingCoeff - Annotation will not be calculated. InbreedingCoeff requires at least 10 unrelated samples. 
WARN  11:59:11,892 StrandBiasTest - StrandBiasBySample annotation exists in input VCF header. Attempting to use StrandBiasBySample values to calculate strand bias annotation values. If no sample has the SB genotype annotation, annotation may still fail. 
WARN  11:59:29,088 HaplotypeScore - Annotation will not be calculated, must be called from UnifiedGenotyper, not org.broadinstitute.gatk.tools.walkers.variantutils.GenotypeGVCFs 
------------------------------------------------------------------------------------------
