INFO  11:59:02,206 HelpFormatter - -------------------------------------------------------------------------------- 
INFO  11:59:02,223 HelpFormatter - The Genome Analysis Toolkit (GATK) v3.7-0-gcfedb67, Compiled 2016/12/12 11:21:18 
INFO  11:59:02,223 HelpFormatter - Copyright (c) 2010-2016 The Broad Institute 
INFO  11:59:02,241 HelpFormatter - For support and documentation go to https://software.broadinstitute.org/gatk 
INFO  11:59:02,241 HelpFormatter - [Wed Dec 02 11:59:02 CET 2020] Executing on Linux 4.19.0-8-amd64 amd64 
INFO  11:59:02,241 HelpFormatter - Java HotSpot(TM) 64-Bit Server VM 1.8.0_60-b27 
INFO  11:59:02,252 HelpFormatter - Program Args: -T GenotypeGVCFs -R JIC_reference/alygenomes.fasta -V BAB_12da_HC.g.vcf.gz -V HRA_01ta_HC.g.vcf.gz -V SUB_03da_HC.g.vcf.gz -V TBG_06ta_HC.g.vcf.gz -V ZEP_07da_HC.g.vcf.gz --max_num_PL_values 1500 -nt 1 -L scaffold_9 -o scaffold_9arenosa.vcf.gz 
INFO  11:59:02,260 HelpFormatter - Executing as vlkofly@black1.cerit-sc.cz on Linux 4.19.0-8-amd64 amd64; Java HotSpot(TM) 64-Bit Server VM 1.8.0_60-b27. 
INFO  11:59:02,314 HelpFormatter - Date/Time: 2020/12/02 11:59:02 
INFO  11:59:02,314 HelpFormatter - -------------------------------------------------------------------------------- 
INFO  11:59:02,368 HelpFormatter - -------------------------------------------------------------------------------- 
INFO  11:59:02,536 GenomeAnalysisEngine - Strictness is SILENT 
INFO  11:59:04,691 GenomeAnalysisEngine - Downsampling Settings: Method: BY_SAMPLE, Target Coverage: 1000 
INFO  11:59:08,049 IntervalUtils - Processing 1906741 bp from intervals 
WARN  11:59:08,050 IndexDictionaryUtils - Track variant doesn't have a sequence dictionary built in, skipping dictionary validation 
WARN  11:59:08,053 IndexDictionaryUtils - Track variant2 doesn't have a sequence dictionary built in, skipping dictionary validation 
WARN  11:59:08,054 IndexDictionaryUtils - Track variant3 doesn't have a sequence dictionary built in, skipping dictionary validation 
WARN  11:59:08,054 IndexDictionaryUtils - Track variant4 doesn't have a sequence dictionary built in, skipping dictionary validation 
WARN  11:59:08,054 IndexDictionaryUtils - Track variant5 doesn't have a sequence dictionary built in, skipping dictionary validation 
INFO  11:59:09,088 GenomeAnalysisEngine - Preparing for traversal 
INFO  11:59:09,113 GenomeAnalysisEngine - Done preparing for traversal 
INFO  11:59:09,113 ProgressMeter - [INITIALIZATION COMPLETE; STARTING PROCESSING] 
INFO  11:59:09,114 ProgressMeter -                 | processed |    time |    per 1M |           |   total | remaining 
INFO  11:59:09,115 ProgressMeter -        Location |     sites | elapsed |     sites | completed | runtime |   runtime 
WARN  11:59:11,418 StrandBiasTest - StrandBiasBySample annotation exists in input VCF header. Attempting to use StrandBiasBySample values to calculate strand bias annotation values. If no sample has the SB genotype annotation, annotation may still fail. 
WARN  11:59:11,436 InbreedingCoeff - Annotation will not be calculated. InbreedingCoeff requires at least 10 unrelated samples. 
WARN  11:59:11,437 StrandBiasTest - StrandBiasBySample annotation exists in input VCF header. Attempting to use StrandBiasBySample values to calculate strand bias annotation values. If no sample has the SB genotype annotation, annotation may still fail. 
INFO  11:59:11,437 GenotypeGVCFs - Notice that the -ploidy parameter is ignored in GenotypeGVCFs tool as this is automatically determined by the input variant files 
INFO  11:59:41,291 ProgressMeter - scaffold_9:1213401   1000000.0    32.0 s      32.0 s       63.6%    50.0 s      18.0 s 
INFO  12:00:11,367 ProgressMeter - scaffold_9:1420601   1000000.0    62.0 s      62.0 s       74.5%    83.0 s      21.0 s 
INFO  12:00:41,564 ProgressMeter - scaffold_9:1650701   1000000.0    92.0 s      92.0 s       86.6%   106.0 s      14.0 s 
INFO  12:01:12,350 ProgressMeter - scaffold_9:1872001   1000000.0     2.1 m       2.1 m       98.2%     2.1 m       2.0 s 
INFO  12:01:14,264 ProgressMeter -            done   1906741.0     2.1 m      65.0 s      100.0%     2.1 m       0.0 s 
INFO  12:01:14,274 ProgressMeter - Total runtime 125.16 secs, 2.09 min, 0.03 hours 
------------------------------------------------------------------------------------------
Done. There were 8 WARN messages, the first 8 are repeated below.
WARN  11:59:08,050 IndexDictionaryUtils - Track variant doesn't have a sequence dictionary built in, skipping dictionary validation 
WARN  11:59:08,053 IndexDictionaryUtils - Track variant2 doesn't have a sequence dictionary built in, skipping dictionary validation 
WARN  11:59:08,054 IndexDictionaryUtils - Track variant3 doesn't have a sequence dictionary built in, skipping dictionary validation 
WARN  11:59:08,054 IndexDictionaryUtils - Track variant4 doesn't have a sequence dictionary built in, skipping dictionary validation 
WARN  11:59:08,054 IndexDictionaryUtils - Track variant5 doesn't have a sequence dictionary built in, skipping dictionary validation 
WARN  11:59:11,418 StrandBiasTest - StrandBiasBySample annotation exists in input VCF header. Attempting to use StrandBiasBySample values to calculate strand bias annotation values. If no sample has the SB genotype annotation, annotation may still fail. 
WARN  11:59:11,436 InbreedingCoeff - Annotation will not be calculated. InbreedingCoeff requires at least 10 unrelated samples. 
WARN  11:59:11,437 StrandBiasTest - StrandBiasBySample annotation exists in input VCF header. Attempting to use StrandBiasBySample values to calculate strand bias annotation values. If no sample has the SB genotype annotation, annotation may still fail. 
------------------------------------------------------------------------------------------
