INFO  11:59:02,179 HelpFormatter - -------------------------------------------------------------------------------- 
INFO  11:59:02,213 HelpFormatter - The Genome Analysis Toolkit (GATK) v3.7-0-gcfedb67, Compiled 2016/12/12 11:21:18 
INFO  11:59:02,214 HelpFormatter - Copyright (c) 2010-2016 The Broad Institute 
INFO  11:59:02,215 HelpFormatter - For support and documentation go to https://software.broadinstitute.org/gatk 
INFO  11:59:02,215 HelpFormatter - [Wed Dec 02 11:59:02 CET 2020] Executing on Linux 4.19.0-8-amd64 amd64 
INFO  11:59:02,215 HelpFormatter - Java HotSpot(TM) 64-Bit Server VM 1.8.0_60-b27 
INFO  11:59:02,218 HelpFormatter - Program Args: -T GenotypeGVCFs -R JIC_reference/alygenomes.fasta -V BAB_12da_HC.g.vcf.gz -V HRA_01ta_HC.g.vcf.gz -V SUB_03da_HC.g.vcf.gz -V TBG_06ta_HC.g.vcf.gz -V ZEP_07da_HC.g.vcf.gz --max_num_PL_values 1500 -nt 1 -L scaffold_8 -o scaffold_8arenosa.vcf.gz 
INFO  11:59:02,229 HelpFormatter - Executing as vlkofly@black1.cerit-sc.cz on Linux 4.19.0-8-amd64 amd64; Java HotSpot(TM) 64-Bit Server VM 1.8.0_60-b27. 
INFO  11:59:02,230 HelpFormatter - Date/Time: 2020/12/02 11:59:02 
INFO  11:59:02,231 HelpFormatter - -------------------------------------------------------------------------------- 
INFO  11:59:02,231 HelpFormatter - -------------------------------------------------------------------------------- 
INFO  11:59:02,644 GenomeAnalysisEngine - Strictness is SILENT 
INFO  11:59:05,373 GenomeAnalysisEngine - Downsampling Settings: Method: BY_SAMPLE, Target Coverage: 1000 
INFO  11:59:09,173 IntervalUtils - Processing 22951293 bp from intervals 
WARN  11:59:09,174 IndexDictionaryUtils - Track variant doesn't have a sequence dictionary built in, skipping dictionary validation 
WARN  11:59:09,176 IndexDictionaryUtils - Track variant2 doesn't have a sequence dictionary built in, skipping dictionary validation 
WARN  11:59:09,177 IndexDictionaryUtils - Track variant3 doesn't have a sequence dictionary built in, skipping dictionary validation 
WARN  11:59:09,178 IndexDictionaryUtils - Track variant4 doesn't have a sequence dictionary built in, skipping dictionary validation 
WARN  11:59:09,178 IndexDictionaryUtils - Track variant5 doesn't have a sequence dictionary built in, skipping dictionary validation 
INFO  11:59:09,801 GenomeAnalysisEngine - Preparing for traversal 
INFO  11:59:09,802 GenomeAnalysisEngine - Done preparing for traversal 
INFO  11:59:09,802 ProgressMeter - [INITIALIZATION COMPLETE; STARTING PROCESSING] 
INFO  11:59:09,803 ProgressMeter -                 | processed |    time |    per 1M |           |   total | remaining 
INFO  11:59:09,804 ProgressMeter -        Location |     sites | elapsed |     sites | completed | runtime |   runtime 
WARN  11:59:13,334 StrandBiasTest - StrandBiasBySample annotation exists in input VCF header. Attempting to use StrandBiasBySample values to calculate strand bias annotation values. If no sample has the SB genotype annotation, annotation may still fail. 
WARN  11:59:13,335 InbreedingCoeff - Annotation will not be calculated. InbreedingCoeff requires at least 10 unrelated samples. 
WARN  11:59:13,335 StrandBiasTest - StrandBiasBySample annotation exists in input VCF header. Attempting to use StrandBiasBySample values to calculate strand bias annotation values. If no sample has the SB genotype annotation, annotation may still fail. 
INFO  11:59:13,336 GenotypeGVCFs - Notice that the -ploidy parameter is ignored in GenotypeGVCFs tool as this is automatically determined by the input variant files 
INFO  11:59:41,482 ProgressMeter - scaffold_8:1231501   1000000.0    31.0 s      31.0 s        5.4%     9.6 m       9.1 m 
INFO  12:00:11,653 ProgressMeter - scaffold_8:1429601   1000000.0    61.0 s      61.0 s        6.2%    16.3 m      15.3 m 
INFO  12:00:41,869 ProgressMeter - scaffold_8:1689601   1000000.0    91.0 s      91.0 s        7.4%    20.6 m      19.1 m 
INFO  12:01:13,894 ProgressMeter - scaffold_8:1925201   1000000.0     2.1 m       2.1 m        8.4%    24.6 m      22.6 m 
INFO  12:01:43,944 ProgressMeter - scaffold_8:3220001   3000000.0     2.6 m      51.0 s       14.0%    18.3 m      15.7 m 
INFO  12:02:14,090 ProgressMeter - scaffold_8:3564301   3000000.0     3.1 m      61.0 s       15.5%    19.7 m      16.7 m 
INFO  12:02:44,128 ProgressMeter - scaffold_8:4362501   4000000.0     3.6 m      53.0 s       19.0%    18.8 m      15.2 m 
INFO  12:03:14,213 ProgressMeter - scaffold_8:5038701   5000000.0     4.1 m      48.0 s       22.0%    18.5 m      14.5 m 
INFO  12:03:44,430 ProgressMeter - scaffold_8:5311301   5000000.0     4.6 m      54.0 s       23.1%    19.7 m      15.2 m 
INFO  12:04:14,484 ProgressMeter - scaffold_8:6574601   6000000.0     5.1 m      50.0 s       28.6%    17.7 m      12.6 m 
INFO  12:04:45,047 ProgressMeter - scaffold_8:6758501   6000000.0     5.6 m      55.0 s       29.4%    18.9 m      13.3 m 
INFO  12:05:15,580 ProgressMeter - scaffold_8:6968001   6000000.0     6.1 m      60.0 s       30.4%    20.0 m      14.0 m 
INFO  12:05:45,622 ProgressMeter - scaffold_8:7228101   7000000.0     6.6 m      56.0 s       31.5%    20.9 m      14.3 m 
INFO  12:06:15,706 ProgressMeter - scaffold_8:7431501   7000000.0     7.1 m      60.0 s       32.4%    21.9 m      14.8 m 
INFO  12:06:45,776 ProgressMeter - scaffold_8:7708001   7000000.0     7.6 m      65.0 s       33.6%    22.6 m      15.0 m 
INFO  12:07:15,875 ProgressMeter - scaffold_8:7941501   7000000.0     8.1 m      69.0 s       34.6%    23.4 m      15.3 m 
INFO  12:07:45,911 ProgressMeter - scaffold_8:8184901   8000000.0     8.6 m      64.0 s       35.7%    24.1 m      15.5 m 
INFO  12:08:15,949 ProgressMeter - scaffold_8:8467401   8000000.0     9.1 m      68.0 s       36.9%    24.7 m      15.6 m 
INFO  12:08:45,992 ProgressMeter - scaffold_8:8730801   8000000.0     9.6 m      72.0 s       38.0%    25.2 m      15.6 m 
INFO  12:09:16,026 ProgressMeter - scaffold_8:8999101   8000000.0    10.1 m      75.0 s       39.2%    25.8 m      15.7 m 
INFO  12:09:46,279 ProgressMeter - scaffold_8:9271601   9000000.0    10.6 m      70.0 s       40.4%    26.2 m      15.6 m 
INFO  12:10:16,516 ProgressMeter - scaffold_8:9546001   9000000.0    11.1 m      74.0 s       41.6%    26.7 m      15.6 m 
INFO  12:10:46,582 ProgressMeter - scaffold_8:9817601   9000000.0    11.6 m      77.0 s       42.8%    27.1 m      15.5 m 
INFO  12:11:16,609 ProgressMeter - scaffold_8:10081401       1.0E7    12.1 m      72.0 s       43.9%    27.5 m      15.4 m 
INFO  12:11:47,067 ProgressMeter - scaffold_8:10344201       1.0E7    12.6 m      75.0 s       45.1%    28.0 m      15.4 m 
INFO  12:12:17,731 ProgressMeter - scaffold_8:10520701       1.0E7    13.1 m      78.0 s       45.8%    28.6 m      15.5 m 
INFO  12:12:47,803 ProgressMeter - scaffold_8:10766201       1.0E7    13.6 m      81.0 s       46.9%    29.0 m      15.4 m 
INFO  12:13:18,097 ProgressMeter - scaffold_8:10951501       1.0E7    14.1 m      84.0 s       47.7%    29.6 m      15.5 m 
INFO  12:13:48,310 ProgressMeter - scaffold_8:11209701       1.1E7    14.6 m      79.0 s       48.8%    30.0 m      15.3 m 
INFO  12:14:18,397 ProgressMeter - scaffold_8:12264201       1.2E7    15.1 m      75.0 s       53.4%    28.3 m      13.2 m 
INFO  12:14:48,890 ProgressMeter - scaffold_8:12905101       1.2E7    15.6 m      78.0 s       56.2%    27.8 m      12.2 m 
INFO  12:15:19,301 ProgressMeter - scaffold_8:13058501       1.3E7    16.2 m      74.0 s       56.9%    28.4 m      12.2 m 
INFO  12:15:49,409 ProgressMeter - scaffold_8:13243901       1.3E7    16.7 m      76.0 s       57.7%    28.9 m      12.2 m 
INFO  12:16:19,998 ProgressMeter - scaffold_8:13456701       1.3E7    17.2 m      79.0 s       58.6%    29.3 m      12.1 m 
INFO  12:16:50,292 ProgressMeter - scaffold_8:13726201       1.3E7    17.7 m      81.0 s       59.8%    29.5 m      11.9 m 
INFO  12:17:20,408 ProgressMeter - scaffold_8:13982501       1.3E7    18.2 m      83.0 s       60.9%    29.8 m      11.7 m 
INFO  12:17:50,807 ProgressMeter - scaffold_8:14189201       1.4E7    18.7 m      80.0 s       61.8%    30.2 m      11.5 m 
INFO  12:18:20,993 ProgressMeter - scaffold_8:14445101       1.4E7    19.2 m      82.0 s       62.9%    30.5 m      11.3 m 
INFO  12:18:51,035 ProgressMeter - scaffold_8:14713001       1.4E7    19.7 m      84.0 s       64.1%    30.7 m      11.0 m 
INFO  12:19:21,116 ProgressMeter - scaffold_8:14976401       1.4E7    20.2 m      86.0 s       65.3%    30.9 m      10.7 m 
INFO  12:19:51,224 ProgressMeter - scaffold_8:15230801       1.5E7    20.7 m      82.0 s       66.4%    31.2 m      10.5 m 
INFO  12:20:21,343 ProgressMeter - scaffold_8:15484101       1.5E7    21.2 m      84.0 s       67.5%    31.4 m      10.2 m 
INFO  12:20:51,406 ProgressMeter - scaffold_8:15736801       1.5E7    21.7 m      86.0 s       68.6%    31.6 m       9.9 m 
INFO  12:21:21,468 ProgressMeter - scaffold_8:15999901       1.5E7    22.2 m      88.0 s       69.7%    31.8 m       9.6 m 
INFO  12:21:51,712 ProgressMeter - scaffold_8:16268001       1.6E7    22.7 m      85.0 s       70.9%    32.0 m       9.3 m 
INFO  12:22:21,817 ProgressMeter - scaffold_8:16553701       1.6E7    23.2 m      86.0 s       72.1%    32.1 m       9.0 m 
INFO  12:22:51,893 ProgressMeter - scaffold_8:16825301       1.6E7    23.7 m      88.0 s       73.3%    32.3 m       8.6 m 
INFO  12:23:21,950 ProgressMeter - scaffold_8:17084401       1.7E7    24.2 m      85.0 s       74.4%    32.5 m       8.3 m 
INFO  12:23:52,137 ProgressMeter - scaffold_8:17350201       1.7E7    24.7 m      87.0 s       75.6%    32.7 m       8.0 m 
INFO  12:24:22,218 ProgressMeter - scaffold_8:17615901       1.7E7    25.2 m      88.0 s       76.8%    32.8 m       7.6 m 
INFO  12:24:52,267 ProgressMeter - scaffold_8:17887601       1.7E7    25.7 m      90.0 s       77.9%    33.0 m       7.3 m 
INFO  12:25:22,345 ProgressMeter - scaffold_8:18143901       1.8E7    26.2 m      87.0 s       79.1%    33.1 m       6.9 m 
INFO  12:25:52,527 ProgressMeter - scaffold_8:18407801       1.8E7    26.7 m      89.0 s       80.2%    33.3 m       6.6 m 
INFO  12:26:22,611 ProgressMeter - scaffold_8:18670801       1.8E7    27.2 m      90.0 s       81.3%    33.4 m       6.2 m 
INFO  12:26:52,756 ProgressMeter - scaffold_8:18930501       1.8E7    27.7 m      92.0 s       82.5%    33.6 m       5.9 m 
INFO  12:27:22,870 ProgressMeter - scaffold_8:19173201       1.9E7    28.2 m      89.0 s       83.5%    33.8 m       5.6 m 
INFO  12:27:53,088 ProgressMeter - scaffold_8:19398901       1.9E7    28.7 m      90.0 s       84.5%    34.0 m       5.3 m 
INFO  12:28:23,167 ProgressMeter - scaffold_8:19663501       1.9E7    29.2 m      92.0 s       85.7%    34.1 m       4.9 m 
INFO  12:28:53,319 ProgressMeter - scaffold_8:19932801       1.9E7    29.7 m      93.0 s       86.8%    34.2 m       4.5 m 
INFO  12:29:23,373 ProgressMeter - scaffold_8:20191001       2.0E7    30.2 m      90.0 s       88.0%    34.3 m       4.1 m 
INFO  12:29:53,557 ProgressMeter - scaffold_8:20442901       2.0E7    30.7 m      92.0 s       89.1%    34.5 m       3.8 m 
INFO  12:30:23,627 ProgressMeter - scaffold_8:20630401       2.0E7    31.2 m      93.0 s       89.9%    34.7 m       3.5 m 
INFO  12:30:53,709 ProgressMeter - scaffold_8:20853701       2.0E7    31.7 m      95.0 s       90.9%    34.9 m       3.2 m 
INFO  12:31:23,836 ProgressMeter - scaffold_8:21018201       2.1E7    32.2 m      92.0 s       91.6%    35.2 m       3.0 m 
INFO  12:31:53,987 ProgressMeter - scaffold_8:21264901       2.1E7    32.7 m      93.0 s       92.7%    35.3 m       2.6 m 
INFO  12:32:24,099 ProgressMeter - scaffold_8:21518801       2.1E7    33.2 m      94.0 s       93.8%    35.4 m       2.2 m 
INFO  12:32:54,359 ProgressMeter - scaffold_8:21777101       2.1E7    33.7 m      96.0 s       94.9%    35.6 m     109.0 s 
INFO  12:33:24,397 ProgressMeter - scaffold_8:22066101       2.2E7    34.2 m      93.0 s       96.1%    35.6 m      82.0 s 
INFO  12:33:54,413 ProgressMeter - scaffold_8:22385201       2.2E7    34.7 m      94.0 s       97.5%    35.6 m      52.0 s 
INFO  12:34:23,944 ProgressMeter -            done   2.2951293E7    35.2 m      92.0 s      100.0%    35.2 m       0.0 s 
INFO  12:34:23,965 ProgressMeter - Total runtime 2114.16 secs, 35.24 min, 0.59 hours 
------------------------------------------------------------------------------------------
Done. There were 8 WARN messages, the first 8 are repeated below.
WARN  11:59:09,174 IndexDictionaryUtils - Track variant doesn't have a sequence dictionary built in, skipping dictionary validation 
WARN  11:59:09,176 IndexDictionaryUtils - Track variant2 doesn't have a sequence dictionary built in, skipping dictionary validation 
WARN  11:59:09,177 IndexDictionaryUtils - Track variant3 doesn't have a sequence dictionary built in, skipping dictionary validation 
WARN  11:59:09,178 IndexDictionaryUtils - Track variant4 doesn't have a sequence dictionary built in, skipping dictionary validation 
WARN  11:59:09,178 IndexDictionaryUtils - Track variant5 doesn't have a sequence dictionary built in, skipping dictionary validation 
WARN  11:59:13,334 StrandBiasTest - StrandBiasBySample annotation exists in input VCF header. Attempting to use StrandBiasBySample values to calculate strand bias annotation values. If no sample has the SB genotype annotation, annotation may still fail. 
WARN  11:59:13,335 InbreedingCoeff - Annotation will not be calculated. InbreedingCoeff requires at least 10 unrelated samples. 
WARN  11:59:13,335 StrandBiasTest - StrandBiasBySample annotation exists in input VCF header. Attempting to use StrandBiasBySample values to calculate strand bias annotation values. If no sample has the SB genotype annotation, annotation may still fail. 
------------------------------------------------------------------------------------------
