INFO  11:59:02,659 HelpFormatter - -------------------------------------------------------------------------------- 
INFO  11:59:02,870 HelpFormatter - The Genome Analysis Toolkit (GATK) v3.7-0-gcfedb67, Compiled 2016/12/12 11:21:18 
INFO  11:59:02,870 HelpFormatter - Copyright (c) 2010-2016 The Broad Institute 
INFO  11:59:02,882 HelpFormatter - For support and documentation go to https://software.broadinstitute.org/gatk 
INFO  11:59:02,882 HelpFormatter - [Wed Dec 02 11:59:02 CET 2020] Executing on Linux 4.19.0-8-amd64 amd64 
INFO  11:59:02,882 HelpFormatter - Java HotSpot(TM) 64-Bit Server VM 1.8.0_60-b27 
INFO  11:59:02,886 HelpFormatter - Program Args: -T GenotypeGVCFs -R JIC_reference/alygenomes.fasta -V BAB_12da_HC.g.vcf.gz -V HRA_01ta_HC.g.vcf.gz -V SUB_03da_HC.g.vcf.gz -V TBG_06ta_HC.g.vcf.gz -V ZEP_07da_HC.g.vcf.gz --max_num_PL_values 1500 -nt 1 -L scaffold_7 -o scaffold_7arenosa.vcf.gz 
INFO  11:59:02,901 HelpFormatter - Executing as vlkofly@black1.cerit-sc.cz on Linux 4.19.0-8-amd64 amd64; Java HotSpot(TM) 64-Bit Server VM 1.8.0_60-b27. 
INFO  11:59:02,912 HelpFormatter - Date/Time: 2020/12/02 11:59:02 
INFO  11:59:02,912 HelpFormatter - -------------------------------------------------------------------------------- 
INFO  11:59:02,912 HelpFormatter - -------------------------------------------------------------------------------- 
INFO  11:59:03,158 GenomeAnalysisEngine - Strictness is SILENT 
INFO  11:59:05,671 GenomeAnalysisEngine - Downsampling Settings: Method: BY_SAMPLE, Target Coverage: 1000 
INFO  11:59:09,167 IntervalUtils - Processing 24649197 bp from intervals 
WARN  11:59:09,209 IndexDictionaryUtils - Track variant doesn't have a sequence dictionary built in, skipping dictionary validation 
WARN  11:59:09,211 IndexDictionaryUtils - Track variant2 doesn't have a sequence dictionary built in, skipping dictionary validation 
WARN  11:59:09,213 IndexDictionaryUtils - Track variant3 doesn't have a sequence dictionary built in, skipping dictionary validation 
WARN  11:59:09,213 IndexDictionaryUtils - Track variant4 doesn't have a sequence dictionary built in, skipping dictionary validation 
WARN  11:59:09,213 IndexDictionaryUtils - Track variant5 doesn't have a sequence dictionary built in, skipping dictionary validation 
INFO  11:59:10,198 GenomeAnalysisEngine - Preparing for traversal 
INFO  11:59:10,276 GenomeAnalysisEngine - Done preparing for traversal 
INFO  11:59:10,277 ProgressMeter - [INITIALIZATION COMPLETE; STARTING PROCESSING] 
INFO  11:59:10,278 ProgressMeter -                 | processed |    time |    per 1M |           |   total | remaining 
INFO  11:59:10,279 ProgressMeter -        Location |     sites | elapsed |     sites | completed | runtime |   runtime 
WARN  11:59:13,674 StrandBiasTest - StrandBiasBySample annotation exists in input VCF header. Attempting to use StrandBiasBySample values to calculate strand bias annotation values. If no sample has the SB genotype annotation, annotation may still fail. 
WARN  11:59:13,674 InbreedingCoeff - Annotation will not be calculated. InbreedingCoeff requires at least 10 unrelated samples. 
WARN  11:59:13,675 StrandBiasTest - StrandBiasBySample annotation exists in input VCF header. Attempting to use StrandBiasBySample values to calculate strand bias annotation values. If no sample has the SB genotype annotation, annotation may still fail. 
INFO  11:59:13,675 GenotypeGVCFs - Notice that the -ploidy parameter is ignored in GenotypeGVCFs tool as this is automatically determined by the input variant files 
INFO  11:59:40,722 ProgressMeter - scaffold_7:1294601   1000000.0    30.0 s      30.0 s        5.3%     9.5 m       9.0 m 
INFO  12:00:10,791 ProgressMeter - scaffold_7:2338001   2000000.0    60.0 s      30.0 s        9.5%    10.5 m       9.5 m 
INFO  12:00:40,886 ProgressMeter - scaffold_7:2908201   2000000.0    90.0 s      45.0 s       11.8%    12.7 m      11.2 m 
INFO  12:01:10,986 ProgressMeter - scaffold_7:3887801   3000000.0   120.0 s      40.0 s       15.8%    12.7 m      10.7 m 
INFO  12:01:41,003 ProgressMeter - scaffold_7:4287201   4000000.0     2.5 m      37.0 s       17.4%    14.4 m      11.9 m 
INFO  12:02:11,145 ProgressMeter - scaffold_7:4564501   4000000.0     3.0 m      45.0 s       18.5%    16.2 m      13.2 m 
INFO  12:02:41,186 ProgressMeter - scaffold_7:4933801   4000000.0     3.5 m      52.0 s       20.0%    17.5 m      14.0 m 
INFO  12:03:11,237 ProgressMeter - scaffold_7:6060701   6000000.0     4.0 m      40.0 s       24.6%    16.3 m      12.3 m 
INFO  12:03:41,382 ProgressMeter - scaffold_7:6320601   6000000.0     4.5 m      45.0 s       25.6%    17.6 m      13.1 m 
INFO  12:04:11,489 ProgressMeter - scaffold_7:6543101   6000000.0     5.0 m      50.0 s       26.5%    18.9 m      13.9 m 
INFO  12:04:41,777 ProgressMeter - scaffold_7:6733001   6000000.0     5.5 m      55.0 s       27.3%    20.2 m      14.7 m 
INFO  12:05:12,172 ProgressMeter - scaffold_7:6932501   6000000.0     6.0 m      60.0 s       28.1%    21.4 m      15.4 m 
INFO  12:05:42,254 ProgressMeter - scaffold_7:7212801   7000000.0     6.5 m      55.0 s       29.3%    22.3 m      15.8 m 
INFO  12:06:12,304 ProgressMeter - scaffold_7:7422601   7000000.0     7.0 m      60.0 s       30.1%    23.4 m      16.3 m 
INFO  12:06:42,388 ProgressMeter - scaffold_7:7698501   7000000.0     7.5 m      64.0 s       31.2%    24.1 m      16.6 m 
INFO  12:07:12,616 ProgressMeter - scaffold_7:7953101   7000000.0     8.0 m      68.0 s       32.3%    24.9 m      16.9 m 
INFO  12:07:42,785 ProgressMeter - scaffold_7:8177901   8000000.0     8.5 m      64.0 s       33.2%    25.7 m      17.2 m 
INFO  12:08:12,825 ProgressMeter - scaffold_7:8442001   8000000.0     9.0 m      67.0 s       34.2%    26.4 m      17.3 m 
INFO  12:08:42,874 ProgressMeter - scaffold_7:8695001   8000000.0     9.5 m      71.0 s       35.3%    27.0 m      17.5 m 
INFO  12:09:12,946 ProgressMeter - scaffold_7:8965201   8000000.0    10.0 m      75.0 s       36.4%    27.6 m      17.6 m 
INFO  12:09:43,058 ProgressMeter - scaffold_7:9233901   9000000.0    10.5 m      70.0 s       37.5%    28.1 m      17.6 m 
INFO  12:10:13,214 ProgressMeter - scaffold_7:9507801   9000000.0    11.0 m      73.0 s       38.6%    28.6 m      17.6 m 
INFO  12:10:43,263 ProgressMeter - scaffold_7:9781601   9000000.0    11.5 m      76.0 s       39.7%    29.1 m      17.5 m 
INFO  12:11:13,282 ProgressMeter - scaffold_7:10042701       1.0E7    12.0 m      72.0 s       40.7%    29.5 m      17.5 m 
INFO  12:11:43,487 ProgressMeter - scaffold_7:10311601       1.0E7    12.6 m      75.0 s       41.8%    30.0 m      17.4 m 
INFO  12:12:13,857 ProgressMeter - scaffold_7:10484101       1.0E7    13.1 m      78.0 s       42.5%    30.7 m      17.6 m 
INFO  12:12:43,948 ProgressMeter - scaffold_7:11050901       1.1E7    13.6 m      73.0 s       44.8%    30.2 m      16.7 m 
INFO  12:13:14,052 ProgressMeter - scaffold_7:13074601       1.3E7    14.1 m      64.0 s       53.0%    26.5 m      12.4 m 
INFO  12:13:44,218 ProgressMeter - scaffold_7:13345001       1.3E7    14.6 m      67.0 s       54.1%    26.9 m      12.3 m 
INFO  12:14:14,384 ProgressMeter - scaffold_7:13589101       1.3E7    15.1 m      69.0 s       55.1%    27.3 m      12.3 m 
INFO  12:14:44,705 ProgressMeter - scaffold_7:13783101       1.3E7    15.6 m      71.0 s       55.9%    27.8 m      12.3 m 
INFO  12:15:15,168 ProgressMeter - scaffold_7:13949001       1.3E7    16.1 m      74.0 s       56.6%    28.4 m      12.3 m 
INFO  12:15:45,413 ProgressMeter - scaffold_7:14114201       1.4E7    16.6 m      71.0 s       57.3%    29.0 m      12.4 m 
INFO  12:16:15,693 ProgressMeter - scaffold_7:14336401       1.4E7    17.1 m      73.0 s       58.2%    29.4 m      12.3 m 
INFO  12:16:45,976 ProgressMeter - scaffold_7:14594201       1.4E7    17.6 m      75.0 s       59.2%    29.7 m      12.1 m 
INFO  12:17:16,119 ProgressMeter - scaffold_7:14860601       1.4E7    18.1 m      77.0 s       60.3%    30.0 m      11.9 m 
INFO  12:17:46,240 ProgressMeter - scaffold_7:15057601       1.5E7    18.6 m      74.0 s       61.1%    30.4 m      11.8 m 
INFO  12:18:16,360 ProgressMeter - scaffold_7:15323201       1.5E7    19.1 m      76.0 s       62.2%    30.7 m      11.6 m 
INFO  12:18:46,387 ProgressMeter - scaffold_7:15589801       1.5E7    19.6 m      78.0 s       63.2%    31.0 m      11.4 m 
INFO  12:19:16,417 ProgressMeter - scaffold_7:15864401       1.5E7    20.1 m      80.0 s       64.4%    31.2 m      11.1 m 
INFO  12:19:46,467 ProgressMeter - scaffold_7:16140201       1.6E7    20.6 m      77.0 s       65.5%    31.5 m      10.9 m 
INFO  12:20:16,507 ProgressMeter - scaffold_7:16420301       1.6E7    21.1 m      79.0 s       66.6%    31.7 m      10.6 m 
INFO  12:20:46,580 ProgressMeter - scaffold_7:16696401       1.6E7    21.6 m      81.0 s       67.7%    31.9 m      10.3 m 
INFO  12:21:16,698 ProgressMeter - scaffold_7:16971901       1.6E7    22.1 m      82.0 s       68.9%    32.1 m      10.0 m 
INFO  12:21:46,930 ProgressMeter - scaffold_7:17234901       1.7E7    22.6 m      79.0 s       69.9%    32.3 m       9.7 m 
INFO  12:22:17,008 ProgressMeter - scaffold_7:17512001       1.7E7    23.1 m      81.0 s       71.0%    32.5 m       9.4 m 
INFO  12:22:47,084 ProgressMeter - scaffold_7:17773701       1.7E7    23.6 m      83.0 s       72.1%    32.7 m       9.1 m 
INFO  12:23:17,182 ProgressMeter - scaffold_7:18027401       1.8E7    24.1 m      80.0 s       73.1%    33.0 m       8.9 m 
INFO  12:23:47,337 ProgressMeter - scaffold_7:18287701       1.8E7    24.6 m      82.0 s       74.2%    33.2 m       8.6 m 
INFO  12:24:17,438 ProgressMeter - scaffold_7:18556501       1.8E7    25.1 m      83.0 s       75.3%    33.4 m       8.2 m 
INFO  12:24:47,511 ProgressMeter - scaffold_7:18824601       1.8E7    25.6 m      85.0 s       76.4%    33.5 m       7.9 m 
INFO  12:25:17,671 ProgressMeter - scaffold_7:19092101       1.9E7    26.1 m      82.0 s       77.5%    33.7 m       7.6 m 
INFO  12:25:47,932 ProgressMeter - scaffold_7:19360601       1.9E7    26.6 m      84.0 s       78.5%    33.9 m       7.3 m 
INFO  12:26:18,021 ProgressMeter - scaffold_7:19630501       1.9E7    27.1 m      85.0 s       79.6%    34.0 m       6.9 m 
INFO  12:26:48,128 ProgressMeter - scaffold_7:19894701       1.9E7    27.6 m      87.0 s       80.7%    34.2 m       6.6 m 
INFO  12:27:18,230 ProgressMeter - scaffold_7:20151401       2.0E7    28.1 m      84.0 s       81.8%    34.4 m       6.3 m 
INFO  12:27:48,455 ProgressMeter - scaffold_7:20378901       2.0E7    28.6 m      85.0 s       82.7%    34.6 m       6.0 m 
INFO  12:28:18,535 ProgressMeter - scaffold_7:20643101       2.0E7    29.1 m      87.0 s       83.7%    34.8 m       5.7 m 
INFO  12:28:48,658 ProgressMeter - scaffold_7:20910301       2.0E7    29.6 m      88.0 s       84.8%    34.9 m       5.3 m 
INFO  12:29:18,746 ProgressMeter - scaffold_7:21173001       2.1E7    30.1 m      86.0 s       85.9%    35.1 m       4.9 m 
INFO  12:29:48,914 ProgressMeter - scaffold_7:21438301       2.1E7    30.6 m      87.0 s       87.0%    35.2 m       4.6 m 
INFO  12:30:19,037 ProgressMeter - scaffold_7:21648701       2.1E7    31.1 m      88.0 s       87.8%    35.4 m       4.3 m 
INFO  12:30:49,322 ProgressMeter - scaffold_7:21866301       2.1E7    31.6 m      90.0 s       88.7%    35.7 m       4.0 m 
INFO  12:31:19,586 ProgressMeter - scaffold_7:22043201       2.2E7    32.2 m      87.0 s       89.4%    36.0 m       3.8 m 
INFO  12:31:49,739 ProgressMeter - scaffold_7:22278001       2.2E7    32.7 m      89.0 s       90.4%    36.1 m       3.5 m 
INFO  12:32:19,869 ProgressMeter - scaffold_7:22539001       2.2E7    33.2 m      90.0 s       91.4%    36.3 m       3.1 m 
INFO  12:32:50,012 ProgressMeter - scaffold_7:23802901       2.3E7    33.7 m      87.0 s       96.6%    34.8 m      71.0 s 
INFO  12:33:20,060 ProgressMeter - scaffold_7:24084801       2.4E7    34.2 m      85.0 s       97.7%    35.0 m      48.0 s 
INFO  12:33:50,097 ProgressMeter - scaffold_7:24384701       2.4E7    34.7 m      86.0 s       98.9%    35.0 m      22.0 s 
INFO  12:34:12,502 ProgressMeter -            done   2.4649197E7    35.0 m      85.0 s      100.0%    35.0 m       0.0 s 
INFO  12:34:12,524 ProgressMeter - Total runtime 2102.25 secs, 35.04 min, 0.58 hours 
------------------------------------------------------------------------------------------
Done. There were 8 WARN messages, the first 8 are repeated below.
WARN  11:59:09,209 IndexDictionaryUtils - Track variant doesn't have a sequence dictionary built in, skipping dictionary validation 
WARN  11:59:09,211 IndexDictionaryUtils - Track variant2 doesn't have a sequence dictionary built in, skipping dictionary validation 
WARN  11:59:09,213 IndexDictionaryUtils - Track variant3 doesn't have a sequence dictionary built in, skipping dictionary validation 
WARN  11:59:09,213 IndexDictionaryUtils - Track variant4 doesn't have a sequence dictionary built in, skipping dictionary validation 
WARN  11:59:09,213 IndexDictionaryUtils - Track variant5 doesn't have a sequence dictionary built in, skipping dictionary validation 
WARN  11:59:13,674 StrandBiasTest - StrandBiasBySample annotation exists in input VCF header. Attempting to use StrandBiasBySample values to calculate strand bias annotation values. If no sample has the SB genotype annotation, annotation may still fail. 
WARN  11:59:13,674 InbreedingCoeff - Annotation will not be calculated. InbreedingCoeff requires at least 10 unrelated samples. 
WARN  11:59:13,675 StrandBiasTest - StrandBiasBySample annotation exists in input VCF header. Attempting to use StrandBiasBySample values to calculate strand bias annotation values. If no sample has the SB genotype annotation, annotation may still fail. 
------------------------------------------------------------------------------------------
