E00401:25:H3NTKALXX:5:1101:11332:1362 1:N:0:NCGTCC 55 0 55 96
E00401:25:H3NTKALXX:5:1101:11332:1362 2:N:0:NCGTCC 0 0 0 0
E00401:25:H3NTKALXX:5:1101:16386:1362 1:N:0:NCGTCC 113 0 113 38
E00401:25:H3NTKALXX:5:1101:16386:1362 2:N:0:NCGTCC 97 0 97 54
E00401:25:H3NTKALXX:5:1101:17360:1362 1:N:0:NCGTCC 0 0 0 0
E00401:25:H3NTKALXX:5:1101:17360:1362 2:N:0:NCGTCC 0 0 0 0
E00401:25:H3NTKALXX:5:1101:18497:1362 1:N:0:NCGTCC 144 0 144 7
E00401:25:H3NTKALXX:5:1101:18497:1362 2:N:0:NCGTCC 99 0 99 52
E00401:25:H3NTKALXX:5:1101:18639:1362 1:N:0:NCGTCC 62 0 62 89
E00401:25:H3NTKALXX:5:1101:18639:1362 2:N:0:NCGTCC 0 0 0 0
E00401:25:H3NTKALXX:5:1101:20973:1362 1:N:0:NCGTCC 62 0 62 89
E00401:25:H3NTKALXX:5:1101:20973:1362 2:N:0:NCGTCC 0 0 0 0
E00401:25:H3NTKALXX:5:1101:16072:1379 1:N:0:NCGTCC 147 0 147 4
E00401:25:H3NTKALXX:5:1101:16072:1379 2:N:0:NCGTCC 0 0 0 0
E00401:25:H3NTKALXX:5:1101:19502:1379 1:N:0:NCGTCC 151 0 151 0
E00401:25:H3NTKALXX:5:1101:19502:1379 2:N:0:NCGTCC 110 0 110 41
E00401:25:H3NTKALXX:5:1101:20577:1379 1:N:0:NCGTCC 97 0 97 54
E00401:25:H3NTKALXX:5:1101:20577:1379 2:N:0:NCGTCC 82 0 82 69
E00401:25:H3NTKALXX:5:1101:21856:1379 1:N:0:NCGTCC 120 0 120 31
E00401:25:H3NTKALXX:5:1101:21856:1379 2:N:0:NCGTCC 109 0 109 42
E00401:25:H3NTKALXX:5:1101:24211:1379 1:N:0:NCGTCC 57 0 57 94
E00401:25:H3NTKALXX:5:1101:24211:1379 2:N:0:NCGTCC 105 0 105 46
E00401:25:H3NTKALXX:5:1101:12997:1397 1:N:0:NCGTCC 59 0 59 92
E00401:25:H3NTKALXX:5:1101:12997:1397 2:N:0:NCGTCC 58 0 58 93
E00401:25:H3NTKALXX:5:1101:15026:1397 1:N:0:NCGTCC 58 0 58 93
E00401:25:H3NTKALXX:5:1101:15026:1397 2:N:0:NCGTCC 0 0 0 0
E00401:25:H3NTKALXX:5:1101:15595:1397 1:N:0:NCGTCC 151 0 151 0
E00401:25:H3NTKALXX:5:1101:15595:1397 2:N:0:NCGTCC 110 0 110 41
E00401:25:H3NTKALXX:5:1101:15838:1397 1:N:0:NCGTCC 151 0 151 0
E00401:25:H3NTKALXX:5:1101:15838:1397 2:N:0:NCGTCC 118 0 118 33
E00401:25:H3NTKALXX:5:1101:16691:1397 1:N:0:NCGTCC 151 0 151 0
E00401:25:H3NTKALXX:5:1101:16691:1397 2:N:0:NCGTCC 130 0 130 21
E00401:25:H3NTKALXX:5:1101:18091:1397 1:N:0:NCGTCC 144 0 144 7
E00401:25:H3NTKALXX:5:1101:18091:1397 2:N:0:NCGTCC 98 0 98 53
E00401:25:H3NTKALXX:5:1101:19147:1397 1:N:0:NCGTCC 122 0 122 29
E00401:25:H3NTKALXX:5:1101:19147:1397 2:N:0:NCGTCC 115 0 115 36
E00401:25:H3NTKALXX:5:1101:19248:1397 1:N:0:NCGTCC 86 0 86 65
E00401:25:H3NTKALXX:5:1101:19248:1397 2:N:0:NCGTCC 0 0 0 0
E00401:25:H3NTKALXX:5:1101:20222:1397 1:N:0:NCGTCC 101 0 101 50
E00401:25:H3NTKALXX:5:1101:20222:1397 2:N:0:NCGTCC 111 0 111 40
E00401:25:H3NTKALXX:5:1101:21115:1397 1:N:0:NCGTCC 134 0 134 17
E00401:25:H3NTKALXX:5:1101:21115:1397 2:N:0:NCGTCC 94 0 94 57
E00401:25:H3NTKALXX:5:1101:22150:1397 1:N:0:NCGTCC 140 0 140 11
E00401:25:H3NTKALXX:5:1101:22150:1397 2:N:0:NCGTCC 139 0 139 12
E00401:25:H3NTKALXX:5:1101:23835:1397 1:N:0:NCGTCC 135 0 135 16
E00401:25:H3NTKALXX:5:1101:23835:1397 2:N:0:NCGTCC 111 0 111 40
E00401:25:H3NTKALXX:5:1101:12926:1415 1:N:0:NCGTCC 114 0 114 37
E00401:25:H3NTKALXX:5:1101:12926:1415 2:N:0:NCGTCC 98 0 98 53
E00401:25:H3NTKALXX:5:1101:15564:1415 1:N:0:NCGTCC 119 0 119 32
E00401:25:H3NTKALXX:5:1101:15564:1415 2:N:0:NCGTCC 77 0 77 74
E00401:25:H3NTKALXX:5:1101:14925:1432 1:N:0:NCGTCC 104 0 104 47
E00401:25:H3NTKALXX:5:1101:14925:1432 2:N:0:NCGTCC 77 0 77 74
E00401:25:H3NTKALXX:5:1101:15879:1432 1:N:0:NCGTCC 62 0 62 89
E00401:25:H3NTKALXX:5:1101:15879:1432 2:N:0:NCGTCC 64 0 64 87
E00401:25:H3NTKALXX:5:1101:19187:1432 1:N:0:NCGTCC 144 0 144 7
E00401:25:H3NTKALXX:5:1101:19187:1432 2:N:0:NCGTCC 52 0 52 99
E00401:25:H3NTKALXX:5:1101:15077:1450 1:N:0:NCGTCC 128 0 128 23
E00401:25:H3NTKALXX:5:1101:15077:1450 2:N:0:NCGTCC 0 0 0 0
E00401:25:H3NTKALXX:5:1101:15422:1450 1:N:0:NCGTCC 113 0 113 38
E00401:25:H3NTKALXX:5:1101:15422:1450 2:N:0:NCGTCC 0 0 0 0
E00401:25:H3NTKALXX:5:1101:15585:1450 1:N:0:NCGTCC 130 0 130 21
E00401:25:H3NTKALXX:5:1101:15585:1450 2:N:0:NCGTCC 55 0 55 96
E00401:25:H3NTKALXX:5:1101:16660:1450 1:N:0:NCGTCC 120 0 120 31
E00401:25:H3NTKALXX:5:1101:16660:1450 2:N:0:NCGTCC 150 0 150 1
E00401:25:H3NTKALXX:5:1101:17249:1450 1:N:0:NCGTCC 118 0 118 33
E00401:25:H3NTKALXX:5:1101:17249:1450 2:N:0:NCGTCC 126 0 126 25
E00401:25:H3NTKALXX:5:1101:19360:1450 1:N:0:NCGTCC 151 0 151 0
E00401:25:H3NTKALXX:5:1101:19360:1450 2:N:0:NCGTCC 151 0 151 0
E00401:25:H3NTKALXX:5:1101:21105:1450 1:N:0:NCGTCC 137 0 137 14
E00401:25:H3NTKALXX:5:1101:21105:1450 2:N:0:NCGTCC 54 0 54 97
E00401:25:H3NTKALXX:5:1101:21937:1450 1:N:0:NCGTCC 130 0 130 21
E00401:25:H3NTKALXX:5:1101:21937:1450 2:N:0:NCGTCC 0 0 0 0
E00401:25:H3NTKALXX:5:1101:19451:1467 1:N:0:NCGTCC 120 0 120 31
E00401:25:H3NTKALXX:5:1101:19451:1467 2:N:0:NCGTCC 102 0 102 49
E00401:25:H3NTKALXX:5:1101:19837:1467 1:N:0:NCGTCC 120 0 120 31
E00401:25:H3NTKALXX:5:1101:19837:1467 2:N:0:NCGTCC 54 0 54 97
E00401:25:H3NTKALXX:5:1101:23226:1467 1:N:0:NCGTCC 120 0 120 31
E00401:25:H3NTKALXX:5:1101:23226:1467 2:N:0:NCGTCC 58 0 58 93
E00401:25:H3NTKALXX:5:1101:23591:1467 1:N:0:NCGTCC 0 0 0 0
E00401:25:H3NTKALXX:5:1101:23591:1467 2:N:0:NCGTCC 51 0 51 100
E00401:25:H3NTKALXX:5:1101:14692:1485 1:N:0:NCGTCC 84 0 84 67
E00401:25:H3NTKALXX:5:1101:14692:1485 2:N:0:NCGTCC 0 0 0 0
E00401:25:H3NTKALXX:5:1101:14732:1485 1:N:0:NCGTCC 116 0 116 35
E00401:25:H3NTKALXX:5:1101:14732:1485 2:N:0:NCGTCC 0 0 0 0
E00401:25:H3NTKALXX:5:1101:15828:1485 1:N:0:NCGTCC 83 0 83 68
E00401:25:H3NTKALXX:5:1101:15828:1485 2:N:0:NCGTCC 58 0 58 93
E00401:25:H3NTKALXX:5:1101:17533:1485 1:N:0:NCGTCC 118 0 118 33
E00401:25:H3NTKALXX:5:1101:17533:1485 2:N:0:NCGTCC 129 0 129 22
E00401:25:H3NTKALXX:5:1101:21227:1485 1:N:0:NCGTCC 150 0 150 1
E00401:25:H3NTKALXX:5:1101:21227:1485 2:N:0:NCGTCC 54 0 54 97
E00401:25:H3NTKALXX:5:1101:21430:1485 1:N:0:NCGTCC 149 0 149 2
E00401:25:H3NTKALXX:5:1101:21430:1485 2:N:0:NCGTCC 103 0 103 48
E00401:25:H3NTKALXX:5:1101:23825:1485 1:N:0:NCGTCC 149 0 149 2
E00401:25:H3NTKALXX:5:1101:23825:1485 2:N:0:NCGTCC 0 0 0 0
E00401:25:H3NTKALXX:5:1101:15940:1502 1:N:0:NCGTCC 117 0 117 34
E00401:25:H3NTKALXX:5:1101:15940:1502 2:N:0:NCGTCC 66 0 66 85
E00401:25:H3NTKALXX:5:1101:15960:1502 1:N:0:NCGTCC 117 0 117 34
E00401:25:H3NTKALXX:5:1101:15960:1502 2:N:0:NCGTCC 93 0 93 58
E00401:25:H3NTKALXX:5:1101:18091:1502 1:N:0:NCGTCC 92 0 92 59
E00401:25:H3NTKALXX:5:1101:18091:1502 2:N:0:NCGTCC 99 0 99 52
E00401:25:H3NTKALXX:5:1101:19776:1502 1:N:0:NCGTCC 123 0 123 28
E00401:25:H3NTKALXX:5:1101:19776:1502 2:N:0:NCGTCC 0 0 0 0
E00401:25:H3NTKALXX:5:1101:20040:1502 1:N:0:NCGTCC 146 0 146 5
E00401:25:H3NTKALXX:5:1101:20040:1502 2:N:0:NCGTCC 96 0 96 55
E00401:25:H3NTKALXX:5:1101:21217:1502 1:N:0:NCGTCC 120 0 120 31
E00401:25:H3NTKALXX:5:1101:21217:1502 2:N:0:NCGTCC 64 0 64 87
E00401:25:H3NTKALXX:5:1101:22150:1502 1:N:0:NCGTCC 120 0 120 31
E00401:25:H3NTKALXX:5:1101:22150:1502 2:N:0:NCGTCC 60 0 60 91
E00401:25:H3NTKALXX:5:1101:23348:1502 1:N:0:NCGTCC 115 0 115 36
E00401:25:H3NTKALXX:5:1101:23348:1502 2:N:0:NCGTCC 149 0 149 2
E00401:25:H3NTKALXX:5:1101:23612:1502 1:N:0:NCGTCC 126 0 126 25
E00401:25:H3NTKALXX:5:1101:23612:1502 2:N:0:NCGTCC 0 0 0 0
E00401:25:H3NTKALXX:5:1101:15382:1520 1:N:0:NCGTCC 119 0 119 32
E00401:25:H3NTKALXX:5:1101:15382:1520 2:N:0:NCGTCC 93 0 93 58
E00401:25:H3NTKALXX:5:1101:15422:1520 1:N:0:NCGTCC 120 0 120 31
E00401:25:H3NTKALXX:5:1101:15422:1520 2:N:0:NCGTCC 67 0 67 84
E00401:25:H3NTKALXX:5:1101:16863:1520 1:N:0:NCGTCC 97 0 97 54
E00401:25:H3NTKALXX:5:1101:16863:1520 2:N:0:NCGTCC 51 0 51 100
E00401:25:H3NTKALXX:5:1101:17553:1520 1:N:0:NCGTCC 83 0 83 68
E00401:25:H3NTKALXX:5:1101:17553:1520 2:N:0:NCGTCC 90 0 90 61
E00401:25:H3NTKALXX:5:1101:20070:1520 1:N:0:NCGTCC 119 0 119 32
E00401:25:H3NTKALXX:5:1101:20070:1520 2:N:0:NCGTCC 60 0 60 91
E00401:25:H3NTKALXX:5:1101:20801:1520 1:N:0:NCGTCC 148 0 148 3
E00401:25:H3NTKALXX:5:1101:20801:1520 2:N:0:NCGTCC 117 0 117 34
E00401:25:H3NTKALXX:5:1101:14580:1538 1:N:0:NCGTCC 150 0 150 1
E00401:25:H3NTKALXX:5:1101:14580:1538 2:N:0:NCGTCC 113 0 113 38
E00401:25:H3NTKALXX:5:1101:18152:1538 1:N:0:NCGTCC 151 0 151 0
E00401:25:H3NTKALXX:5:1101:18152:1538 2:N:0:NCGTCC 124 0 124 27
E00401:25:H3NTKALXX:5:1101:20608:1538 1:N:0:NCGTCC 119 0 119 32
E00401:25:H3NTKALXX:5:1101:20608:1538 2:N:0:NCGTCC 57 0 57 94
E00401:25:H3NTKALXX:5:1101:20973:1538 1:N:0:NCGTCC 121 0 121 30
E00401:25:H3NTKALXX:5:1101:20973:1538 2:N:0:NCGTCC 52 0 52 99
E00401:25:H3NTKALXX:5:1101:21521:1538 1:N:0:NCGTCC 147 0 147 4
E00401:25:H3NTKALXX:5:1101:21521:1538 2:N:0:NCGTCC 98 0 98 53
E00401:25:H3NTKALXX:5:1101:24931:1538 1:N:0:NCGTCC 142 0 142 9
E00401:25:H3NTKALXX:5:1101:24931:1538 2:N:0:NCGTCC 115 0 115 36
E00401:25:H3NTKALXX:5:1101:9475:1555 1:N:0:NCGTCC 53 0 53 98
E00401:25:H3NTKALXX:5:1101:9475:1555 2:N:0:NCGTCC 0 0 0 0
E00401:25:H3NTKALXX:5:1101:13291:1555 1:N:0:NCGTCC 100 0 100 51
E00401:25:H3NTKALXX:5:1101:13291:1555 2:N:0:NCGTCC 0 0 0 0
E00401:25:H3NTKALXX:5:1101:13880:1555 1:N:0:NCGTCC 116 0 116 35
E00401:25:H3NTKALXX:5:1101:13880:1555 2:N:0:NCGTCC 69 0 69 82
E00401:25:H3NTKALXX:5:1101:15645:1555 1:N:0:NCGTCC 0 0 0 0
E00401:25:H3NTKALXX:5:1101:15645:1555 2:N:0:NCGTCC 100 0 100 51
E00401:25:H3NTKALXX:5:1101:15828:1555 1:N:0:NCGTCC 136 0 136 15
E00401:25:H3NTKALXX:5:1101:15828:1555 2:N:0:NCGTCC 63 0 63 88
E00401:25:H3NTKALXX:5:1101:17046:1555 1:N:0:NCGTCC 150 0 150 1
E00401:25:H3NTKALXX:5:1101:17046:1555 2:N:0:NCGTCC 98 0 98 53
E00401:25:H3NTKALXX:5:1101:19238:1555 1:N:0:NCGTCC 98 0 98 53
E00401:25:H3NTKALXX:5:1101:19238:1555 2:N:0:NCGTCC 104 0 104 47
E00401:25:H3NTKALXX:5:1101:21328:1555 1:N:0:NCGTCC 143 0 143 8
E00401:25:H3NTKALXX:5:1101:21328:1555 2:N:0:NCGTCC 63 0 63 88
E00401:25:H3NTKALXX:5:1101:21714:1555 1:N:0:NCGTCC 151 0 151 0
E00401:25:H3NTKALXX:5:1101:21714:1555 2:N:0:NCGTCC 101 0 101 50
E00401:25:H3NTKALXX:5:1101:12814:1573 1:N:0:NCGTCC 60 0 60 91
E00401:25:H3NTKALXX:5:1101:12814:1573 2:N:0:NCGTCC 103 0 103 48
E00401:25:H3NTKALXX:5:1101:14418:1573 1:N:0:NCGTCC 0 0 0 0
E00401:25:H3NTKALXX:5:1101:14418:1573 2:N:0:NCGTCC 0 0 0 0
E00401:25:H3NTKALXX:5:1101:14945:1573 1:N:0:NCGTCC 151 0 151 0
E00401:25:H3NTKALXX:5:1101:14945:1573 2:N:0:NCGTCC 0 0 0 0
E00401:25:H3NTKALXX:5:1101:15960:1573 1:N:0:NCGTCC 120 0 120 31
E00401:25:H3NTKALXX:5:1101:15960:1573 2:N:0:NCGTCC 83 0 83 68
E00401:25:H3NTKALXX:5:1101:16041:1573 1:N:0:NCGTCC 83 0 83 68
E00401:25:H3NTKALXX:5:1101:16041:1573 2:N:0:NCGTCC 54 0 54 97
E00401:25:H3NTKALXX:5:1101:17523:1573 1:N:0:NCGTCC 151 0 151 0
E00401:25:H3NTKALXX:5:1101:17523:1573 2:N:0:NCGTCC 148 0 148 3
E00401:25:H3NTKALXX:5:1101:17543:1573 1:N:0:NCGTCC 151 0 151 0
E00401:25:H3NTKALXX:5:1101:17543:1573 2:N:0:NCGTCC 109 0 109 42
E00401:25:H3NTKALXX:5:1101:17563:1573 1:N:0:NCGTCC 151 0 151 0
E00401:25:H3NTKALXX:5:1101:17563:1573 2:N:0:NCGTCC 98 0 98 53
E00401:25:H3NTKALXX:5:1101:18030:1573 1:N:0:NCGTCC 0 0 0 0
E00401:25:H3NTKALXX:5:1101:18030:1573 2:N:0:NCGTCC 0 0 0 0
E00401:25:H3NTKALXX:5:1101:18193:1573 1:N:0:NCGTCC 151 0 151 0
E00401:25:H3NTKALXX:5:1101:18193:1573 2:N:0:NCGTCC 151 0 151 0
E00401:25:H3NTKALXX:5:1101:18477:1573 1:N:0:NCGTCC 146 0 146 5
E00401:25:H3NTKALXX:5:1101:18477:1573 2:N:0:NCGTCC 119 0 119 32
E00401:25:H3NTKALXX:5:1101:19065:1573 1:N:0:NCGTCC 136 0 136 15
E00401:25:H3NTKALXX:5:1101:19065:1573 2:N:0:NCGTCC 77 0 77 74
E00401:25:H3NTKALXX:5:1101:19268:1573 1:N:0:NCGTCC 123 0 123 28
E00401:25:H3NTKALXX:5:1101:19268:1573 2:N:0:NCGTCC 141 0 141 10
E00401:25:H3NTKALXX:5:1101:20791:1573 1:N:0:NCGTCC 151 0 151 0
E00401:25:H3NTKALXX:5:1101:20791:1573 2:N:0:NCGTCC 149 0 149 2
E00401:25:H3NTKALXX:5:1101:20851:1573 1:N:0:NCGTCC 137 0 137 14
E00401:25:H3NTKALXX:5:1101:20851:1573 2:N:0:NCGTCC 0 0 0 0
E00401:25:H3NTKALXX:5:1101:22008:1573 1:N:0:NCGTCC 87 0 87 64
E00401:25:H3NTKALXX:5:1101:22008:1573 2:N:0:NCGTCC 50 0 50 101
E00401:25:H3NTKALXX:5:1101:22435:1573 1:N:0:NCGTCC 119 0 119 32
E00401:25:H3NTKALXX:5:1101:22435:1573 2:N:0:NCGTCC 114 0 114 37
E00401:25:H3NTKALXX:5:1101:15422:1590 1:N:0:NCGTCC 150 0 150 1
E00401:25:H3NTKALXX:5:1101:15422:1590 2:N:0:NCGTCC 0 0 0 0
E00401:25:H3NTKALXX:5:1101:15950:1590 1:N:0:NCGTCC 150 0 150 1
E00401:25:H3NTKALXX:5:1101:15950:1590 2:N:0:NCGTCC 113 0 113 38
E00401:25:H3NTKALXX:5:1101:17980:1590 1:N:0:NCGTCC 141 0 141 10
E00401:25:H3NTKALXX:5:1101:17980:1590 2:N:0:NCGTCC 113 0 113 38
E00401:25:H3NTKALXX:5:1101:18406:1590 1:N:0:NCGTCC 151 0 151 0
E00401:25:H3NTKALXX:5:1101:18406:1590 2:N:0:NCGTCC 120 0 120 31
E00401:25:H3NTKALXX:5:1101:18852:1590 1:N:0:NCGTCC 139 0 139 12
E00401:25:H3NTKALXX:5:1101:18852:1590 2:N:0:NCGTCC 0 0 0 0
E00401:25:H3NTKALXX:5:1101:19278:1590 1:N:0:NCGTCC 115 0 115 36
E00401:25:H3NTKALXX:5:1101:19278:1590 2:N:0:NCGTCC 0 0 0 0
E00401:25:H3NTKALXX:5:1101:20354:1590 1:N:0:NCGTCC 144 0 144 7
E00401:25:H3NTKALXX:5:1101:20354:1590 2:N:0:NCGTCC 75 0 75 76
E00401:25:H3NTKALXX:5:1101:23378:1590 1:N:0:NCGTCC 142 0 142 9
E00401:25:H3NTKALXX:5:1101:23378:1590 2:N:0:NCGTCC 144 0 144 7
E00401:25:H3NTKALXX:5:1101:24434:1590 1:N:0:NCGTCC 104 0 104 47
E00401:25:H3NTKALXX:5:1101:24434:1590 2:N:0:NCGTCC 99 0 99 52
E00401:25:H3NTKALXX:5:1101:6400:1608 1:N:0:NCGTCC 100 0 100 51
E00401:25:H3NTKALXX:5:1101:6400:1608 2:N:0:NCGTCC 106 0 106 45
E00401:25:H3NTKALXX:5:1101:16346:1608 1:N:0:NCGTCC 136 0 136 15
E00401:25:H3NTKALXX:5:1101:16346:1608 2:N:0:NCGTCC 91 0 91 60
E00401:25:H3NTKALXX:5:1101:16610:1608 1:N:0:NCGTCC 151 0 151 0
E00401:25:H3NTKALXX:5:1101:16610:1608 2:N:0:NCGTCC 111 0 111 40
E00401:25:H3NTKALXX:5:1101:19126:1608 1:N:0:NCGTCC 151 0 151 0
E00401:25:H3NTKALXX:5:1101:19126:1608 2:N:0:NCGTCC 111 0 111 40
E00401:25:H3NTKALXX:5:1101:19350:1608 1:N:0:NCGTCC 151 0 151 0
E00401:25:H3NTKALXX:5:1101:19350:1608 2:N:0:NCGTCC 124 0 124 27
E00401:25:H3NTKALXX:5:1101:20222:1608 1:N:0:NCGTCC 150 0 150 1
E00401:25:H3NTKALXX:5:1101:20222:1608 2:N:0:NCGTCC 115 0 115 36
E00401:25:H3NTKALXX:5:1101:20628:1608 1:N:0:NCGTCC 115 0 115 36
E00401:25:H3NTKALXX:5:1101:20628:1608 2:N:0:NCGTCC 96 0 96 55
E00401:25:H3NTKALXX:5:1101:21339:1608 1:N:0:NCGTCC 150 0 150 1
E00401:25:H3NTKALXX:5:1101:21339:1608 2:N:0:NCGTCC 143 0 143 8
E00401:25:H3NTKALXX:5:1101:21968:1608 1:N:0:NCGTCC 140 0 140 11
E00401:25:H3NTKALXX:5:1101:21968:1608 2:N:0:NCGTCC 131 0 131 20
E00401:25:H3NTKALXX:5:1101:22820:1608 1:N:0:NCGTCC 116 0 116 35
E00401:25:H3NTKALXX:5:1101:22820:1608 2:N:0:NCGTCC 127 0 127 24
E00401:25:H3NTKALXX:5:1101:23287:1608 1:N:0:NCGTCC 141 0 141 10
E00401:25:H3NTKALXX:5:1101:23287:1608 2:N:0:NCGTCC 85 0 85 66
E00401:25:H3NTKALXX:5:1101:23449:1608 1:N:0:NCGTCC 150 0 150 1
E00401:25:H3NTKALXX:5:1101:23449:1608 2:N:0:NCGTCC 71 0 71 80
E00401:25:H3NTKALXX:5:1101:26129:1608 1:N:0:NCGTCC 65 0 65 86
E00401:25:H3NTKALXX:5:1101:26129:1608 2:N:0:NCGTCC 101 0 101 50
E00401:25:H3NTKALXX:5:1101:13981:1625 1:N:0:NCGTCC 87 0 87 64
E00401:25:H3NTKALXX:5:1101:13981:1625 2:N:0:NCGTCC 0 0 0 0
E00401:25:H3NTKALXX:5:1101:18426:1625 1:N:0:NCGTCC 0 0 0 0
E00401:25:H3NTKALXX:5:1101:18426:1625 2:N:0:NCGTCC 103 0 103 48
E00401:25:H3NTKALXX:5:1101:18670:1625 1:N:0:NCGTCC 151 0 151 0
E00401:25:H3NTKALXX:5:1101:18670:1625 2:N:0:NCGTCC 129 0 129 22
E00401:25:H3NTKALXX:5:1101:19238:1625 1:N:0:NCGTCC 65 0 65 86
E00401:25:H3NTKALXX:5:1101:19238:1625 2:N:0:NCGTCC 0 0 0 0
E00401:25:H3NTKALXX:5:1101:23115:1625 1:N:0:NCGTCC 149 0 149 2
E00401:25:H3NTKALXX:5:1101:23115:1625 2:N:0:NCGTCC 106 0 106 45
E00401:25:H3NTKALXX:5:1101:12002:1643 1:N:0:NCGTCC 123 0 123 28
E00401:25:H3NTKALXX:5:1101:12002:1643 2:N:0:NCGTCC 68 0 68 83
E00401:25:H3NTKALXX:5:1101:14560:1643 1:N:0:NCGTCC 85 0 85 66
E00401:25:H3NTKALXX:5:1101:14560:1643 2:N:0:NCGTCC 0 0 0 0
E00401:25:H3NTKALXX:5:1101:14945:1643 1:N:0:NCGTCC 151 0 151 0
E00401:25:H3NTKALXX:5:1101:14945:1643 2:N:0:NCGTCC 115 0 115 36
E00401:25:H3NTKALXX:5:1101:17178:1643 1:N:0:NCGTCC 116 0 116 35
E00401:25:H3NTKALXX:5:1101:17178:1643 2:N:0:NCGTCC 115 0 115 36
E00401:25:H3NTKALXX:5:1101:17604:1643 1:N:0:NCGTCC 113 0 113 38
E00401:25:H3NTKALXX:5:1101:17604:1643 2:N:0:NCGTCC 95 0 95 56
E00401:25:H3NTKALXX:5:1101:17665:1643 1:N:0:NCGTCC 151 0 151 0
E00401:25:H3NTKALXX:5:1101:17665:1643 2:N:0:NCGTCC 134 0 134 17
E00401:25:H3NTKALXX:5:1101:19898:1643 1:N:0:NCGTCC 150 0 150 1
E00401:25:H3NTKALXX:5:1101:19898:1643 2:N:0:NCGTCC 125 0 125 26
E00401:25:H3NTKALXX:5:1101:21136:1643 1:N:0:NCGTCC 109 0 109 42
E00401:25:H3NTKALXX:5:1101:21136:1643 2:N:0:NCGTCC 72 0 72 79
E00401:25:H3NTKALXX:5:1101:21643:1643 1:N:0:NCGTCC 151 0 151 0
E00401:25:H3NTKALXX:5:1101:21643:1643 2:N:0:NCGTCC 106 0 106 45
E00401:25:H3NTKALXX:5:1101:21805:1643 1:N:0:NCGTCC 55 0 55 96
E00401:25:H3NTKALXX:5:1101:21805:1643 2:N:0:NCGTCC 124 0 124 27
E00401:25:H3NTKALXX:5:1101:22536:1643 1:N:0:NCGTCC 95 0 95 56
E00401:25:H3NTKALXX:5:1101:22536:1643 2:N:0:NCGTCC 131 0 131 20
E00401:25:H3NTKALXX:5:1101:10815:1661 1:N:0:NCGTCC 97 0 97 54
E00401:25:H3NTKALXX:5:1101:10815:1661 2:N:0:NCGTCC 66 0 66 85
E00401:25:H3NTKALXX:5:1101:14955:1661 1:N:0:NCGTCC 120 0 120 31
E00401:25:H3NTKALXX:5:1101:14955:1661 2:N:0:NCGTCC 126 0 126 25
E00401:25:H3NTKALXX:5:1101:15219:1661 1:N:0:NCGTCC 143 0 143 8
E00401:25:H3NTKALXX:5:1101:15219:1661 2:N:0:NCGTCC 0 0 0 0
E00401:25:H3NTKALXX:5:1101:17188:1661 1:N:0:NCGTCC 151 0 151 0
E00401:25:H3NTKALXX:5:1101:17188:1661 2:N:0:NCGTCC 115 0 115 36
E00401:25:H3NTKALXX:5:1101:17878:1661 1:N:0:NCGTCC 151 0 151 0
E00401:25:H3NTKALXX:5:1101:17878:1661 2:N:0:NCGTCC 126 0 126 25
E00401:25:H3NTKALXX:5:1101:18203:1661 1:N:0:NCGTCC 148 0 148 3
E00401:25:H3NTKALXX:5:1101:18203:1661 2:N:0:NCGTCC 141 0 141 10
E00401:25:H3NTKALXX:5:1101:18812:1661 1:N:0:NCGTCC 151 0 151 0
E00401:25:H3NTKALXX:5:1101:18812:1661 2:N:0:NCGTCC 125 0 125 26
E00401:25:H3NTKALXX:5:1101:19400:1661 1:N:0:NCGTCC 136 0 136 15
E00401:25:H3NTKALXX:5:1101:19400:1661 2:N:0:NCGTCC 60 0 60 91
E00401:25:H3NTKALXX:5:1101:19624:1661 1:N:0:NCGTCC 131 0 131 20
E00401:25:H3NTKALXX:5:1101:19624:1661 2:N:0:NCGTCC 150 0 150 1
E00401:25:H3NTKALXX:5:1101:21795:1661 1:N:0:NCGTCC 0 0 0 0
E00401:25:H3NTKALXX:5:1101:21795:1661 2:N:0:NCGTCC 0 0 0 0
E00401:25:H3NTKALXX:5:1101:25022:1661 1:N:0:NCGTCC 134 0 134 17
E00401:25:H3NTKALXX:5:1101:25022:1661 2:N:0:NCGTCC 129 0 129 22
E00401:25:H3NTKALXX:5:1101:16975:1678 1:N:0:NCGTCC 113 0 113 38
E00401:25:H3NTKALXX:5:1101:16975:1678 2:N:0:NCGTCC 58 0 58 93
E00401:25:H3NTKALXX:5:1101:18051:1678 1:N:0:NCGTCC 134 0 134 17
E00401:25:H3NTKALXX:5:1101:18051:1678 2:N:0:NCGTCC 151 0 151 0
E00401:25:H3NTKALXX:5:1101:19918:1678 1:N:0:NCGTCC 130 0 130 21
E00401:25:H3NTKALXX:5:1101:19918:1678 2:N:0:NCGTCC 61 0 61 90
E00401:25:H3NTKALXX:5:1101:22516:1678 1:N:0:NCGTCC 117 0 117 34
E00401:25:H3NTKALXX:5:1101:22516:1678 2:N:0:NCGTCC 0 0 0 0
E00401:25:H3NTKALXX:5:1101:23774:1678 1:N:0:NCGTCC 151 0 151 0
E00401:25:H3NTKALXX:5:1101:23774:1678 2:N:0:NCGTCC 99 0 99 52
E00401:25:H3NTKALXX:5:1101:25053:1678 1:N:0:NCGTCC 100 0 100 51
E00401:25:H3NTKALXX:5:1101:25053:1678 2:N:0:NCGTCC 0 0 0 0
E00401:25:H3NTKALXX:5:1101:26352:1678 1:N:0:NCGTCC 150 0 150 1
E00401:25:H3NTKALXX:5:1101:26352:1678 2:N:0:NCGTCC 148 0 148 3
E00401:25:H3NTKALXX:5:1101:14509:1696 1:N:0:NCGTCC 144 0 144 7
E00401:25:H3NTKALXX:5:1101:14509:1696 2:N:0:NCGTCC 0 0 0 0
E00401:25:H3NTKALXX:5:1101:15016:1696 1:N:0:NCGTCC 136 0 136 15
E00401:25:H3NTKALXX:5:1101:15016:1696 2:N:0:NCGTCC 0 0 0 0
E00401:25:H3NTKALXX:5:1101:15219:1696 1:N:0:NCGTCC 0 0 0 0
E00401:25:H3NTKALXX:5:1101:15219:1696 2:N:0:NCGTCC 142 0 142 9
E00401:25:H3NTKALXX:5:1101:17655:1696 1:N:0:NCGTCC 116 0 116 35
E00401:25:H3NTKALXX:5:1101:17655:1696 2:N:0:NCGTCC 113 0 113 38
E00401:25:H3NTKALXX:5:1101:18791:1696 1:N:0:NCGTCC 129 0 129 22
E00401:25:H3NTKALXX:5:1101:18791:1696 2:N:0:NCGTCC 97 0 97 54
E00401:25:H3NTKALXX:5:1101:19421:1696 1:N:0:NCGTCC 150 0 150 1
E00401:25:H3NTKALXX:5:1101:19421:1696 2:N:0:NCGTCC 60 0 60 91
E00401:25:H3NTKALXX:5:1101:19989:1696 1:N:0:NCGTCC 90 0 90 61
E00401:25:H3NTKALXX:5:1101:19989:1696 2:N:0:NCGTCC 67 0 67 84
E00401:25:H3NTKALXX:5:1101:20598:1696 1:N:0:NCGTCC 123 0 123 28
E00401:25:H3NTKALXX:5:1101:20598:1696 2:N:0:NCGTCC 111 0 111 40
E00401:25:H3NTKALXX:5:1101:22242:1696 1:N:0:NCGTCC 151 0 151 0
E00401:25:H3NTKALXX:5:1101:22242:1696 2:N:0:NCGTCC 119 0 119 32
E00401:25:H3NTKALXX:5:1101:23338:1696 1:N:0:NCGTCC 81 0 81 70
E00401:25:H3NTKALXX:5:1101:23338:1696 2:N:0:NCGTCC 0 0 0 0
E00401:25:H3NTKALXX:5:1101:29305:1696 1:N:0:NCGTCC 113 0 113 38
E00401:25:H3NTKALXX:5:1101:29305:1696 2:N:0:NCGTCC 0 0 0 0
E00401:25:H3NTKALXX:5:1101:13159:1713 1:N:0:NCGTCC 145 0 145 6
E00401:25:H3NTKALXX:5:1101:13159:1713 2:N:0:NCGTCC 83 0 83 68
E00401:25:H3NTKALXX:5:1101:14803:1713 1:N:0:NCGTCC 145 0 145 6
E00401:25:H3NTKALXX:5:1101:14803:1713 2:N:0:NCGTCC 110 0 110 41
E00401:25:H3NTKALXX:5:1101:16244:1713 1:N:0:NCGTCC 137 0 137 14
E00401:25:H3NTKALXX:5:1101:16244:1713 2:N:0:NCGTCC 80 0 80 71
E00401:25:H3NTKALXX:5:1101:16691:1713 1:N:0:NCGTCC 119 0 119 32
E00401:25:H3NTKALXX:5:1101:16691:1713 2:N:0:NCGTCC 145 0 145 6
E00401:25:H3NTKALXX:5:1101:18172:1713 1:N:0:NCGTCC 120 0 120 31
E00401:25:H3NTKALXX:5:1101:18172:1713 2:N:0:NCGTCC 0 0 0 0
E00401:25:H3NTKALXX:5:1101:20486:1713 1:N:0:NCGTCC 151 0 151 0
E00401:25:H3NTKALXX:5:1101:20486:1713 2:N:0:NCGTCC 92 0 92 59
E00401:25:H3NTKALXX:5:1101:21156:1713 1:N:0:NCGTCC 113 0 113 38
E00401:25:H3NTKALXX:5:1101:21156:1713 2:N:0:NCGTCC 103 0 103 48
E00401:25:H3NTKALXX:5:1101:21887:1713 1:N:0:NCGTCC 148 0 148 3
E00401:25:H3NTKALXX:5:1101:21887:1713 2:N:0:NCGTCC 96 0 96 55
E00401:25:H3NTKALXX:5:1101:26453:1713 1:N:0:NCGTCC 0 0 0 0
E00401:25:H3NTKALXX:5:1101:26453:1713 2:N:0:NCGTCC 0 0 0 0
E00401:25:H3NTKALXX:5:1101:10044:1731 1:N:0:NCGTCC 59 0 59 92
E00401:25:H3NTKALXX:5:1101:10044:1731 2:N:0:NCGTCC 0 0 0 0
E00401:25:H3NTKALXX:5:1101:11018:1731 1:N:0:NCGTCC 0 0 0 0
E00401:25:H3NTKALXX:5:1101:11018:1731 2:N:0:NCGTCC 0 0 0 0
E00401:25:H3NTKALXX:5:1101:13433:1731 1:N:0:NCGTCC 87 0 87 64
E00401:25:H3NTKALXX:5:1101:13433:1731 2:N:0:NCGTCC 61 0 61 90
E00401:25:H3NTKALXX:5:1101:13697:1731 1:N:0:NCGTCC 116 0 116 35
E00401:25:H3NTKALXX:5:1101:13697:1731 2:N:0:NCGTCC 103 0 103 48
E00401:25:H3NTKALXX:5:1101:13859:1731 1:N:0:NCGTCC 120 0 120 31
E00401:25:H3NTKALXX:5:1101:13859:1731 2:N:0:NCGTCC 0 0 0 0
E00401:25:H3NTKALXX:5:1101:14306:1731 1:N:0:NCGTCC 98 0 98 53
E00401:25:H3NTKALXX:5:1101:14306:1731 2:N:0:NCGTCC 125 0 125 26
E00401:25:H3NTKALXX:5:1101:14529:1731 1:N:0:NCGTCC 55 0 55 96
E00401:25:H3NTKALXX:5:1101:14529:1731 2:N:0:NCGTCC 91 0 91 60
E00401:25:H3NTKALXX:5:1101:15219:1731 1:N:0:NCGTCC 113 0 113 38
E00401:25:H3NTKALXX:5:1101:15219:1731 2:N:0:NCGTCC 95 0 95 56
E00401:25:H3NTKALXX:5:1101:15524:1731 1:N:0:NCGTCC 140 0 140 11
E00401:25:H3NTKALXX:5:1101:15524:1731 2:N:0:NCGTCC 53 0 53 98
E00401:25:H3NTKALXX:5:1101:15828:1731 1:N:0:NCGTCC 150 0 150 1
E00401:25:H3NTKALXX:5:1101:15828:1731 2:N:0:NCGTCC 149 0 149 2
E00401:25:H3NTKALXX:5:1101:16092:1731 1:N:0:NCGTCC 151 0 151 0
E00401:25:H3NTKALXX:5:1101:16092:1731 2:N:0:NCGTCC 150 0 150 1
E00401:25:H3NTKALXX:5:1101:17188:1731 1:N:0:NCGTCC 131 0 131 20
E00401:25:H3NTKALXX:5:1101:17188:1731 2:N:0:NCGTCC 121 0 121 30
E00401:25:H3NTKALXX:5:1101:17837:1731 1:N:0:NCGTCC 142 0 142 9
E00401:25:H3NTKALXX:5:1101:17837:1731 2:N:0:NCGTCC 136 0 136 15
E00401:25:H3NTKALXX:5:1101:18406:1731 1:N:0:NCGTCC 112 0 112 39
E00401:25:H3NTKALXX:5:1101:18406:1731 2:N:0:NCGTCC 151 0 151 0
E00401:25:H3NTKALXX:5:1101:18588:1731 1:N:0:NCGTCC 130 0 130 21
E00401:25:H3NTKALXX:5:1101:18588:1731 2:N:0:NCGTCC 147 0 147 4
E00401:25:H3NTKALXX:5:1101:18771:1731 1:N:0:NCGTCC 115 0 115 36
E00401:25:H3NTKALXX:5:1101:18771:1731 2:N:0:NCGTCC 115 0 115 36
E00401:25:H3NTKALXX:5:1101:18832:1731 1:N:0:NCGTCC 114 0 114 37
E00401:25:H3NTKALXX:5:1101:18832:1731 2:N:0:NCGTCC 111 0 111 40
E00401:25:H3NTKALXX:5:1101:19238:1731 1:N:0:NCGTCC 151 0 151 0
E00401:25:H3NTKALXX:5:1101:19238:1731 2:N:0:NCGTCC 114 0 114 37
E00401:25:H3NTKALXX:5:1101:19583:1731 1:N:0:NCGTCC 81 0 81 70
E00401:25:H3NTKALXX:5:1101:19583:1731 2:N:0:NCGTCC 106 0 106 45
E00401:25:H3NTKALXX:5:1101:20232:1731 1:N:0:NCGTCC 132 0 132 19
E00401:25:H3NTKALXX:5:1101:20232:1731 2:N:0:NCGTCC 95 0 95 56
E00401:25:H3NTKALXX:5:1101:21105:1731 1:N:0:NCGTCC 81 0 81 70
E00401:25:H3NTKALXX:5:1101:21105:1731 2:N:0:NCGTCC 96 0 96 55
E00401:25:H3NTKALXX:5:1101:21227:1731 1:N:0:NCGTCC 146 0 146 5
E00401:25:H3NTKALXX:5:1101:21227:1731 2:N:0:NCGTCC 109 0 109 42
E00401:25:H3NTKALXX:5:1101:21511:1731 1:N:0:NCGTCC 133 0 133 18
E00401:25:H3NTKALXX:5:1101:21511:1731 2:N:0:NCGTCC 139 0 139 12
E00401:25:H3NTKALXX:5:1101:21714:1731 1:N:0:NCGTCC 117 0 117 34
E00401:25:H3NTKALXX:5:1101:21714:1731 2:N:0:NCGTCC 111 0 111 40
E00401:25:H3NTKALXX:5:1101:22404:1731 1:N:0:NCGTCC 120 0 120 31
E00401:25:H3NTKALXX:5:1101:22404:1731 2:N:0:NCGTCC 133 0 133 18
E00401:25:H3NTKALXX:5:1101:22465:1731 1:N:0:NCGTCC 0 0 0 0
E00401:25:H3NTKALXX:5:1101:22465:1731 2:N:0:NCGTCC 103 0 103 48
E00401:25:H3NTKALXX:5:1101:22607:1731 1:N:0:NCGTCC 113 0 113 38
E00401:25:H3NTKALXX:5:1101:22607:1731 2:N:0:NCGTCC 124 0 124 27
E00401:25:H3NTKALXX:5:1101:22668:1731 1:N:0:NCGTCC 151 0 151 0
E00401:25:H3NTKALXX:5:1101:22668:1731 2:N:0:NCGTCC 0 0 0 0
E00401:25:H3NTKALXX:5:1101:22851:1731 1:N:0:NCGTCC 151 0 151 0
E00401:25:H3NTKALXX:5:1101:22851:1731 2:N:0:NCGTCC 119 0 119 32
E00401:25:H3NTKALXX:5:1101:22993:1731 1:N:0:NCGTCC 141 0 141 10
E00401:25:H3NTKALXX:5:1101:22993:1731 2:N:0:NCGTCC 59 0 59 92
E00401:25:H3NTKALXX:5:1101:23277:1731 1:N:0:NCGTCC 128 0 128 23
E00401:25:H3NTKALXX:5:1101:23277:1731 2:N:0:NCGTCC 0 0 0 0
E00401:25:H3NTKALXX:5:1101:25327:1731 1:N:0:NCGTCC 0 0 0 0
E00401:25:H3NTKALXX:5:1101:25327:1731 2:N:0:NCGTCC 0 0 0 0
E00401:25:H3NTKALXX:5:1101:25652:1731 1:N:0:NCGTCC 96 0 96 55
E00401:25:H3NTKALXX:5:1101:25652:1731 2:N:0:NCGTCC 120 0 120 31
E00401:25:H3NTKALXX:5:1101:25997:1731 1:N:0:NCGTCC 0 0 0 0
E00401:25:H3NTKALXX:5:1101:25997:1731 2:N:0:NCGTCC 151 0 151 0
E00401:25:H3NTKALXX:5:1101:8694:1749 1:N:0:NCGTCC 0 0 0 0
E00401:25:H3NTKALXX:5:1101:8694:1749 2:N:0:NCGTCC 0 0 0 0
E00401:25:H3NTKALXX:5:1101:10642:1749 1:N:0:NCGTCC 99 0 99 52
E00401:25:H3NTKALXX:5:1101:10642:1749 2:N:0:NCGTCC 58 0 58 93
E00401:25:H3NTKALXX:5:1101:14174:1749 1:N:0:NCGTCC 119 0 119 32
E00401:25:H3NTKALXX:5:1101:14174:1749 2:N:0:NCGTCC 0 0 0 0
E00401:25:H3NTKALXX:5:1101:14255:1749 1:N:0:NCGTCC 113 0 113 38
E00401:25:H3NTKALXX:5:1101:14255:1749 2:N:0:NCGTCC 132 0 132 19
E00401:25:H3NTKALXX:5:1101:15067:1749 1:N:0:NCGTCC 145 0 145 6
E00401:25:H3NTKALXX:5:1101:15067:1749 2:N:0:NCGTCC 0 0 0 0
E00401:25:H3NTKALXX:5:1101:15311:1749 1:N:0:NCGTCC 144 0 144 7
E00401:25:H3NTKALXX:5:1101:15311:1749 2:N:0:NCGTCC 116 0 116 35
E00401:25:H3NTKALXX:5:1101:15859:1749 1:N:0:NCGTCC 120 0 120 31
E00401:25:H3NTKALXX:5:1101:15859:1749 2:N:0:NCGTCC 58 0 58 93
E00401:25:H3NTKALXX:5:1101:16264:1749 1:N:0:CCGTCC 151 0 151 0
E00401:25:H3NTKALXX:5:1101:16264:1749 2:N:0:CCGTCC 111 0 111 40
E00401:25:H3NTKALXX:5:1101:16305:1749 1:N:0:CCGTCC 113 0 113 38
E00401:25:H3NTKALXX:5:1101:16305:1749 2:N:0:CCGTCC 137 0 137 14
E00401:25:H3NTKALXX:5:1101:16955:1749 1:N:0:CCGTCC 120 0 120 31
E00401:25:H3NTKALXX:5:1101:16955:1749 2:N:0:CCGTCC 94 0 94 57
E00401:25:H3NTKALXX:5:1101:16975:1749 1:N:0:CCGTCC 90 0 90 61
E00401:25:H3NTKALXX:5:1101:16975:1749 2:N:0:CCGTCC 0 0 0 0
E00401:25:H3NTKALXX:5:1101:18355:1749 1:N:0:CCGTCC 83 0 83 68
E00401:25:H3NTKALXX:5:1101:18355:1749 2:N:0:CCGTCC 96 0 96 55
E00401:25:H3NTKALXX:5:1101:19289:1749 1:N:0:CCGTCC 120 0 120 31
E00401:25:H3NTKALXX:5:1101:19289:1749 2:N:0:CCGTCC 103 0 103 48
E00401:25:H3NTKALXX:5:1101:19410:1749 1:N:0:CCGTCC 132 0 132 19
E00401:25:H3NTKALXX:5:1101:19410:1749 2:N:0:CCGTCC 133 0 133 18
E00401:25:H3NTKALXX:5:1101:19492:1749 1:N:0:CCGTCC 115 0 115 36
E00401:25:H3NTKALXX:5:1101:19492:1749 2:N:0:CCGTCC 114 0 114 37
E00401:25:H3NTKALXX:5:1101:20060:1749 1:N:0:CCGTCC 149 0 149 2
E00401:25:H3NTKALXX:5:1101:20060:1749 2:N:0:CCGTCC 151 0 151 0
E00401:25:H3NTKALXX:5:1101:20303:1749 1:N:0:CCGTCC 151 0 151 0
E00401:25:H3NTKALXX:5:1101:20303:1749 2:N:0:CCGTCC 63 0 63 88
E00401:25:H3NTKALXX:5:1101:21805:1749 1:N:0:CCGTCC 123 0 123 28
E00401:25:H3NTKALXX:5:1101:21805:1749 2:N:0:CCGTCC 0 0 0 0
E00401:25:H3NTKALXX:5:1101:22252:1749 1:N:0:CCCTCC 136 0 136 15
E00401:25:H3NTKALXX:5:1101:22252:1749 2:N:0:CCCTCC 0 0 0 0
E00401:25:H3NTKALXX:5:1101:23104:1749 1:N:0:CCGTCC 134 0 134 17
E00401:25:H3NTKALXX:5:1101:23104:1749 2:N:0:CCGTCC 113 0 113 38
E00401:25:H3NTKALXX:5:1101:23713:1749 1:N:0:CCGTCC 149 0 149 2
E00401:25:H3NTKALXX:5:1101:23713:1749 2:N:0:CCGTCC 102 0 102 49
E00401:25:H3NTKALXX:5:1101:25256:1749 1:N:0:CCGTCC 101 0 101 50
E00401:25:H3NTKALXX:5:1101:25256:1749 2:N:0:CCGTCC 0 0 0 0
E00401:25:H3NTKALXX:5:1101:11870:1766 1:N:0:CCGTCC 53 0 53 98
E00401:25:H3NTKALXX:5:1101:11870:1766 2:N:0:CCGTCC 0 0 0 0
E00401:25:H3NTKALXX:5:1101:12581:1766 1:N:0:CCGTCC 0 0 0 0
E00401:25:H3NTKALXX:5:1101:12581:1766 2:N:0:CCGTCC 0 0 0 0
E00401:25:H3NTKALXX:5:1101:14955:1766 1:N:0:CCGTCC 130 0 130 21
E00401:25:H3NTKALXX:5:1101:14955:1766 2:N:0:CCGTCC 115 0 115 36
E00401:25:H3NTKALXX:5:1101:15503:1766 1:N:0:CCGTCC 151 0 151 0
E00401:25:H3NTKALXX:5:1101:15503:1766 2:N:0:CCGTCC 148 0 148 3
E00401:25:H3NTKALXX:5:1101:16498:1766 1:N:0:CCGTCC 150 0 150 1
E00401:25:H3NTKALXX:5:1101:16498:1766 2:N:0:CCGTCC 98 0 98 53
E00401:25:H3NTKALXX:5:1101:16559:1766 1:N:0:CCGTCC 141 0 141 10
E00401:25:H3NTKALXX:5:1101:16559:1766 2:N:0:CCGTCC 52 0 52 99
E00401:25:H3NTKALXX:5:1101:16640:1766 1:N:0:CCGTCC 145 0 145 6
E00401:25:H3NTKALXX:5:1101:16640:1766 2:N:0:CCGTCC 97 0 97 54
E00401:25:H3NTKALXX:5:1101:16762:1766 1:N:0:CCGTCC 120 0 120 31
E00401:25:H3NTKALXX:5:1101:16762:1766 2:N:0:CCGTCC 0 0 0 0
E00401:25:H3NTKALXX:5:1101:17086:1766 1:N:0:CCGTCC 151 0 151 0
E00401:25:H3NTKALXX:5:1101:17086:1766 2:N:0:CCGTCC 60 0 60 91
E00401:25:H3NTKALXX:5:1101:17168:1766 1:N:0:CCGTCC 103 0 103 48
E00401:25:H3NTKALXX:5:1101:17168:1766 2:N:0:CCGTCC 0 0 0 0
E00401:25:H3NTKALXX:5:1101:18406:1766 1:N:0:CCGTCC 151 0 151 0
E00401:25:H3NTKALXX:5:1101:18406:1766 2:N:0:CCGTCC 103 0 103 48
E00401:25:H3NTKALXX:5:1101:19218:1766 1:N:0:CCGTCC 133 0 133 18
E00401:25:H3NTKALXX:5:1101:19218:1766 2:N:0:CCGTCC 60 0 60 91
E00401:25:H3NTKALXX:5:1101:19684:1766 1:N:0:CCGTCC 135 0 135 16
E00401:25:H3NTKALXX:5:1101:19684:1766 2:N:0:CCGTCC 119 0 119 32
E00401:25:H3NTKALXX:5:1101:20659:1766 1:N:0:CCGTCC 68 0 68 83
E00401:25:H3NTKALXX:5:1101:20659:1766 2:N:0:CCGTCC 0 0 0 0
E00401:25:H3NTKALXX:5:1101:20699:1766 1:N:0:CCGTCC 51 0 51 100
E00401:25:H3NTKALXX:5:1101:20699:1766 2:N:0:CCGTCC 0 0 0 0
E00401:25:H3NTKALXX:5:1101:20801:1766 1:N:0:CCGTCC 151 0 151 0
E00401:25:H3NTKALXX:5:1101:20801:1766 2:N:0:CCGTCC 151 0 151 0
E00401:25:H3NTKALXX:5:1101:21085:1766 1:N:0:CCGTCC 139 0 139 12
E00401:25:H3NTKALXX:5:1101:21085:1766 2:N:0:CCGTCC 99 0 99 52
E00401:25:H3NTKALXX:5:1101:21349:1766 1:N:0:CCGTCC 137 0 137 14
E00401:25:H3NTKALXX:5:1101:21349:1766 2:N:0:CCGTCC 114 0 114 37
E00401:25:H3NTKALXX:5:1101:23196:1766 1:N:0:CCGTCC 116 0 116 35
E00401:25:H3NTKALXX:5:1101:23196:1766 2:N:0:CCGTCC 151 0 151 0
E00401:25:H3NTKALXX:5:1101:25814:1766 1:N:0:CCGTCC 114 0 114 37
E00401:25:H3NTKALXX:5:1101:25814:1766 2:N:0:CCGTCC 0 0 0 0
E00401:25:H3NTKALXX:5:1101:11069:1784 1:N:0:CCGTCC 88 0 88 63
E00401:25:H3NTKALXX:5:1101:11069:1784 2:N:0:CCGTCC 57 0 57 94
E00401:25:H3NTKALXX:5:1101:12327:1784 1:N:0:CCGTCC 101 0 101 50
E00401:25:H3NTKALXX:5:1101:12327:1784 2:N:0:CCGTCC 80 0 80 71
E00401:25:H3NTKALXX:5:1101:12895:1784 1:N:0:CCGTCC 119 0 119 32
E00401:25:H3NTKALXX:5:1101:12895:1784 2:N:0:CCGTCC 88 0 88 63
E00401:25:H3NTKALXX:5:1101:13869:1784 1:N:0:CCGTCC 150 0 150 1
E00401:25:H3NTKALXX:5:1101:13869:1784 2:N:0:CCGTCC 151 0 151 0
