E00401:25:H3NTKALXX:5:1101:10236:1362 1:N:0:NAGATC 62 0 62 89
E00401:25:H3NTKALXX:5:1101:10236:1362 2:N:0:NAGATC 0 0 0 0
E00401:25:H3NTKALXX:5:1101:10967:1362 1:N:0:NAGATC 62 0 62 89
E00401:25:H3NTKALXX:5:1101:10967:1362 2:N:0:NAGATC 0 0 0 0
E00401:25:H3NTKALXX:5:1101:14925:1362 1:N:0:NAGATC 83 0 83 68
E00401:25:H3NTKALXX:5:1101:14925:1362 2:N:0:NAGATC 0 0 0 0
E00401:25:H3NTKALXX:5:1101:15656:1362 1:N:0:NAGATC 62 0 62 89
E00401:25:H3NTKALXX:5:1101:15656:1362 2:N:0:NAGATC 79 0 79 72
E00401:25:H3NTKALXX:5:1101:15757:1362 1:N:0:NAGATC 117 0 117 34
E00401:25:H3NTKALXX:5:1101:15757:1362 2:N:0:NAGATC 0 0 0 0
E00401:25:H3NTKALXX:5:1101:16082:1362 1:N:0:NAGATC 62 0 62 89
E00401:25:H3NTKALXX:5:1101:16082:1362 2:N:0:NAGATC 0 0 0 0
E00401:25:H3NTKALXX:5:1101:17868:1362 1:N:0:NAGATC 84 0 84 67
E00401:25:H3NTKALXX:5:1101:17868:1362 2:N:0:NAGATC 99 0 99 52
E00401:25:H3NTKALXX:5:1101:19674:1362 1:N:0:NAGATC 81 0 81 70
E00401:25:H3NTKALXX:5:1101:19674:1362 2:N:0:NAGATC 86 0 86 65
E00401:25:H3NTKALXX:5:1101:20303:1362 1:N:0:NAGATC 0 0 0 0
E00401:25:H3NTKALXX:5:1101:20303:1362 2:N:0:NAGATC 87 0 87 64
E00401:25:H3NTKALXX:5:1101:23125:1362 1:N:0:NAGATC 87 0 87 64
E00401:25:H3NTKALXX:5:1101:23125:1362 2:N:0:NAGATC 0 0 0 0
E00401:25:H3NTKALXX:5:1101:24119:1362 1:N:0:NAGATC 55 0 55 96
E00401:25:H3NTKALXX:5:1101:24119:1362 2:N:0:NAGATC 60 0 60 91
E00401:25:H3NTKALXX:5:1101:25154:1362 1:N:0:NAGATC 81 0 81 70
E00401:25:H3NTKALXX:5:1101:25154:1362 2:N:0:NAGATC 53 0 53 98
E00401:25:H3NTKALXX:5:1101:26291:1362 1:N:0:NAGATC 106 0 106 45
E00401:25:H3NTKALXX:5:1101:26291:1362 2:N:0:NAGATC 115 0 115 36
E00401:25:H3NTKALXX:5:1101:16620:1379 1:N:0:NAGATC 150 0 150 1
E00401:25:H3NTKALXX:5:1101:16620:1379 2:N:0:NAGATC 110 0 110 41
E00401:25:H3NTKALXX:5:1101:17472:1379 1:N:0:NAGATC 151 0 151 0
E00401:25:H3NTKALXX:5:1101:17472:1379 2:N:0:NAGATC 93 0 93 58
E00401:25:H3NTKALXX:5:1101:18284:1379 1:N:0:NAGATC 81 0 81 70
E00401:25:H3NTKALXX:5:1101:18284:1379 2:N:0:NAGATC 97 0 97 54
E00401:25:H3NTKALXX:5:1101:19603:1379 1:N:0:NAGATC 151 0 151 0
E00401:25:H3NTKALXX:5:1101:19603:1379 2:N:0:NAGATC 94 0 94 57
E00401:25:H3NTKALXX:5:1101:14823:1397 1:N:0:NAGATC 81 0 81 70
E00401:25:H3NTKALXX:5:1101:14823:1397 2:N:0:NAGATC 0 0 0 0
E00401:25:H3NTKALXX:5:1101:15189:1397 1:N:0:NAGATC 79 0 79 72
E00401:25:H3NTKALXX:5:1101:15189:1397 2:N:0:NAGATC 89 0 89 62
E00401:25:H3NTKALXX:5:1101:16934:1397 1:N:0:NAGATC 60 0 60 91
E00401:25:H3NTKALXX:5:1101:16934:1397 2:N:0:NAGATC 0 0 0 0
E00401:25:H3NTKALXX:5:1101:16995:1397 1:N:0:NAGATC 109 0 109 42
E00401:25:H3NTKALXX:5:1101:16995:1397 2:N:0:NAGATC 113 0 113 38
E00401:25:H3NTKALXX:5:1101:18051:1397 1:N:0:NAGATC 92 0 92 59
E00401:25:H3NTKALXX:5:1101:18051:1397 2:N:0:NAGATC 0 0 0 0
E00401:25:H3NTKALXX:5:1101:18802:1397 1:N:0:NAGATC 120 0 120 31
E00401:25:H3NTKALXX:5:1101:18802:1397 2:N:0:NAGATC 84 0 84 67
E00401:25:H3NTKALXX:5:1101:21521:1397 1:N:0:NAGATC 117 0 117 34
E00401:25:H3NTKALXX:5:1101:21521:1397 2:N:0:NAGATC 54 0 54 97
E00401:25:H3NTKALXX:5:1101:24647:1397 1:N:0:NAGATC 139 0 139 12
E00401:25:H3NTKALXX:5:1101:24647:1397 2:N:0:NAGATC 103 0 103 48
E00401:25:H3NTKALXX:5:1101:12723:1415 1:N:0:NAGATC 56 0 56 95
E00401:25:H3NTKALXX:5:1101:12723:1415 2:N:0:NAGATC 57 0 57 94
E00401:25:H3NTKALXX:5:1101:14346:1415 1:N:0:NAGATC 89 0 89 62
E00401:25:H3NTKALXX:5:1101:14346:1415 2:N:0:NAGATC 79 0 79 72
E00401:25:H3NTKALXX:5:1101:16396:1415 1:N:0:NAGATC 102 0 102 49
E00401:25:H3NTKALXX:5:1101:16396:1415 2:N:0:NAGATC 102 0 102 49
E00401:25:H3NTKALXX:5:1101:17817:1415 1:N:0:NAGATC 100 0 100 51
E00401:25:H3NTKALXX:5:1101:17817:1415 2:N:0:NAGATC 61 0 61 90
E00401:25:H3NTKALXX:5:1101:20618:1415 1:N:0:NAGATC 145 0 145 6
E00401:25:H3NTKALXX:5:1101:20618:1415 2:N:0:NAGATC 54 0 54 97
E00401:25:H3NTKALXX:5:1101:15270:1432 1:N:0:NAGATC 91 0 91 60
E00401:25:H3NTKALXX:5:1101:15270:1432 2:N:0:NAGATC 90 0 90 61
E00401:25:H3NTKALXX:5:1101:19613:1432 1:N:0:NAGATC 137 0 137 14
E00401:25:H3NTKALXX:5:1101:19613:1432 2:N:0:NAGATC 0 0 0 0
E00401:25:H3NTKALXX:5:1101:20101:1432 1:N:0:NAGATC 148 0 148 3
E00401:25:H3NTKALXX:5:1101:20101:1432 2:N:0:NAGATC 97 0 97 54
E00401:25:H3NTKALXX:5:1101:22617:1432 1:N:0:NAGATC 151 0 151 0
E00401:25:H3NTKALXX:5:1101:22617:1432 2:N:0:NAGATC 0 0 0 0
E00401:25:H3NTKALXX:5:1101:14773:1450 1:N:0:NAGATC 151 0 151 0
E00401:25:H3NTKALXX:5:1101:14773:1450 2:N:0:NAGATC 0 0 0 0
E00401:25:H3NTKALXX:5:1101:15341:1450 1:N:0:NAGATC 151 0 151 0
E00401:25:H3NTKALXX:5:1101:15341:1450 2:N:0:NAGATC 0 0 0 0
E00401:25:H3NTKALXX:5:1101:16214:1450 1:N:0:NAGATC 132 0 132 19
E00401:25:H3NTKALXX:5:1101:16214:1450 2:N:0:NAGATC 77 0 77 74
E00401:25:H3NTKALXX:5:1101:18670:1450 1:N:0:NAGATC 133 0 133 18
E00401:25:H3NTKALXX:5:1101:18670:1450 2:N:0:NAGATC 0 0 0 0
E00401:25:H3NTKALXX:5:1101:19055:1450 1:N:0:NAGATC 133 0 133 18
E00401:25:H3NTKALXX:5:1101:19055:1450 2:N:0:NAGATC 64 0 64 87
E00401:25:H3NTKALXX:5:1101:21268:1450 1:N:0:NAGATC 88 0 88 63
E00401:25:H3NTKALXX:5:1101:21268:1450 2:N:0:NAGATC 0 0 0 0
E00401:25:H3NTKALXX:5:1101:31253:1450 1:N:0:NAGATC 93 0 93 58
E00401:25:H3NTKALXX:5:1101:31253:1450 2:N:0:NAGATC 0 0 0 0
E00401:25:H3NTKALXX:5:1101:14397:1467 1:N:0:NAGATC 151 0 151 0
E00401:25:H3NTKALXX:5:1101:14397:1467 2:N:0:NAGATC 110 0 110 41
E00401:25:H3NTKALXX:5:1101:16366:1467 1:N:0:NAGATC 120 0 120 31
E00401:25:H3NTKALXX:5:1101:16366:1467 2:N:0:NAGATC 99 0 99 52
E00401:25:H3NTKALXX:5:1101:17158:1467 1:N:0:NAGATC 95 0 95 56
E00401:25:H3NTKALXX:5:1101:17158:1467 2:N:0:NAGATC 115 0 115 36
E00401:25:H3NTKALXX:5:1101:19613:1467 1:N:0:NAGATC 114 0 114 37
E00401:25:H3NTKALXX:5:1101:19613:1467 2:N:0:NAGATC 115 0 115 36
E00401:25:H3NTKALXX:5:1101:23287:1467 1:N:0:NAGATC 67 0 67 84
E00401:25:H3NTKALXX:5:1101:23287:1467 2:N:0:NAGATC 134 0 134 17
E00401:25:H3NTKALXX:5:1101:12621:1485 1:N:0:NAGATC 57 0 57 94
E00401:25:H3NTKALXX:5:1101:12621:1485 2:N:0:NAGATC 0 0 0 0
E00401:25:H3NTKALXX:5:1101:16640:1485 1:N:0:NAGATC 127 0 127 24
E00401:25:H3NTKALXX:5:1101:16640:1485 2:N:0:NAGATC 0 0 0 0
E00401:25:H3NTKALXX:5:1101:19481:1485 1:N:0:NAGATC 148 0 148 3
E00401:25:H3NTKALXX:5:1101:19481:1485 2:N:0:NAGATC 100 0 100 51
E00401:25:H3NTKALXX:5:1101:20070:1485 1:N:0:NAGATC 150 0 150 1
E00401:25:H3NTKALXX:5:1101:20070:1485 2:N:0:NAGATC 0 0 0 0
E00401:25:H3NTKALXX:5:1101:20375:1485 1:N:0:NAGATC 110 0 110 41
E00401:25:H3NTKALXX:5:1101:20375:1485 2:N:0:NAGATC 98 0 98 53
E00401:25:H3NTKALXX:5:1101:20659:1485 1:N:0:NAGATC 149 0 149 2
E00401:25:H3NTKALXX:5:1101:20659:1485 2:N:0:NAGATC 54 0 54 97
E00401:25:H3NTKALXX:5:1101:21146:1485 1:N:0:NAGATC 85 0 85 66
E00401:25:H3NTKALXX:5:1101:21146:1485 2:N:0:NAGATC 94 0 94 57
E00401:25:H3NTKALXX:5:1101:22282:1485 1:N:0:NAGATC 151 0 151 0
E00401:25:H3NTKALXX:5:1101:22282:1485 2:N:0:NAGATC 151 0 151 0
E00401:25:H3NTKALXX:5:1101:13382:1502 1:N:0:NAGATC 57 0 57 94
E00401:25:H3NTKALXX:5:1101:13382:1502 2:N:0:NAGATC 0 0 0 0
E00401:25:H3NTKALXX:5:1101:13727:1502 1:N:0:NAGATC 124 0 124 27
E00401:25:H3NTKALXX:5:1101:13727:1502 2:N:0:NAGATC 0 0 0 0
E00401:25:H3NTKALXX:5:1101:15412:1502 1:N:0:NAGATC 115 0 115 36
E00401:25:H3NTKALXX:5:1101:15412:1502 2:N:0:NAGATC 99 0 99 52
E00401:25:H3NTKALXX:5:1101:17482:1502 1:N:0:NAGATC 85 0 85 66
E00401:25:H3NTKALXX:5:1101:17482:1502 2:N:0:NAGATC 76 0 76 75
E00401:25:H3NTKALXX:5:1101:18335:1502 1:N:0:NAGATC 117 0 117 34
E00401:25:H3NTKALXX:5:1101:18335:1502 2:N:0:NAGATC 51 0 51 100
E00401:25:H3NTKALXX:5:1101:18355:1502 1:N:0:NAGATC 101 0 101 50
E00401:25:H3NTKALXX:5:1101:18355:1502 2:N:0:NAGATC 125 0 125 26
E00401:25:H3NTKALXX:5:1101:19837:1502 1:N:0:NAGATC 149 0 149 2
E00401:25:H3NTKALXX:5:1101:19837:1502 2:N:0:NAGATC 115 0 115 36
E00401:25:H3NTKALXX:5:1101:19877:1502 1:N:0:NAGATC 126 0 126 25
E00401:25:H3NTKALXX:5:1101:19877:1502 2:N:0:NAGATC 96 0 96 55
E00401:25:H3NTKALXX:5:1101:21379:1502 1:N:0:NAGATC 115 0 115 36
E00401:25:H3NTKALXX:5:1101:21379:1502 2:N:0:NAGATC 90 0 90 61
E00401:25:H3NTKALXX:5:1101:25276:1502 1:N:0:NAGATC 151 0 151 0
E00401:25:H3NTKALXX:5:1101:25276:1502 2:N:0:NAGATC 104 0 104 47
E00401:25:H3NTKALXX:5:1101:14854:1520 1:N:0:NAGATC 151 0 151 0
E00401:25:H3NTKALXX:5:1101:14854:1520 2:N:0:NAGATC 106 0 106 45
E00401:25:H3NTKALXX:5:1101:16782:1520 1:N:0:NAGATC 143 0 143 8
E00401:25:H3NTKALXX:5:1101:16782:1520 2:N:0:NAGATC 114 0 114 37
E00401:25:H3NTKALXX:5:1101:17837:1520 1:N:0:NAGATC 144 0 144 7
E00401:25:H3NTKALXX:5:1101:17837:1520 2:N:0:NAGATC 114 0 114 37
E00401:25:H3NTKALXX:5:1101:18122:1520 1:N:0:NAGATC 151 0 151 0
E00401:25:H3NTKALXX:5:1101:18122:1520 2:N:0:NAGATC 94 0 94 57
E00401:25:H3NTKALXX:5:1101:18142:1520 1:N:0:NAGATC 148 0 148 3
E00401:25:H3NTKALXX:5:1101:18142:1520 2:N:0:NAGATC 0 0 0 0
E00401:25:H3NTKALXX:5:1101:19664:1520 1:N:0:NAGATC 123 0 123 28
E00401:25:H3NTKALXX:5:1101:19664:1520 2:N:0:NAGATC 110 0 110 41
E00401:25:H3NTKALXX:5:1101:22019:1520 1:N:0:NAGATC 148 0 148 3
E00401:25:H3NTKALXX:5:1101:22019:1520 2:N:0:NAGATC 139 0 139 12
E00401:25:H3NTKALXX:5:1101:23054:1520 1:N:0:NAGATC 151 0 151 0
E00401:25:H3NTKALXX:5:1101:23054:1520 2:N:0:NAGATC 150 0 150 1
E00401:25:H3NTKALXX:5:1101:23500:1520 1:N:0:NAGATC 87 0 87 64
E00401:25:H3NTKALXX:5:1101:23500:1520 2:N:0:NAGATC 111 0 111 40
E00401:25:H3NTKALXX:5:1101:25692:1520 1:N:0:NAGATC 108 0 108 43
E00401:25:H3NTKALXX:5:1101:25692:1520 2:N:0:NAGATC 89 0 89 62
E00401:25:H3NTKALXX:5:1101:15960:1538 1:N:0:NAGATC 115 0 115 36
E00401:25:H3NTKALXX:5:1101:15960:1538 2:N:0:NAGATC 55 0 55 96
E00401:25:H3NTKALXX:5:1101:17482:1538 1:N:0:NAGATC 141 0 141 10
E00401:25:H3NTKALXX:5:1101:17482:1538 2:N:0:NAGATC 116 0 116 35
E00401:25:H3NTKALXX:5:1101:19512:1538 1:N:0:NAGATC 120 0 120 31
E00401:25:H3NTKALXX:5:1101:19512:1538 2:N:0:NAGATC 64 0 64 87
E00401:25:H3NTKALXX:5:1101:21724:1538 1:N:0:NAGATC 136 0 136 15
E00401:25:H3NTKALXX:5:1101:21724:1538 2:N:0:NAGATC 0 0 0 0
E00401:25:H3NTKALXX:5:1101:23084:1538 1:N:0:NAGATC 66 0 66 85
E00401:25:H3NTKALXX:5:1101:23084:1538 2:N:0:NAGATC 0 0 0 0
E00401:25:H3NTKALXX:5:1101:23794:1538 1:N:0:NAGATC 120 0 120 31
E00401:25:H3NTKALXX:5:1101:23794:1538 2:N:0:NAGATC 106 0 106 45
E00401:25:H3NTKALXX:5:1101:14164:1555 1:N:0:NAGATC 116 0 116 35
E00401:25:H3NTKALXX:5:1101:14164:1555 2:N:0:NAGATC 93 0 93 58
E00401:25:H3NTKALXX:5:1101:14732:1555 1:N:0:NAGATC 151 0 151 0
E00401:25:H3NTKALXX:5:1101:14732:1555 2:N:0:NAGATC 126 0 126 25
E00401:25:H3NTKALXX:5:1101:16944:1555 1:N:0:NAGATC 151 0 151 0
E00401:25:H3NTKALXX:5:1101:16944:1555 2:N:0:NAGATC 126 0 126 25
E00401:25:H3NTKALXX:5:1101:17634:1555 1:N:0:NAGATC 151 0 151 0
E00401:25:H3NTKALXX:5:1101:17634:1555 2:N:0:NAGATC 133 0 133 18
E00401:25:H3NTKALXX:5:1101:18345:1555 1:N:0:NAGATC 151 0 151 0
E00401:25:H3NTKALXX:5:1101:18345:1555 2:N:0:NAGATC 0 0 0 0
E00401:25:H3NTKALXX:5:1101:20192:1555 1:N:0:NAGATC 133 0 133 18
E00401:25:H3NTKALXX:5:1101:20192:1555 2:N:0:NAGATC 98 0 98 53
E00401:25:H3NTKALXX:5:1101:20395:1555 1:N:0:NAGATC 151 0 151 0
E00401:25:H3NTKALXX:5:1101:20395:1555 2:N:0:NAGATC 111 0 111 40
E00401:25:H3NTKALXX:5:1101:20415:1555 1:N:0:NAGATC 135 0 135 16
E00401:25:H3NTKALXX:5:1101:20415:1555 2:N:0:NAGATC 142 0 142 9
E00401:25:H3NTKALXX:5:1101:21816:1555 1:N:0:NAGATC 122 0 122 29
E00401:25:H3NTKALXX:5:1101:21816:1555 2:N:0:NAGATC 96 0 96 55
E00401:25:H3NTKALXX:5:1101:22769:1555 1:N:0:NAGATC 138 0 138 13
E00401:25:H3NTKALXX:5:1101:22769:1555 2:N:0:NAGATC 139 0 139 12
E00401:25:H3NTKALXX:5:1101:13403:1573 1:N:0:NAGATC 151 0 151 0
E00401:25:H3NTKALXX:5:1101:13403:1573 2:N:0:NAGATC 0 0 0 0
E00401:25:H3NTKALXX:5:1101:17807:1573 1:N:0:NAGATC 117 0 117 34
E00401:25:H3NTKALXX:5:1101:17807:1573 2:N:0:NAGATC 94 0 94 57
E00401:25:H3NTKALXX:5:1101:19451:1573 1:N:0:NAGATC 151 0 151 0
E00401:25:H3NTKALXX:5:1101:19451:1573 2:N:0:NAGATC 64 0 64 87
E00401:25:H3NTKALXX:5:1101:22881:1573 1:N:0:NAGATC 121 0 121 30
E00401:25:H3NTKALXX:5:1101:22881:1573 2:N:0:NAGATC 114 0 114 37
E00401:25:H3NTKALXX:5:1101:10612:1590 1:N:0:NAGATC 113 0 113 38
E00401:25:H3NTKALXX:5:1101:10612:1590 2:N:0:NAGATC 0 0 0 0
E00401:25:H3NTKALXX:5:1101:14590:1590 1:N:0:NAGATC 130 0 130 21
E00401:25:H3NTKALXX:5:1101:14590:1590 2:N:0:NAGATC 106 0 106 45
E00401:25:H3NTKALXX:5:1101:17858:1590 1:N:0:NAGATC 151 0 151 0
E00401:25:H3NTKALXX:5:1101:17858:1590 2:N:0:NAGATC 150 0 150 1
E00401:25:H3NTKALXX:5:1101:18609:1590 1:N:0:NAGATC 151 0 151 0
E00401:25:H3NTKALXX:5:1101:18609:1590 2:N:0:NAGATC 133 0 133 18
E00401:25:H3NTKALXX:5:1101:20090:1590 1:N:0:NAGATC 151 0 151 0
E00401:25:H3NTKALXX:5:1101:20090:1590 2:N:0:NAGATC 115 0 115 36
E00401:25:H3NTKALXX:5:1101:21633:1590 1:N:0:NAGATC 150 0 150 1
E00401:25:H3NTKALXX:5:1101:21633:1590 2:N:0:NAGATC 151 0 151 0
E00401:25:H3NTKALXX:5:1101:22303:1590 1:N:0:NAGATC 113 0 113 38
E00401:25:H3NTKALXX:5:1101:22303:1590 2:N:0:NAGATC 151 0 151 0
E00401:25:H3NTKALXX:5:1101:23115:1590 1:N:0:NAGATC 97 0 97 54
E00401:25:H3NTKALXX:5:1101:23115:1590 2:N:0:NAGATC 0 0 0 0
E00401:25:H3NTKALXX:5:1101:16041:1608 1:N:0:NAGATC 151 0 151 0
E00401:25:H3NTKALXX:5:1101:16041:1608 2:N:0:NAGATC 114 0 114 37
E00401:25:H3NTKALXX:5:1101:17746:1608 1:N:0:NAGATC 119 0 119 32
E00401:25:H3NTKALXX:5:1101:17746:1608 2:N:0:NAGATC 112 0 112 39
E00401:25:H3NTKALXX:5:1101:21988:1608 1:N:0:NAGATC 130 0 130 21
E00401:25:H3NTKALXX:5:1101:21988:1608 2:N:0:NAGATC 103 0 103 48
E00401:25:H3NTKALXX:5:1101:22353:1608 1:N:0:NAGATC 93 0 93 58
E00401:25:H3NTKALXX:5:1101:22353:1608 2:N:0:NAGATC 57 0 57 94
E00401:25:H3NTKALXX:5:1101:23429:1608 1:N:0:NAGATC 150 0 150 1
E00401:25:H3NTKALXX:5:1101:23429:1608 2:N:0:NAGATC 151 0 151 0
E00401:25:H3NTKALXX:5:1101:23977:1608 1:N:0:NAGATC 150 0 150 1
E00401:25:H3NTKALXX:5:1101:23977:1608 2:N:0:NAGATC 64 0 64 87
E00401:25:H3NTKALXX:5:1101:8745:1625 1:N:0:NAGATC 0 0 0 0
E00401:25:H3NTKALXX:5:1101:8745:1625 2:N:0:NAGATC 53 0 53 98
E00401:25:H3NTKALXX:5:1101:13656:1625 1:N:0:NAGATC 131 0 131 20
E00401:25:H3NTKALXX:5:1101:13656:1625 2:N:0:NAGATC 151 0 151 0
E00401:25:H3NTKALXX:5:1101:17188:1625 1:N:0:NAGATC 139 0 139 12
E00401:25:H3NTKALXX:5:1101:17188:1625 2:N:0:NAGATC 125 0 125 26
E00401:25:H3NTKALXX:5:1101:17777:1625 1:N:0:NAGATC 52 0 52 99
E00401:25:H3NTKALXX:5:1101:17777:1625 2:N:0:NAGATC 0 0 0 0
E00401:25:H3NTKALXX:5:1101:18710:1625 1:N:0:NAGATC 97 0 97 54
E00401:25:H3NTKALXX:5:1101:18710:1625 2:N:0:NAGATC 111 0 111 40
E00401:25:H3NTKALXX:5:1101:19969:1625 1:N:0:NAGATC 115 0 115 36
E00401:25:H3NTKALXX:5:1101:19969:1625 2:N:0:NAGATC 55 0 55 96
E00401:25:H3NTKALXX:5:1101:21247:1625 1:N:0:NAGATC 76 0 76 75
E00401:25:H3NTKALXX:5:1101:21247:1625 2:N:0:NAGATC 74 0 74 77
E00401:25:H3NTKALXX:5:1101:23054:1625 1:N:0:NAGATC 145 0 145 6
E00401:25:H3NTKALXX:5:1101:23054:1625 2:N:0:NAGATC 151 0 151 0
E00401:25:H3NTKALXX:5:1101:17239:1643 1:N:0:NAGATC 151 0 151 0
E00401:25:H3NTKALXX:5:1101:17239:1643 2:N:0:NAGATC 128 0 128 23
E00401:25:H3NTKALXX:5:1101:19086:1643 1:N:0:NAGATC 151 0 151 0
E00401:25:H3NTKALXX:5:1101:19086:1643 2:N:0:NAGATC 141 0 141 10
E00401:25:H3NTKALXX:5:1101:19431:1643 1:N:0:NAGATC 151 0 151 0
E00401:25:H3NTKALXX:5:1101:19431:1643 2:N:0:NAGATC 118 0 118 33
E00401:25:H3NTKALXX:5:1101:19755:1643 1:N:0:NAGATC 81 0 81 70
E00401:25:H3NTKALXX:5:1101:19755:1643 2:N:0:NAGATC 114 0 114 37
E00401:25:H3NTKALXX:5:1101:21988:1643 1:N:0:NAGATC 123 0 123 28
E00401:25:H3NTKALXX:5:1101:21988:1643 2:N:0:NAGATC 111 0 111 40
E00401:25:H3NTKALXX:5:1101:23510:1643 1:N:0:NAGATC 109 0 109 42
E00401:25:H3NTKALXX:5:1101:23510:1643 2:N:0:NAGATC 89 0 89 62
E00401:25:H3NTKALXX:5:1101:24282:1643 1:N:0:NAGATC 63 0 63 88
E00401:25:H3NTKALXX:5:1101:24282:1643 2:N:0:NAGATC 83 0 83 68
E00401:25:H3NTKALXX:5:1101:9983:1661 1:N:0:NAGATC 62 0 62 89
E00401:25:H3NTKALXX:5:1101:9983:1661 2:N:0:NAGATC 0 0 0 0
E00401:25:H3NTKALXX:5:1101:14570:1661 1:N:0:NAGATC 130 0 130 21
E00401:25:H3NTKALXX:5:1101:14570:1661 2:N:0:NAGATC 67 0 67 84
E00401:25:H3NTKALXX:5:1101:16011:1661 1:N:0:NAGATC 120 0 120 31
E00401:25:H3NTKALXX:5:1101:16011:1661 2:N:0:NAGATC 149 0 149 2
E00401:25:H3NTKALXX:5:1101:23683:1661 1:N:0:NAGATC 105 0 105 46
E00401:25:H3NTKALXX:5:1101:23683:1661 2:N:0:NAGATC 69 0 69 82
E00401:25:H3NTKALXX:5:1101:14478:1678 1:N:0:NAGATC 130 0 130 21
E00401:25:H3NTKALXX:5:1101:14478:1678 2:N:0:NAGATC 113 0 113 38
E00401:25:H3NTKALXX:5:1101:16001:1678 1:N:0:NAGATC 151 0 151 0
E00401:25:H3NTKALXX:5:1101:16001:1678 2:N:0:NAGATC 150 0 150 1
E00401:25:H3NTKALXX:5:1101:18558:1678 1:N:0:NAGATC 115 0 115 36
E00401:25:H3NTKALXX:5:1101:18558:1678 2:N:0:NAGATC 124 0 124 27
E00401:25:H3NTKALXX:5:1101:19735:1678 1:N:0:NAGATC 146 0 146 5
E00401:25:H3NTKALXX:5:1101:19735:1678 2:N:0:NAGATC 93 0 93 58
E00401:25:H3NTKALXX:5:1101:20263:1678 1:N:0:NAGATC 136 0 136 15
E00401:25:H3NTKALXX:5:1101:20263:1678 2:N:0:NAGATC 141 0 141 10
E00401:25:H3NTKALXX:5:1101:20588:1678 1:N:0:NAGATC 134 0 134 17
E00401:25:H3NTKALXX:5:1101:20588:1678 2:N:0:NAGATC 67 0 67 84
E00401:25:H3NTKALXX:5:1101:21298:1678 1:N:0:NAGATC 123 0 123 28
E00401:25:H3NTKALXX:5:1101:21298:1678 2:N:0:NAGATC 103 0 103 48
E00401:25:H3NTKALXX:5:1101:23389:1678 1:N:0:NAGATC 129 0 129 22
E00401:25:H3NTKALXX:5:1101:23389:1678 2:N:0:NAGATC 114 0 114 37
E00401:25:H3NTKALXX:5:1101:23957:1678 1:N:0:NAGATC 151 0 151 0
E00401:25:H3NTKALXX:5:1101:23957:1678 2:N:0:NAGATC 73 0 73 78
E00401:25:H3NTKALXX:5:1101:25540:1678 1:N:0:NAGATC 151 0 151 0
E00401:25:H3NTKALXX:5:1101:25540:1678 2:N:0:NAGATC 139 0 139 12
E00401:25:H3NTKALXX:5:1101:9739:1696 1:N:0:NAGATC 117 0 117 34
E00401:25:H3NTKALXX:5:1101:9739:1696 2:N:0:NAGATC 113 0 113 38
E00401:25:H3NTKALXX:5:1101:10795:1696 1:N:0:NAGATC 0 0 0 0
E00401:25:H3NTKALXX:5:1101:10795:1696 2:N:0:NAGATC 0 0 0 0
E00401:25:H3NTKALXX:5:1101:12378:1696 1:N:0:NAGATC 102 0 102 49
E00401:25:H3NTKALXX:5:1101:12378:1696 2:N:0:NAGATC 106 0 106 45
E00401:25:H3NTKALXX:5:1101:14529:1696 1:N:0:NAGATC 150 0 150 1
E00401:25:H3NTKALXX:5:1101:14529:1696 2:N:0:NAGATC 58 0 58 93
E00401:25:H3NTKALXX:5:1101:16254:1696 1:N:0:NAGATC 120 0 120 31
E00401:25:H3NTKALXX:5:1101:16254:1696 2:N:0:NAGATC 97 0 97 54
E00401:25:H3NTKALXX:5:1101:16518:1696 1:N:0:NAGATC 151 0 151 0
E00401:25:H3NTKALXX:5:1101:16518:1696 2:N:0:NAGATC 111 0 111 40
E00401:25:H3NTKALXX:5:1101:20009:1696 1:N:0:NAGATC 151 0 151 0
E00401:25:H3NTKALXX:5:1101:20009:1696 2:N:0:NAGATC 151 0 151 0
E00401:25:H3NTKALXX:5:1101:20699:1696 1:N:0:NAGATC 142 0 142 9
E00401:25:H3NTKALXX:5:1101:20699:1696 2:N:0:NAGATC 112 0 112 39
E00401:25:H3NTKALXX:5:1101:20740:1696 1:N:0:NAGATC 94 0 94 57
E00401:25:H3NTKALXX:5:1101:20740:1696 2:N:0:NAGATC 139 0 139 12
E00401:25:H3NTKALXX:5:1101:20780:1696 1:N:0:NAGATC 151 0 151 0
E00401:25:H3NTKALXX:5:1101:20780:1696 2:N:0:NAGATC 119 0 119 32
E00401:25:H3NTKALXX:5:1101:22019:1696 1:N:0:NAGATC 133 0 133 18
E00401:25:H3NTKALXX:5:1101:22019:1696 2:N:0:NAGATC 117 0 117 34
E00401:25:H3NTKALXX:5:1101:23703:1696 1:N:0:NAGATC 151 0 151 0
E00401:25:H3NTKALXX:5:1101:23703:1696 2:N:0:NAGATC 120 0 120 31
E00401:25:H3NTKALXX:5:1101:23764:1696 1:N:0:NAGATC 136 0 136 15
E00401:25:H3NTKALXX:5:1101:23764:1696 2:N:0:NAGATC 120 0 120 31
E00401:25:H3NTKALXX:5:1101:24616:1696 1:N:0:NAGATC 122 0 122 29
E00401:25:H3NTKALXX:5:1101:24616:1696 2:N:0:NAGATC 106 0 106 45
E00401:25:H3NTKALXX:5:1101:24677:1696 1:N:0:NAGATC 115 0 115 36
E00401:25:H3NTKALXX:5:1101:24677:1696 2:N:0:NAGATC 0 0 0 0
E00401:25:H3NTKALXX:5:1101:30482:1696 1:N:0:NAGATC 150 0 150 1
E00401:25:H3NTKALXX:5:1101:30482:1696 2:N:0:NAGATC 0 0 0 0
E00401:25:H3NTKALXX:5:1101:10663:1713 1:N:0:NAGATC 79 0 79 72
E00401:25:H3NTKALXX:5:1101:10663:1713 2:N:0:NAGATC 0 0 0 0
E00401:25:H3NTKALXX:5:1101:10987:1713 1:N:0:NAGATC 114 0 114 37
E00401:25:H3NTKALXX:5:1101:10987:1713 2:N:0:NAGATC 0 0 0 0
E00401:25:H3NTKALXX:5:1101:13890:1713 1:N:0:NAGATC 117 0 117 34
E00401:25:H3NTKALXX:5:1101:13890:1713 2:N:0:NAGATC 0 0 0 0
E00401:25:H3NTKALXX:5:1101:14438:1713 1:N:0:NAGATC 120 0 120 31
E00401:25:H3NTKALXX:5:1101:14438:1713 2:N:0:NAGATC 151 0 151 0
E00401:25:H3NTKALXX:5:1101:16021:1713 1:N:0:NAGATC 122 0 122 29
E00401:25:H3NTKALXX:5:1101:16021:1713 2:N:0:NAGATC 131 0 131 20
E00401:25:H3NTKALXX:5:1101:16082:1713 1:N:0:NAGATC 113 0 113 38
E00401:25:H3NTKALXX:5:1101:16082:1713 2:N:0:NAGATC 100 0 100 51
E00401:25:H3NTKALXX:5:1101:18274:1713 1:N:0:NAGATC 146 0 146 5
E00401:25:H3NTKALXX:5:1101:18274:1713 2:N:0:NAGATC 105 0 105 46
E00401:25:H3NTKALXX:5:1101:19289:1713 1:N:0:NAGATC 150 0 150 1
E00401:25:H3NTKALXX:5:1101:19289:1713 2:N:0:NAGATC 105 0 105 46
E00401:25:H3NTKALXX:5:1101:19309:1713 1:N:0:NAGATC 147 0 147 4
E00401:25:H3NTKALXX:5:1101:19309:1713 2:N:0:NAGATC 53 0 53 98
E00401:25:H3NTKALXX:5:1101:20101:1713 1:N:0:NAGATC 150 0 150 1
E00401:25:H3NTKALXX:5:1101:20101:1713 2:N:0:NAGATC 151 0 151 0
E00401:25:H3NTKALXX:5:1101:24383:1713 1:N:0:NAGATC 138 0 138 13
E00401:25:H3NTKALXX:5:1101:24383:1713 2:N:0:NAGATC 101 0 101 50
E00401:25:H3NTKALXX:5:1101:10409:1731 1:N:0:NAGATC 109 0 109 42
E00401:25:H3NTKALXX:5:1101:10409:1731 2:N:0:NAGATC 57 0 57 94
E00401:25:H3NTKALXX:5:1101:11891:1731 1:N:0:NAGATC 60 0 60 91
E00401:25:H3NTKALXX:5:1101:11891:1731 2:N:0:NAGATC 0 0 0 0
E00401:25:H3NTKALXX:5:1101:12520:1731 1:N:0:NAGATC 120 0 120 31
E00401:25:H3NTKALXX:5:1101:12520:1731 2:N:0:NAGATC 0 0 0 0
E00401:25:H3NTKALXX:5:1101:13920:1731 1:N:0:NAGATC 57 0 57 94
E00401:25:H3NTKALXX:5:1101:13920:1731 2:N:0:NAGATC 90 0 90 61
E00401:25:H3NTKALXX:5:1101:14692:1731 1:N:0:NAGATC 0 0 0 0
E00401:25:H3NTKALXX:5:1101:14692:1731 2:N:0:NAGATC 0 0 0 0
E00401:25:H3NTKALXX:5:1101:15788:1731 1:N:0:NAGATC 79 0 79 72
E00401:25:H3NTKALXX:5:1101:15788:1731 2:N:0:NAGATC 125 0 125 26
E00401:25:H3NTKALXX:5:1101:16295:1731 1:N:0:NAGATC 0 0 0 0
E00401:25:H3NTKALXX:5:1101:16295:1731 2:N:0:NAGATC 111 0 111 40
E00401:25:H3NTKALXX:5:1101:16356:1731 1:N:0:NAGATC 114 0 114 37
E00401:25:H3NTKALXX:5:1101:16356:1731 2:N:0:NAGATC 0 0 0 0
E00401:25:H3NTKALXX:5:1101:16843:1731 1:N:0:NAGATC 151 0 151 0
E00401:25:H3NTKALXX:5:1101:16843:1731 2:N:0:NAGATC 150 0 150 1
E00401:25:H3NTKALXX:5:1101:17939:1731 1:N:0:NAGATC 133 0 133 18
E00401:25:H3NTKALXX:5:1101:17939:1731 2:N:0:NAGATC 102 0 102 49
E00401:25:H3NTKALXX:5:1101:18365:1731 1:N:0:NAGATC 139 0 139 12
E00401:25:H3NTKALXX:5:1101:18365:1731 2:N:0:NAGATC 119 0 119 32
E00401:25:H3NTKALXX:5:1101:19055:1731 1:N:0:NAGATC 146 0 146 5
E00401:25:H3NTKALXX:5:1101:19055:1731 2:N:0:NAGATC 78 0 78 73
E00401:25:H3NTKALXX:5:1101:19461:1731 1:N:0:NAGATC 117 0 117 34
E00401:25:H3NTKALXX:5:1101:19461:1731 2:N:0:NAGATC 0 0 0 0
E00401:25:H3NTKALXX:5:1101:19522:1731 1:N:0:NAGATC 81 0 81 70
E00401:25:H3NTKALXX:5:1101:19522:1731 2:N:0:NAGATC 126 0 126 25
E00401:25:H3NTKALXX:5:1101:19563:1731 1:N:0:NAGATC 140 0 140 11
E00401:25:H3NTKALXX:5:1101:19563:1731 2:N:0:NAGATC 89 0 89 62
E00401:25:H3NTKALXX:5:1101:20172:1731 1:N:0:NAGATC 149 0 149 2
E00401:25:H3NTKALXX:5:1101:20172:1731 2:N:0:NAGATC 103 0 103 48
E00401:25:H3NTKALXX:5:1101:20395:1731 1:N:0:NAGATC 142 0 142 9
E00401:25:H3NTKALXX:5:1101:20395:1731 2:N:0:NAGATC 94 0 94 57
E00401:25:H3NTKALXX:5:1101:21004:1731 1:N:0:NAGATC 147 0 147 4
E00401:25:H3NTKALXX:5:1101:21004:1731 2:N:0:NAGATC 57 0 57 94
E00401:25:H3NTKALXX:5:1101:21288:1731 1:N:0:NAGATC 133 0 133 18
E00401:25:H3NTKALXX:5:1101:21288:1731 2:N:0:NAGATC 83 0 83 68
E00401:25:H3NTKALXX:5:1101:21775:1731 1:N:0:NAGATC 146 0 146 5
E00401:25:H3NTKALXX:5:1101:21775:1731 2:N:0:NAGATC 100 0 100 51
E00401:25:H3NTKALXX:5:1101:21876:1731 1:N:0:NAGATC 141 0 141 10
E00401:25:H3NTKALXX:5:1101:21876:1731 2:N:0:NAGATC 54 0 54 97
E00401:25:H3NTKALXX:5:1101:21998:1731 1:N:0:NAGATC 56 0 56 95
E00401:25:H3NTKALXX:5:1101:21998:1731 2:N:0:NAGATC 101 0 101 50
E00401:25:H3NTKALXX:5:1101:9810:1749 1:N:0:NAGATC 87 0 87 64
E00401:25:H3NTKALXX:5:1101:9810:1749 2:N:0:NAGATC 52 0 52 99
E00401:25:H3NTKALXX:5:1101:12327:1749 1:N:0:NAGATC 101 0 101 50
E00401:25:H3NTKALXX:5:1101:12327:1749 2:N:0:NAGATC 0 0 0 0
E00401:25:H3NTKALXX:5:1101:13687:1749 1:N:0:NAGATC 84 0 84 67
E00401:25:H3NTKALXX:5:1101:13687:1749 2:N:0:NAGATC 74 0 74 77
E00401:25:H3NTKALXX:5:1101:14316:1749 1:N:0:NAGATC 133 0 133 18
E00401:25:H3NTKALXX:5:1101:14316:1749 2:N:0:NAGATC 0 0 0 0
E00401:25:H3NTKALXX:5:1101:16346:1749 1:N:0:CAGATC 107 0 107 44
E00401:25:H3NTKALXX:5:1101:16346:1749 2:N:0:CAGATC 0 0 0 0
E00401:25:H3NTKALXX:5:1101:16366:1749 1:N:0:CAGATC 118 0 118 33
E00401:25:H3NTKALXX:5:1101:16366:1749 2:N:0:CAGATC 94 0 94 57
E00401:25:H3NTKALXX:5:1101:17766:1749 1:N:0:CAGATC 101 0 101 50
E00401:25:H3NTKALXX:5:1101:17766:1749 2:N:0:CAGATC 99 0 99 52
E00401:25:H3NTKALXX:5:1101:17888:1749 1:N:0:CAGATC 117 0 117 34
E00401:25:H3NTKALXX:5:1101:17888:1749 2:N:0:CAGATC 75 0 75 76
E00401:25:H3NTKALXX:5:1101:18152:1749 1:N:0:CAGATC 122 0 122 29
E00401:25:H3NTKALXX:5:1101:18152:1749 2:N:0:CAGATC 90 0 90 61
E00401:25:H3NTKALXX:5:1101:19715:1749 1:N:0:CAGATC 114 0 114 37
E00401:25:H3NTKALXX:5:1101:19715:1749 2:N:0:CAGATC 147 0 147 4
E00401:25:H3NTKALXX:5:1101:19979:1749 1:N:0:CAGATC 151 0 151 0
E00401:25:H3NTKALXX:5:1101:19979:1749 2:N:0:CAGATC 59 0 59 92
E00401:25:H3NTKALXX:5:1101:20121:1749 1:N:0:CAGATC 144 0 144 7
E00401:25:H3NTKALXX:5:1101:20121:1749 2:N:0:CAGATC 106 0 106 45
E00401:25:H3NTKALXX:5:1101:20182:1749 1:N:0:CAGATC 144 0 144 7
E00401:25:H3NTKALXX:5:1101:20182:1749 2:N:0:CAGATC 84 0 84 67
E00401:25:H3NTKALXX:5:1101:21846:1749 1:N:0:CAGATC 151 0 151 0
E00401:25:H3NTKALXX:5:1101:21846:1749 2:N:0:CAGATC 115 0 115 36
E00401:25:H3NTKALXX:5:1101:23652:1749 1:N:0:CAGATC 98 0 98 53
E00401:25:H3NTKALXX:5:1101:23652:1749 2:N:0:CAGATC 63 0 63 88
E00401:25:H3NTKALXX:5:1101:31324:1749 1:N:0:GAGATC 0 0 0 0
E00401:25:H3NTKALXX:5:1101:31324:1749 2:N:0:GAGATC 0 0 0 0
E00401:25:H3NTKALXX:5:1101:11403:1766 1:N:0:CAGATC 56 0 56 95
E00401:25:H3NTKALXX:5:1101:11403:1766 2:N:0:CAGATC 0 0 0 0
E00401:25:H3NTKALXX:5:1101:11830:1766 1:N:0:CAGATC 101 0 101 50
E00401:25:H3NTKALXX:5:1101:11830:1766 2:N:0:CAGATC 60 0 60 91
E00401:25:H3NTKALXX:5:1101:11951:1766 1:N:0:CAGATC 66 0 66 85
E00401:25:H3NTKALXX:5:1101:11951:1766 2:N:0:CAGATC 0 0 0 0
E00401:25:H3NTKALXX:5:1101:12418:1766 1:N:0:CAGATC 115 0 115 36
E00401:25:H3NTKALXX:5:1101:12418:1766 2:N:0:CAGATC 117 0 117 34
E00401:25:H3NTKALXX:5:1101:12885:1766 1:N:0:CAGATC 0 0 0 0
E00401:25:H3NTKALXX:5:1101:12885:1766 2:N:0:CAGATC 0 0 0 0
E00401:25:H3NTKALXX:5:1101:13535:1766 1:N:0:CAGATC 102 0 102 49
E00401:25:H3NTKALXX:5:1101:13535:1766 2:N:0:CAGATC 93 0 93 58
E00401:25:H3NTKALXX:5:1101:13717:1766 1:N:0:CAGATC 62 0 62 89
E00401:25:H3NTKALXX:5:1101:13717:1766 2:N:0:CAGATC 0 0 0 0
E00401:25:H3NTKALXX:5:1101:14265:1766 1:N:0:CAGATC 105 0 105 46
E00401:25:H3NTKALXX:5:1101:14265:1766 2:N:0:CAGATC 137 0 137 14
E00401:25:H3NTKALXX:5:1101:14286:1766 1:N:0:CAGATC 120 0 120 31
E00401:25:H3NTKALXX:5:1101:14286:1766 2:N:0:CAGATC 0 0 0 0
E00401:25:H3NTKALXX:5:1101:14834:1766 1:N:0:CAGATC 55 0 55 96
E00401:25:H3NTKALXX:5:1101:14834:1766 2:N:0:CAGATC 58 0 58 93
E00401:25:H3NTKALXX:5:1101:16092:1766 1:N:0:CAGATC 97 0 97 54
E00401:25:H3NTKALXX:5:1101:16092:1766 2:N:0:CAGATC 57 0 57 94
E00401:25:H3NTKALXX:5:1101:16214:1766 1:N:0:CAGATC 138 0 138 13
E00401:25:H3NTKALXX:5:1101:16214:1766 2:N:0:CAGATC 62 0 62 89
E00401:25:H3NTKALXX:5:1101:16376:1766 1:N:0:CAGATC 61 0 61 90
E00401:25:H3NTKALXX:5:1101:16376:1766 2:N:0:CAGATC 0 0 0 0
E00401:25:H3NTKALXX:5:1101:16538:1766 1:N:0:CAGATC 56 0 56 95
E00401:25:H3NTKALXX:5:1101:16538:1766 2:N:0:CAGATC 0 0 0 0
E00401:25:H3NTKALXX:5:1101:16823:1766 1:N:0:CAGATC 112 0 112 39
E00401:25:H3NTKALXX:5:1101:16823:1766 2:N:0:CAGATC 55 0 55 96
E00401:25:H3NTKALXX:5:1101:18162:1766 1:N:0:CAGATC 137 0 137 14
E00401:25:H3NTKALXX:5:1101:18162:1766 2:N:0:CAGATC 0 0 0 0
E00401:25:H3NTKALXX:5:1101:19076:1766 1:N:0:CAGATC 151 0 151 0
E00401:25:H3NTKALXX:5:1101:19076:1766 2:N:0:CAGATC 149 0 149 2
E00401:25:H3NTKALXX:5:1101:19157:1766 1:N:0:CAGATC 146 0 146 5
E00401:25:H3NTKALXX:5:1101:19157:1766 2:N:0:CAGATC 0 0 0 0
E00401:25:H3NTKALXX:5:1101:20253:1766 1:N:0:CAGATC 151 0 151 0
E00401:25:H3NTKALXX:5:1101:20253:1766 2:N:0:CAGATC 106 0 106 45
E00401:25:H3NTKALXX:5:1101:20314:1766 1:N:0:CAGATC 0 0 0 0
E00401:25:H3NTKALXX:5:1101:20314:1766 2:N:0:CAGATC 54 0 54 97
E00401:25:H3NTKALXX:5:1101:20983:1766 1:N:0:CAGATC 151 0 151 0
E00401:25:H3NTKALXX:5:1101:20983:1766 2:N:0:CAGATC 113 0 113 38
E00401:25:H3NTKALXX:5:1101:21531:1766 1:N:0:CAGATC 151 0 151 0
E00401:25:H3NTKALXX:5:1101:21531:1766 2:N:0:CAGATC 133 0 133 18
E00401:25:H3NTKALXX:5:1101:21734:1766 1:N:0:CAGATC 133 0 133 18
E00401:25:H3NTKALXX:5:1101:21734:1766 2:N:0:CAGATC 60 0 60 91
E00401:25:H3NTKALXX:5:1101:22424:1766 1:N:0:CAGATC 151 0 151 0
E00401:25:H3NTKALXX:5:1101:22424:1766 2:N:0:CAGATC 112 0 112 39
E00401:25:H3NTKALXX:5:1101:8450:1784 1:N:0:CAGTTC 0 0 0 0
E00401:25:H3NTKALXX:5:1101:8450:1784 2:N:0:CAGTTC 0 0 0 0
E00401:25:H3NTKALXX:5:1101:9628:1784 1:N:0:CAGAAC 0 0 0 0
E00401:25:H3NTKALXX:5:1101:9628:1784 2:N:0:CAGAAC 0 0 0 0
E00401:25:H3NTKALXX:5:1101:12043:1784 1:N:0:CAGATC 114 0 114 37
E00401:25:H3NTKALXX:5:1101:12043:1784 2:N:0:CAGATC 0 0 0 0
E00401:25:H3NTKALXX:5:1101:12428:1784 1:N:0:CAGATC 117 0 117 34
E00401:25:H3NTKALXX:5:1101:12428:1784 2:N:0:CAGATC 52 0 52 99
E00401:25:H3NTKALXX:5:1101:15412:1784 1:N:0:CAGATC 128 0 128 23
E00401:25:H3NTKALXX:5:1101:15412:1784 2:N:0:CAGATC 90 0 90 61
E00401:25:H3NTKALXX:5:1101:16528:1784 1:N:0:CAGATC 136 0 136 15
E00401:25:H3NTKALXX:5:1101:16528:1784 2:N:0:CAGATC 98 0 98 53
E00401:25:H3NTKALXX:5:1101:16630:1784 1:N:0:CAGATC 145 0 145 6
E00401:25:H3NTKALXX:5:1101:16630:1784 2:N:0:CAGATC 98 0 98 53
E00401:25:H3NTKALXX:5:1101:16873:1784 1:N:0:CAGATC 144 0 144 7
E00401:25:H3NTKALXX:5:1101:16873:1784 2:N:0:CAGATC 55 0 55 96
E00401:25:H3NTKALXX:5:1101:17401:1784 1:N:0:CAGATC 151 0 151 0
E00401:25:H3NTKALXX:5:1101:17401:1784 2:N:0:CAGATC 132 0 132 19
E00401:25:H3NTKALXX:5:1101:17624:1784 1:N:0:CAGATC 135 0 135 16
E00401:25:H3NTKALXX:5:1101:17624:1784 2:N:0:CAGATC 60 0 60 91
E00401:25:H3NTKALXX:5:1101:18984:1784 1:N:0:CAGATC 151 0 151 0
E00401:25:H3NTKALXX:5:1101:18984:1784 2:N:0:CAGATC 114 0 114 37
E00401:25:H3NTKALXX:5:1101:19106:1784 1:N:0:CAGATC 147 0 147 4
E00401:25:H3NTKALXX:5:1101:19106:1784 2:N:0:CAGATC 127 0 127 24
E00401:25:H3NTKALXX:5:1101:19431:1784 1:N:0:CAGATC 151 0 151 0
E00401:25:H3NTKALXX:5:1101:19431:1784 2:N:0:CAGATC 131 0 131 20
E00401:25:H3NTKALXX:5:1101:20811:1784 1:N:0:CAGATC 144 0 144 7
E00401:25:H3NTKALXX:5:1101:20811:1784 2:N:0:CAGATC 90 0 90 61
E00401:25:H3NTKALXX:5:1101:21014:1784 1:N:0:CAGATC 117 0 117 34
E00401:25:H3NTKALXX:5:1101:21014:1784 2:N:0:CAGATC 68 0 68 83
E00401:25:H3NTKALXX:5:1101:21968:1784 1:N:0:CAGATC 120 0 120 31
E00401:25:H3NTKALXX:5:1101:21968:1784 2:N:0:CAGATC 0 0 0 0
E00401:25:H3NTKALXX:5:1101:22556:1784 1:N:0:CAGATC 146 0 146 5
E00401:25:H3NTKALXX:5:1101:22556:1784 2:N:0:CAGATC 151 0 151 0
E00401:25:H3NTKALXX:5:1101:23023:1784 1:N:0:CAGATC 139 0 139 12
E00401:25:H3NTKALXX:5:1101:23023:1784 2:N:0:CAGATC 0 0 0 0
E00401:25:H3NTKALXX:5:1101:23064:1784 1:N:0:CAGATC 130 0 130 21
E00401:25:H3NTKALXX:5:1101:23064:1784 2:N:0:CAGATC 150 0 150 1
E00401:25:H3NTKALXX:5:1101:24139:1784 1:N:0:CAGATC 137 0 137 14
E00401:25:H3NTKALXX:5:1101:24139:1784 2:N:0:CAGATC 114 0 114 37
E00401:25:H3NTKALXX:5:1101:8501:1801 1:N:0:CAGATC 0 0 0 0
E00401:25:H3NTKALXX:5:1101:8501:1801 2:N:0:CAGATC 0 0 0 0
E00401:25:H3NTKALXX:5:1101:10835:1801 1:N:0:CAGATC 141 0 141 10
E00401:25:H3NTKALXX:5:1101:10835:1801 2:N:0:CAGATC 68 0 68 83
E00401:25:H3NTKALXX:5:1101:10977:1801 1:N:0:CAGATC 57 0 57 94
E00401:25:H3NTKALXX:5:1101:10977:1801 2:N:0:CAGATC 0 0 0 0
E00401:25:H3NTKALXX:5:1101:12723:1801 1:N:0:CAGATC 83 0 83 68
E00401:25:H3NTKALXX:5:1101:12723:1801 2:N:0:CAGATC 83 0 83 68
