E00401:25:H3NTKALXX:5:1101:15453:1362 1:N:0:NTAGGC 62 0 62 89
E00401:25:H3NTKALXX:5:1101:15453:1362 2:N:0:NTAGGC 0 0 0 0
E00401:25:H3NTKALXX:5:1101:16062:1362 1:N:0:NTAGGC 97 0 97 54
E00401:25:H3NTKALXX:5:1101:16062:1362 2:N:0:NTAGGC 0 0 0 0
E00401:25:H3NTKALXX:5:1101:17015:1362 1:N:0:NTAGGC 51 0 51 100
E00401:25:H3NTKALXX:5:1101:17015:1362 2:N:0:NTAGGC 0 0 0 0
E00401:25:H3NTKALXX:5:1101:18558:1362 1:N:0:NTAGGC 81 0 81 70
E00401:25:H3NTKALXX:5:1101:18558:1362 2:N:0:NTAGGC 85 0 85 66
E00401:25:H3NTKALXX:5:1101:20770:1362 1:N:0:NTAGGC 87 0 87 64
E00401:25:H3NTKALXX:5:1101:20770:1362 2:N:0:NTAGGC 94 0 94 57
E00401:25:H3NTKALXX:5:1101:22516:1362 1:N:0:NTAGGC 62 0 62 89
E00401:25:H3NTKALXX:5:1101:22516:1362 2:N:0:NTAGGC 64 0 64 87
E00401:25:H3NTKALXX:5:1101:23084:1362 1:N:0:NTAGGC 83 0 83 68
E00401:25:H3NTKALXX:5:1101:23084:1362 2:N:0:NTAGGC 0 0 0 0
E00401:25:H3NTKALXX:5:1101:16478:1379 1:N:0:NTAGGC 95 0 95 56
E00401:25:H3NTKALXX:5:1101:16478:1379 2:N:0:NTAGGC 103 0 103 48
E00401:25:H3NTKALXX:5:1101:18609:1379 1:N:0:NTAGGC 117 0 117 34
E00401:25:H3NTKALXX:5:1101:18609:1379 2:N:0:NTAGGC 114 0 114 37
E00401:25:H3NTKALXX:5:1101:18832:1379 1:N:0:NTAGGC 147 0 147 4
E00401:25:H3NTKALXX:5:1101:18832:1379 2:N:0:NTAGGC 133 0 133 18
E00401:25:H3NTKALXX:5:1101:19563:1379 1:N:0:NTAGGC 151 0 151 0
E00401:25:H3NTKALXX:5:1101:19563:1379 2:N:0:NTAGGC 126 0 126 25
E00401:25:H3NTKALXX:5:1101:19908:1379 1:N:0:NTAGGC 143 0 143 8
E00401:25:H3NTKALXX:5:1101:19908:1379 2:N:0:NTAGGC 115 0 115 36
E00401:25:H3NTKALXX:5:1101:21004:1379 1:N:0:NTAGGC 148 0 148 3
E00401:25:H3NTKALXX:5:1101:21004:1379 2:N:0:NTAGGC 100 0 100 51
E00401:25:H3NTKALXX:5:1101:14154:1397 1:N:0:NTAGGC 107 0 107 44
E00401:25:H3NTKALXX:5:1101:14154:1397 2:N:0:NTAGGC 0 0 0 0
E00401:25:H3NTKALXX:5:1101:16346:1397 1:N:0:NTAGGC 146 0 146 5
E00401:25:H3NTKALXX:5:1101:16346:1397 2:N:0:NTAGGC 52 0 52 99
E00401:25:H3NTKALXX:5:1101:16427:1397 1:N:0:NTAGGC 150 0 150 1
E00401:25:H3NTKALXX:5:1101:16427:1397 2:N:0:NTAGGC 111 0 111 40
E00401:25:H3NTKALXX:5:1101:16569:1397 1:N:0:NTAGGC 116 0 116 35
E00401:25:H3NTKALXX:5:1101:16569:1397 2:N:0:NTAGGC 95 0 95 56
E00401:25:H3NTKALXX:5:1101:16731:1397 1:N:0:NTAGGC 149 0 149 2
E00401:25:H3NTKALXX:5:1101:16731:1397 2:N:0:NTAGGC 57 0 57 94
E00401:25:H3NTKALXX:5:1101:17868:1397 1:N:0:NTAGGC 130 0 130 21
E00401:25:H3NTKALXX:5:1101:17868:1397 2:N:0:NTAGGC 0 0 0 0
E00401:25:H3NTKALXX:5:1101:18639:1397 1:N:0:NTAGGC 118 0 118 33
E00401:25:H3NTKALXX:5:1101:18639:1397 2:N:0:NTAGGC 73 0 73 78
E00401:25:H3NTKALXX:5:1101:19106:1397 1:N:0:NTAGGC 114 0 114 37
E00401:25:H3NTKALXX:5:1101:19106:1397 2:N:0:NTAGGC 139 0 139 12
E00401:25:H3NTKALXX:5:1101:19715:1397 1:N:0:NTAGGC 117 0 117 34
E00401:25:H3NTKALXX:5:1101:19715:1397 2:N:0:NTAGGC 95 0 95 56
E00401:25:H3NTKALXX:5:1101:22394:1397 1:N:0:NTAGGC 117 0 117 34
E00401:25:H3NTKALXX:5:1101:22394:1397 2:N:0:NTAGGC 114 0 114 37
E00401:25:H3NTKALXX:5:1101:14793:1415 1:N:0:NTAGGC 95 0 95 56
E00401:25:H3NTKALXX:5:1101:14793:1415 2:N:0:NTAGGC 0 0 0 0
E00401:25:H3NTKALXX:5:1101:15341:1415 1:N:0:NTAGGC 144 0 144 7
E00401:25:H3NTKALXX:5:1101:15341:1415 2:N:0:NTAGGC 76 0 76 75
E00401:25:H3NTKALXX:5:1101:15727:1415 1:N:0:NTAGGC 110 0 110 41
E00401:25:H3NTKALXX:5:1101:15727:1415 2:N:0:NTAGGC 0 0 0 0
E00401:25:H3NTKALXX:5:1101:17249:1415 1:N:0:NTAGGC 148 0 148 3
E00401:25:H3NTKALXX:5:1101:17249:1415 2:N:0:NTAGGC 151 0 151 0
E00401:25:H3NTKALXX:5:1101:17310:1415 1:N:0:NTAGGC 120 0 120 31
E00401:25:H3NTKALXX:5:1101:17310:1415 2:N:0:NTAGGC 112 0 112 39
E00401:25:H3NTKALXX:5:1101:17756:1415 1:N:0:NTAGGC 144 0 144 7
E00401:25:H3NTKALXX:5:1101:17756:1415 2:N:0:NTAGGC 115 0 115 36
E00401:25:H3NTKALXX:5:1101:19563:1415 1:N:0:NTAGGC 109 0 109 42
E00401:25:H3NTKALXX:5:1101:19563:1415 2:N:0:NTAGGC 97 0 97 54
E00401:25:H3NTKALXX:5:1101:22120:1415 1:N:0:NTAGGC 147 0 147 4
E00401:25:H3NTKALXX:5:1101:22120:1415 2:N:0:NTAGGC 0 0 0 0
E00401:25:H3NTKALXX:5:1101:12733:1432 1:N:0:NTAGGC 120 0 120 31
E00401:25:H3NTKALXX:5:1101:12733:1432 2:N:0:NTAGGC 0 0 0 0
E00401:25:H3NTKALXX:5:1101:14742:1432 1:N:0:NTAGGC 134 0 134 17
E00401:25:H3NTKALXX:5:1101:14742:1432 2:N:0:NTAGGC 84 0 84 67
E00401:25:H3NTKALXX:5:1101:16447:1432 1:N:0:NTAGGC 146 0 146 5
E00401:25:H3NTKALXX:5:1101:16447:1432 2:N:0:NTAGGC 95 0 95 56
E00401:25:H3NTKALXX:5:1101:18375:1432 1:N:0:NTAGGC 133 0 133 18
E00401:25:H3NTKALXX:5:1101:18375:1432 2:N:0:NTAGGC 58 0 58 93
E00401:25:H3NTKALXX:5:1101:19065:1432 1:N:0:NTAGGC 121 0 121 30
E00401:25:H3NTKALXX:5:1101:19065:1432 2:N:0:NTAGGC 95 0 95 56
E00401:25:H3NTKALXX:5:1101:19674:1432 1:N:0:NTAGGC 119 0 119 32
E00401:25:H3NTKALXX:5:1101:19674:1432 2:N:0:NTAGGC 0 0 0 0
E00401:25:H3NTKALXX:5:1101:20608:1432 1:N:0:NTAGGC 87 0 87 64
E00401:25:H3NTKALXX:5:1101:20608:1432 2:N:0:NTAGGC 64 0 64 87
E00401:25:H3NTKALXX:5:1101:10815:1450 1:N:0:NTAGGC 56 0 56 95
E00401:25:H3NTKALXX:5:1101:10815:1450 2:N:0:NTAGGC 0 0 0 0
E00401:25:H3NTKALXX:5:1101:16153:1450 1:N:0:NTAGGC 113 0 113 38
E00401:25:H3NTKALXX:5:1101:16153:1450 2:N:0:NTAGGC 0 0 0 0
E00401:25:H3NTKALXX:5:1101:17208:1450 1:N:0:NTAGGC 137 0 137 14
E00401:25:H3NTKALXX:5:1101:17208:1450 2:N:0:NTAGGC 108 0 108 43
E00401:25:H3NTKALXX:5:1101:19563:1450 1:N:0:NTAGGC 130 0 130 21
E00401:25:H3NTKALXX:5:1101:19563:1450 2:N:0:NTAGGC 70 0 70 81
E00401:25:H3NTKALXX:5:1101:20172:1450 1:N:0:NTAGGC 137 0 137 14
E00401:25:H3NTKALXX:5:1101:20172:1450 2:N:0:NTAGGC 103 0 103 48
E00401:25:H3NTKALXX:5:1101:24150:1450 1:N:0:NTAGGC 130 0 130 21
E00401:25:H3NTKALXX:5:1101:24150:1450 2:N:0:NTAGGC 0 0 0 0
E00401:25:H3NTKALXX:5:1101:11231:1467 1:N:0:NTAGGC 117 0 117 34
E00401:25:H3NTKALXX:5:1101:11231:1467 2:N:0:NTAGGC 64 0 64 87
E00401:25:H3NTKALXX:5:1101:14641:1467 1:N:0:NTAGGC 119 0 119 32
E00401:25:H3NTKALXX:5:1101:14641:1467 2:N:0:NTAGGC 0 0 0 0
E00401:25:H3NTKALXX:5:1101:20222:1467 1:N:0:NTAGGC 120 0 120 31
E00401:25:H3NTKALXX:5:1101:20222:1467 2:N:0:NTAGGC 129 0 129 22
E00401:25:H3NTKALXX:5:1101:11789:1485 1:N:0:NTAGGC 0 0 0 0
E00401:25:H3NTKALXX:5:1101:11789:1485 2:N:0:NTAGGC 0 0 0 0
E00401:25:H3NTKALXX:5:1101:17229:1485 1:N:0:NTAGGC 148 0 148 3
E00401:25:H3NTKALXX:5:1101:17229:1485 2:N:0:NTAGGC 0 0 0 0
E00401:25:H3NTKALXX:5:1101:17655:1485 1:N:0:NTAGGC 151 0 151 0
E00401:25:H3NTKALXX:5:1101:17655:1485 2:N:0:NTAGGC 106 0 106 45
E00401:25:H3NTKALXX:5:1101:18771:1485 1:N:0:NTAGGC 146 0 146 5
E00401:25:H3NTKALXX:5:1101:18771:1485 2:N:0:NTAGGC 0 0 0 0
E00401:25:H3NTKALXX:5:1101:20598:1485 1:N:0:NTAGGC 65 0 65 86
E00401:25:H3NTKALXX:5:1101:20598:1485 2:N:0:NTAGGC 65 0 65 86
E00401:25:H3NTKALXX:5:1101:23277:1485 1:N:0:NTAGGC 0 0 0 0
E00401:25:H3NTKALXX:5:1101:23277:1485 2:N:0:NTAGGC 0 0 0 0
E00401:25:H3NTKALXX:5:1101:11028:1502 1:N:0:NTAGGC 0 0 0 0
E00401:25:H3NTKALXX:5:1101:11028:1502 2:N:0:NTAGGC 0 0 0 0
E00401:25:H3NTKALXX:5:1101:12225:1502 1:N:0:NTAGGC 58 0 58 93
E00401:25:H3NTKALXX:5:1101:12225:1502 2:N:0:NTAGGC 0 0 0 0
E00401:25:H3NTKALXX:5:1101:16021:1502 1:N:0:NTAGGC 119 0 119 32
E00401:25:H3NTKALXX:5:1101:16021:1502 2:N:0:NTAGGC 141 0 141 10
E00401:25:H3NTKALXX:5:1101:18254:1502 1:N:0:NTAGGC 136 0 136 15
E00401:25:H3NTKALXX:5:1101:18254:1502 2:N:0:NTAGGC 102 0 102 49
E00401:25:H3NTKALXX:5:1101:19471:1502 1:N:0:NTAGGC 147 0 147 4
E00401:25:H3NTKALXX:5:1101:19471:1502 2:N:0:NTAGGC 0 0 0 0
E00401:25:H3NTKALXX:5:1101:19512:1502 1:N:0:NTAGGC 145 0 145 6
E00401:25:H3NTKALXX:5:1101:19512:1502 2:N:0:NTAGGC 0 0 0 0
E00401:25:H3NTKALXX:5:1101:20060:1502 1:N:0:NTAGGC 120 0 120 31
E00401:25:H3NTKALXX:5:1101:20060:1502 2:N:0:NTAGGC 58 0 58 93
E00401:25:H3NTKALXX:5:1101:23855:1502 1:N:0:NTAGGC 144 0 144 7
E00401:25:H3NTKALXX:5:1101:23855:1502 2:N:0:NTAGGC 61 0 61 90
E00401:25:H3NTKALXX:5:1101:12743:1520 1:N:0:NTAGGC 113 0 113 38
E00401:25:H3NTKALXX:5:1101:12743:1520 2:N:0:NTAGGC 98 0 98 53
E00401:25:H3NTKALXX:5:1101:16741:1520 1:N:0:NTAGGC 144 0 144 7
E00401:25:H3NTKALXX:5:1101:16741:1520 2:N:0:NTAGGC 55 0 55 96
E00401:25:H3NTKALXX:5:1101:17310:1520 1:N:0:NTAGGC 131 0 131 20
E00401:25:H3NTKALXX:5:1101:17310:1520 2:N:0:NTAGGC 102 0 102 49
E00401:25:H3NTKALXX:5:1101:20253:1520 1:N:0:NTAGGC 146 0 146 5
E00401:25:H3NTKALXX:5:1101:20253:1520 2:N:0:NTAGGC 120 0 120 31
E00401:25:H3NTKALXX:5:1101:22993:1520 1:N:0:NTAGGC 98 0 98 53
E00401:25:H3NTKALXX:5:1101:22993:1520 2:N:0:NTAGGC 111 0 111 40
E00401:25:H3NTKALXX:5:1101:26484:1520 1:N:0:NTAGGC 151 0 151 0
E00401:25:H3NTKALXX:5:1101:26484:1520 2:N:0:NTAGGC 94 0 94 57
E00401:25:H3NTKALXX:5:1101:12773:1538 1:N:0:NTAGGC 123 0 123 28
E00401:25:H3NTKALXX:5:1101:12773:1538 2:N:0:NTAGGC 56 0 56 95
E00401:25:H3NTKALXX:5:1101:14357:1538 1:N:0:NTAGGC 114 0 114 37
E00401:25:H3NTKALXX:5:1101:14357:1538 2:N:0:NTAGGC 57 0 57 94
E00401:25:H3NTKALXX:5:1101:15189:1538 1:N:0:NTAGGC 131 0 131 20
E00401:25:H3NTKALXX:5:1101:15189:1538 2:N:0:NTAGGC 57 0 57 94
E00401:25:H3NTKALXX:5:1101:15209:1538 1:N:0:NTAGGC 130 0 130 21
E00401:25:H3NTKALXX:5:1101:15209:1538 2:N:0:NTAGGC 0 0 0 0
E00401:25:H3NTKALXX:5:1101:17259:1538 1:N:0:NTAGGC 130 0 130 21
E00401:25:H3NTKALXX:5:1101:17259:1538 2:N:0:NTAGGC 112 0 112 39
E00401:25:H3NTKALXX:5:1101:17908:1538 1:N:0:NTAGGC 115 0 115 36
E00401:25:H3NTKALXX:5:1101:17908:1538 2:N:0:NTAGGC 110 0 110 41
E00401:25:H3NTKALXX:5:1101:18984:1538 1:N:0:NTAGGC 149 0 149 2
E00401:25:H3NTKALXX:5:1101:18984:1538 2:N:0:NTAGGC 124 0 124 27
E00401:25:H3NTKALXX:5:1101:19147:1538 1:N:0:NTAGGC 151 0 151 0
E00401:25:H3NTKALXX:5:1101:19147:1538 2:N:0:NTAGGC 111 0 111 40
E00401:25:H3NTKALXX:5:1101:20791:1538 1:N:0:NTAGGC 151 0 151 0
E00401:25:H3NTKALXX:5:1101:20791:1538 2:N:0:NTAGGC 105 0 105 46
E00401:25:H3NTKALXX:5:1101:20872:1538 1:N:0:NTAGGC 148 0 148 3
E00401:25:H3NTKALXX:5:1101:20872:1538 2:N:0:NTAGGC 150 0 150 1
E00401:25:H3NTKALXX:5:1101:21947:1538 1:N:0:NTAGGC 136 0 136 15
E00401:25:H3NTKALXX:5:1101:21947:1538 2:N:0:NTAGGC 95 0 95 56
E00401:25:H3NTKALXX:5:1101:22333:1538 1:N:0:NTAGGC 151 0 151 0
E00401:25:H3NTKALXX:5:1101:22333:1538 2:N:0:NTAGGC 125 0 125 26
E00401:25:H3NTKALXX:5:1101:22374:1538 1:N:0:NTAGGC 0 0 0 0
E00401:25:H3NTKALXX:5:1101:22374:1538 2:N:0:NTAGGC 66 0 66 85
E00401:25:H3NTKALXX:5:1101:22475:1538 1:N:0:NTAGGC 151 0 151 0
E00401:25:H3NTKALXX:5:1101:22475:1538 2:N:0:NTAGGC 111 0 111 40
E00401:25:H3NTKALXX:5:1101:26737:1538 1:N:0:NTAGGC 133 0 133 18
E00401:25:H3NTKALXX:5:1101:26737:1538 2:N:0:NTAGGC 0 0 0 0
E00401:25:H3NTKALXX:5:1101:13027:1555 1:N:0:NTAGGC 95 0 95 56
E00401:25:H3NTKALXX:5:1101:13027:1555 2:N:0:NTAGGC 0 0 0 0
E00401:25:H3NTKALXX:5:1101:15524:1555 1:N:0:NTAGGC 123 0 123 28
E00401:25:H3NTKALXX:5:1101:15524:1555 2:N:0:NTAGGC 109 0 109 42
E00401:25:H3NTKALXX:5:1101:15585:1555 1:N:0:NTAGGC 137 0 137 14
E00401:25:H3NTKALXX:5:1101:15585:1555 2:N:0:NTAGGC 95 0 95 56
E00401:25:H3NTKALXX:5:1101:18385:1555 1:N:0:NTAGGC 151 0 151 0
E00401:25:H3NTKALXX:5:1101:18385:1555 2:N:0:NTAGGC 150 0 150 1
E00401:25:H3NTKALXX:5:1101:18670:1555 1:N:0:NTAGGC 133 0 133 18
E00401:25:H3NTKALXX:5:1101:18670:1555 2:N:0:NTAGGC 114 0 114 37
E00401:25:H3NTKALXX:5:1101:18832:1555 1:N:0:NTAGGC 151 0 151 0
E00401:25:H3NTKALXX:5:1101:18832:1555 2:N:0:NTAGGC 114 0 114 37
E00401:25:H3NTKALXX:5:1101:19786:1555 1:N:0:NTAGGC 151 0 151 0
E00401:25:H3NTKALXX:5:1101:19786:1555 2:N:0:NTAGGC 151 0 151 0
E00401:25:H3NTKALXX:5:1101:22039:1555 1:N:0:NTAGGC 118 0 118 33
E00401:25:H3NTKALXX:5:1101:22039:1555 2:N:0:NTAGGC 110 0 110 41
E00401:25:H3NTKALXX:5:1101:22201:1555 1:N:0:NTAGGC 141 0 141 10
E00401:25:H3NTKALXX:5:1101:22201:1555 2:N:0:NTAGGC 124 0 124 27
E00401:25:H3NTKALXX:5:1101:22749:1555 1:N:0:NTAGGC 147 0 147 4
E00401:25:H3NTKALXX:5:1101:22749:1555 2:N:0:NTAGGC 111 0 111 40
E00401:25:H3NTKALXX:5:1101:22871:1555 1:N:0:NTAGGC 0 0 0 0
E00401:25:H3NTKALXX:5:1101:22871:1555 2:N:0:NTAGGC 115 0 115 36
E00401:25:H3NTKALXX:5:1101:13809:1573 1:N:0:NTAGGC 134 0 134 17
E00401:25:H3NTKALXX:5:1101:13809:1573 2:N:0:NTAGGC 60 0 60 91
E00401:25:H3NTKALXX:5:1101:13869:1573 1:N:0:NTAGGC 118 0 118 33
E00401:25:H3NTKALXX:5:1101:13869:1573 2:N:0:NTAGGC 58 0 58 93
E00401:25:H3NTKALXX:5:1101:16975:1573 1:N:0:NTAGGC 147 0 147 4
E00401:25:H3NTKALXX:5:1101:16975:1573 2:N:0:NTAGGC 151 0 151 0
E00401:25:H3NTKALXX:5:1101:18599:1573 1:N:0:NTAGGC 151 0 151 0
E00401:25:H3NTKALXX:5:1101:18599:1573 2:N:0:NTAGGC 151 0 151 0
E00401:25:H3NTKALXX:5:1101:18700:1573 1:N:0:NTAGGC 151 0 151 0
E00401:25:H3NTKALXX:5:1101:18700:1573 2:N:0:NTAGGC 125 0 125 26
E00401:25:H3NTKALXX:5:1101:19573:1573 1:N:0:NTAGGC 130 0 130 21
E00401:25:H3NTKALXX:5:1101:19573:1573 2:N:0:NTAGGC 125 0 125 26
E00401:25:H3NTKALXX:5:1101:20588:1573 1:N:0:NTAGGC 149 0 149 2
E00401:25:H3NTKALXX:5:1101:20588:1573 2:N:0:NTAGGC 0 0 0 0
E00401:25:H3NTKALXX:5:1101:20750:1573 1:N:0:NTAGGC 0 0 0 0
E00401:25:H3NTKALXX:5:1101:20750:1573 2:N:0:NTAGGC 103 0 103 48
E00401:25:H3NTKALXX:5:1101:21359:1573 1:N:0:NTAGGC 146 0 146 5
E00401:25:H3NTKALXX:5:1101:21359:1573 2:N:0:NTAGGC 124 0 124 27
E00401:25:H3NTKALXX:5:1101:13961:1590 1:N:0:NTAGGC 150 0 150 1
E00401:25:H3NTKALXX:5:1101:13961:1590 2:N:0:NTAGGC 88 0 88 63
E00401:25:H3NTKALXX:5:1101:14955:1590 1:N:0:NTAGGC 133 0 133 18
E00401:25:H3NTKALXX:5:1101:14955:1590 2:N:0:NTAGGC 113 0 113 38
E00401:25:H3NTKALXX:5:1101:15564:1590 1:N:0:NTAGGC 146 0 146 5
E00401:25:H3NTKALXX:5:1101:15564:1590 2:N:0:NTAGGC 61 0 61 90
E00401:25:H3NTKALXX:5:1101:15909:1590 1:N:0:NTAGGC 120 0 120 31
E00401:25:H3NTKALXX:5:1101:15909:1590 2:N:0:NTAGGC 125 0 125 26
E00401:25:H3NTKALXX:5:1101:15990:1590 1:N:0:NTAGGC 103 0 103 48
E00401:25:H3NTKALXX:5:1101:15990:1590 2:N:0:NTAGGC 88 0 88 63
E00401:25:H3NTKALXX:5:1101:16863:1590 1:N:0:NTAGGC 151 0 151 0
E00401:25:H3NTKALXX:5:1101:16863:1590 2:N:0:NTAGGC 63 0 63 88
E00401:25:H3NTKALXX:5:1101:18020:1590 1:N:0:NTAGGC 151 0 151 0
E00401:25:H3NTKALXX:5:1101:18020:1590 2:N:0:NTAGGC 99 0 99 52
E00401:25:H3NTKALXX:5:1101:18162:1590 1:N:0:NTAGGC 151 0 151 0
E00401:25:H3NTKALXX:5:1101:18162:1590 2:N:0:NTAGGC 111 0 111 40
E00401:25:H3NTKALXX:5:1101:23419:1590 1:N:0:NTAGGC 151 0 151 0
E00401:25:H3NTKALXX:5:1101:23419:1590 2:N:0:NTAGGC 0 0 0 0
E00401:25:H3NTKALXX:5:1101:24576:1590 1:N:0:NTAGGC 81 0 81 70
E00401:25:H3NTKALXX:5:1101:24576:1590 2:N:0:NTAGGC 88 0 88 63
E00401:25:H3NTKALXX:5:1101:15209:1608 1:N:0:NTAGGC 120 0 120 31
E00401:25:H3NTKALXX:5:1101:15209:1608 2:N:0:NTAGGC 92 0 92 59
E00401:25:H3NTKALXX:5:1101:16183:1608 1:N:0:NTAGGC 115 0 115 36
E00401:25:H3NTKALXX:5:1101:16183:1608 2:N:0:NTAGGC 100 0 100 51
E00401:25:H3NTKALXX:5:1101:19167:1608 1:N:0:NTAGGC 136 0 136 15
E00401:25:H3NTKALXX:5:1101:19167:1608 2:N:0:NTAGGC 139 0 139 12
E00401:25:H3NTKALXX:5:1101:20811:1608 1:N:0:NTAGGC 150 0 150 1
E00401:25:H3NTKALXX:5:1101:20811:1608 2:N:0:NTAGGC 96 0 96 55
E00401:25:H3NTKALXX:5:1101:21582:1608 1:N:0:NTAGGC 151 0 151 0
E00401:25:H3NTKALXX:5:1101:21582:1608 2:N:0:NTAGGC 125 0 125 26
E00401:25:H3NTKALXX:5:1101:22455:1608 1:N:0:NTAGGC 145 0 145 6
E00401:25:H3NTKALXX:5:1101:22455:1608 2:N:0:NTAGGC 114 0 114 37
E00401:25:H3NTKALXX:5:1101:22536:1608 1:N:0:NTAGGC 151 0 151 0
E00401:25:H3NTKALXX:5:1101:22536:1608 2:N:0:NTAGGC 124 0 124 27
E00401:25:H3NTKALXX:5:1101:11951:1625 1:N:0:NTAGGC 136 0 136 15
E00401:25:H3NTKALXX:5:1101:11951:1625 2:N:0:NTAGGC 151 0 151 0
E00401:25:H3NTKALXX:5:1101:14286:1625 1:N:0:NTAGGC 113 0 113 38
E00401:25:H3NTKALXX:5:1101:14286:1625 2:N:0:NTAGGC 144 0 144 7
E00401:25:H3NTKALXX:5:1101:16051:1625 1:N:0:NTAGGC 113 0 113 38
E00401:25:H3NTKALXX:5:1101:16051:1625 2:N:0:NTAGGC 141 0 141 10
E00401:25:H3NTKALXX:5:1101:19076:1625 1:N:0:NTAGGC 144 0 144 7
E00401:25:H3NTKALXX:5:1101:19076:1625 2:N:0:NTAGGC 98 0 98 53
E00401:25:H3NTKALXX:5:1101:19218:1625 1:N:0:NTAGGC 151 0 151 0
E00401:25:H3NTKALXX:5:1101:19218:1625 2:N:0:NTAGGC 151 0 151 0
E00401:25:H3NTKALXX:5:1101:21349:1625 1:N:0:NTAGGC 144 0 144 7
E00401:25:H3NTKALXX:5:1101:21349:1625 2:N:0:NTAGGC 116 0 116 35
E00401:25:H3NTKALXX:5:1101:23460:1625 1:N:0:NTAGGC 151 0 151 0
E00401:25:H3NTKALXX:5:1101:23460:1625 2:N:0:NTAGGC 147 0 147 4
E00401:25:H3NTKALXX:5:1101:24819:1625 1:N:0:NTAGGC 151 0 151 0
E00401:25:H3NTKALXX:5:1101:24819:1625 2:N:0:NTAGGC 151 0 151 0
E00401:25:H3NTKALXX:5:1101:12286:1643 1:N:0:NTAGGC 0 0 0 0
E00401:25:H3NTKALXX:5:1101:12286:1643 2:N:0:NTAGGC 52 0 52 99
E00401:25:H3NTKALXX:5:1101:13565:1643 1:N:0:NTAGGC 151 0 151 0
E00401:25:H3NTKALXX:5:1101:13565:1643 2:N:0:NTAGGC 151 0 151 0
E00401:25:H3NTKALXX:5:1101:14499:1643 1:N:0:NTAGGC 151 0 151 0
E00401:25:H3NTKALXX:5:1101:14499:1643 2:N:0:NTAGGC 150 0 150 1
E00401:25:H3NTKALXX:5:1101:14722:1643 1:N:0:NTAGGC 116 0 116 35
E00401:25:H3NTKALXX:5:1101:14722:1643 2:N:0:NTAGGC 102 0 102 49
E00401:25:H3NTKALXX:5:1101:16995:1643 1:N:0:NTAGGC 151 0 151 0
E00401:25:H3NTKALXX:5:1101:16995:1643 2:N:0:NTAGGC 140 0 140 11
E00401:25:H3NTKALXX:5:1101:17827:1643 1:N:0:NTAGGC 97 0 97 54
E00401:25:H3NTKALXX:5:1101:17827:1643 2:N:0:NTAGGC 0 0 0 0
E00401:25:H3NTKALXX:5:1101:19045:1643 1:N:0:NTAGGC 130 0 130 21
E00401:25:H3NTKALXX:5:1101:19045:1643 2:N:0:NTAGGC 75 0 75 76
E00401:25:H3NTKALXX:5:1101:19248:1643 1:N:0:NTAGGC 137 0 137 14
E00401:25:H3NTKALXX:5:1101:19248:1643 2:N:0:NTAGGC 94 0 94 57
E00401:25:H3NTKALXX:5:1101:19634:1643 1:N:0:NTAGGC 151 0 151 0
E00401:25:H3NTKALXX:5:1101:19634:1643 2:N:0:NTAGGC 109 0 109 42
E00401:25:H3NTKALXX:5:1101:21217:1643 1:N:0:NTAGGC 146 0 146 5
E00401:25:H3NTKALXX:5:1101:21217:1643 2:N:0:NTAGGC 147 0 147 4
E00401:25:H3NTKALXX:5:1101:21623:1643 1:N:0:NTAGGC 151 0 151 0
E00401:25:H3NTKALXX:5:1101:21623:1643 2:N:0:NTAGGC 98 0 98 53
E00401:25:H3NTKALXX:5:1101:22110:1643 1:N:0:NTAGGC 148 0 148 3
E00401:25:H3NTKALXX:5:1101:22110:1643 2:N:0:NTAGGC 131 0 131 20
E00401:25:H3NTKALXX:5:1101:24606:1643 1:N:0:NTAGGC 0 0 0 0
E00401:25:H3NTKALXX:5:1101:24606:1643 2:N:0:NTAGGC 0 0 0 0
E00401:25:H3NTKALXX:5:1101:25114:1643 1:N:0:NTAGGC 148 0 148 3
E00401:25:H3NTKALXX:5:1101:25114:1643 2:N:0:NTAGGC 115 0 115 36
E00401:25:H3NTKALXX:5:1101:9151:1661 1:N:0:NTAGGC 64 0 64 87
E00401:25:H3NTKALXX:5:1101:9151:1661 2:N:0:NTAGGC 95 0 95 56
E00401:25:H3NTKALXX:5:1101:11058:1661 1:N:0:NTAGGC 83 0 83 68
E00401:25:H3NTKALXX:5:1101:11058:1661 2:N:0:NTAGGC 0 0 0 0
E00401:25:H3NTKALXX:5:1101:14306:1661 1:N:0:NTAGGC 122 0 122 29
E00401:25:H3NTKALXX:5:1101:14306:1661 2:N:0:NTAGGC 106 0 106 45
E00401:25:H3NTKALXX:5:1101:15037:1661 1:N:0:NTAGGC 116 0 116 35
E00401:25:H3NTKALXX:5:1101:15037:1661 2:N:0:NTAGGC 84 0 84 67
E00401:25:H3NTKALXX:5:1101:16985:1661 1:N:0:NTAGGC 151 0 151 0
E00401:25:H3NTKALXX:5:1101:16985:1661 2:N:0:NTAGGC 58 0 58 93
E00401:25:H3NTKALXX:5:1101:18365:1661 1:N:0:NTAGGC 115 0 115 36
E00401:25:H3NTKALXX:5:1101:18365:1661 2:N:0:NTAGGC 0 0 0 0
E00401:25:H3NTKALXX:5:1101:18873:1661 1:N:0:NTAGGC 151 0 151 0
E00401:25:H3NTKALXX:5:1101:18873:1661 2:N:0:NTAGGC 111 0 111 40
E00401:25:H3NTKALXX:5:1101:19563:1661 1:N:0:NTAGGC 137 0 137 14
E00401:25:H3NTKALXX:5:1101:19563:1661 2:N:0:NTAGGC 141 0 141 10
E00401:25:H3NTKALXX:5:1101:19705:1661 1:N:0:NTAGGC 146 0 146 5
E00401:25:H3NTKALXX:5:1101:19705:1661 2:N:0:NTAGGC 122 0 122 29
E00401:25:H3NTKALXX:5:1101:21917:1661 1:N:0:NTAGGC 141 0 141 10
E00401:25:H3NTKALXX:5:1101:21917:1661 2:N:0:NTAGGC 98 0 98 53
E00401:25:H3NTKALXX:5:1101:24880:1661 1:N:0:NTAGGC 151 0 151 0
E00401:25:H3NTKALXX:5:1101:24880:1661 2:N:0:NTAGGC 151 0 151 0
E00401:25:H3NTKALXX:5:1101:25449:1661 1:N:0:NTAGGC 0 0 0 0
E00401:25:H3NTKALXX:5:1101:25449:1661 2:N:0:NTAGGC 74 0 74 77
E00401:25:H3NTKALXX:5:1101:13139:1678 1:N:0:NTAGGC 136 0 136 15
E00401:25:H3NTKALXX:5:1101:13139:1678 2:N:0:NTAGGC 90 0 90 61
E00401:25:H3NTKALXX:5:1101:16630:1678 1:N:0:NTAGGC 113 0 113 38
E00401:25:H3NTKALXX:5:1101:16630:1678 2:N:0:NTAGGC 97 0 97 54
E00401:25:H3NTKALXX:5:1101:17665:1678 1:N:0:NTAGGC 151 0 151 0
E00401:25:H3NTKALXX:5:1101:17665:1678 2:N:0:NTAGGC 124 0 124 27
E00401:25:H3NTKALXX:5:1101:18984:1678 1:N:0:NTAGGC 95 0 95 56
E00401:25:H3NTKALXX:5:1101:18984:1678 2:N:0:NTAGGC 135 0 135 16
E00401:25:H3NTKALXX:5:1101:19471:1678 1:N:0:NTAGGC 150 0 150 1
E00401:25:H3NTKALXX:5:1101:19471:1678 2:N:0:NTAGGC 103 0 103 48
E00401:25:H3NTKALXX:5:1101:20872:1678 1:N:0:NTAGGC 97 0 97 54
E00401:25:H3NTKALXX:5:1101:20872:1678 2:N:0:NTAGGC 0 0 0 0
E00401:25:H3NTKALXX:5:1101:12966:1696 1:N:0:NTAGGC 130 0 130 21
E00401:25:H3NTKALXX:5:1101:12966:1696 2:N:0:NTAGGC 100 0 100 51
E00401:25:H3NTKALXX:5:1101:14062:1696 1:N:0:NTAGGC 110 0 110 41
E00401:25:H3NTKALXX:5:1101:14062:1696 2:N:0:NTAGGC 68 0 68 83
E00401:25:H3NTKALXX:5:1101:14854:1696 1:N:0:NTAGGC 148 0 148 3
E00401:25:H3NTKALXX:5:1101:14854:1696 2:N:0:NTAGGC 110 0 110 41
E00401:25:H3NTKALXX:5:1101:15118:1696 1:N:0:NTAGGC 100 0 100 51
E00401:25:H3NTKALXX:5:1101:15118:1696 2:N:0:NTAGGC 96 0 96 55
E00401:25:H3NTKALXX:5:1101:15422:1696 1:N:0:NTAGGC 120 0 120 31
E00401:25:H3NTKALXX:5:1101:15422:1696 2:N:0:NTAGGC 103 0 103 48
E00401:25:H3NTKALXX:5:1101:19624:1696 1:N:0:NTAGGC 98 0 98 53
E00401:25:H3NTKALXX:5:1101:19624:1696 2:N:0:NTAGGC 0 0 0 0
E00401:25:H3NTKALXX:5:1101:22221:1696 1:N:0:NTAGGC 128 0 128 23
E00401:25:H3NTKALXX:5:1101:22221:1696 2:N:0:NTAGGC 134 0 134 17
E00401:25:H3NTKALXX:5:1101:13707:1713 1:N:0:NTAGGC 0 0 0 0
E00401:25:H3NTKALXX:5:1101:13707:1713 2:N:0:NTAGGC 0 0 0 0
E00401:25:H3NTKALXX:5:1101:16528:1713 1:N:0:NTAGGC 135 0 135 16
E00401:25:H3NTKALXX:5:1101:16528:1713 2:N:0:NTAGGC 91 0 91 60
E00401:25:H3NTKALXX:5:1101:18436:1713 1:N:0:NTAGGC 150 0 150 1
E00401:25:H3NTKALXX:5:1101:18436:1713 2:N:0:NTAGGC 114 0 114 37
E00401:25:H3NTKALXX:5:1101:18497:1713 1:N:0:NTAGGC 117 0 117 34
E00401:25:H3NTKALXX:5:1101:18497:1713 2:N:0:NTAGGC 54 0 54 97
E00401:25:H3NTKALXX:5:1101:19248:1713 1:N:0:NTAGGC 151 0 151 0
E00401:25:H3NTKALXX:5:1101:19248:1713 2:N:0:NTAGGC 150 0 150 1
E00401:25:H3NTKALXX:5:1101:20912:1713 1:N:0:NTAGGC 146 0 146 5
E00401:25:H3NTKALXX:5:1101:20912:1713 2:N:0:NTAGGC 62 0 62 89
E00401:25:H3NTKALXX:5:1101:23815:1713 1:N:0:NTAGGC 148 0 148 3
E00401:25:H3NTKALXX:5:1101:23815:1713 2:N:0:NTAGGC 60 0 60 91
E00401:25:H3NTKALXX:5:1101:10977:1731 1:N:0:NTAGGC 85 0 85 66
E00401:25:H3NTKALXX:5:1101:10977:1731 2:N:0:NTAGGC 0 0 0 0
E00401:25:H3NTKALXX:5:1101:11160:1731 1:N:0:NTAGGC 100 0 100 51
E00401:25:H3NTKALXX:5:1101:11160:1731 2:N:0:NTAGGC 66 0 66 85
E00401:25:H3NTKALXX:5:1101:11708:1731 1:N:0:NTAGGC 85 0 85 66
E00401:25:H3NTKALXX:5:1101:11708:1731 2:N:0:NTAGGC 0 0 0 0
E00401:25:H3NTKALXX:5:1101:13535:1731 1:N:0:NTAGGC 135 0 135 16
E00401:25:H3NTKALXX:5:1101:13535:1731 2:N:0:NTAGGC 0 0 0 0
E00401:25:H3NTKALXX:5:1101:14042:1731 1:N:0:NTAGGC 122 0 122 29
E00401:25:H3NTKALXX:5:1101:14042:1731 2:N:0:NTAGGC 113 0 113 38
E00401:25:H3NTKALXX:5:1101:15767:1731 1:N:0:NTAGGC 141 0 141 10
E00401:25:H3NTKALXX:5:1101:15767:1731 2:N:0:NTAGGC 111 0 111 40
E00401:25:H3NTKALXX:5:1101:16559:1731 1:N:0:NTAGGC 116 0 116 35
E00401:25:H3NTKALXX:5:1101:16559:1731 2:N:0:NTAGGC 98 0 98 53
E00401:25:H3NTKALXX:5:1101:18325:1731 1:N:0:NTAGGC 150 0 150 1
E00401:25:H3NTKALXX:5:1101:18325:1731 2:N:0:NTAGGC 124 0 124 27
E00401:25:H3NTKALXX:5:1101:19684:1731 1:N:0:NTAGGC 130 0 130 21
E00401:25:H3NTKALXX:5:1101:19684:1731 2:N:0:NTAGGC 84 0 84 67
E00401:25:H3NTKALXX:5:1101:20314:1731 1:N:0:NTAGGC 151 0 151 0
E00401:25:H3NTKALXX:5:1101:20314:1731 2:N:0:NTAGGC 84 0 84 67
E00401:25:H3NTKALXX:5:1101:20720:1731 1:N:0:NTAGGC 120 0 120 31
E00401:25:H3NTKALXX:5:1101:20720:1731 2:N:0:NTAGGC 103 0 103 48
E00401:25:H3NTKALXX:5:1101:23926:1731 1:N:0:NTAGGC 109 0 109 42
E00401:25:H3NTKALXX:5:1101:23926:1731 2:N:0:NTAGGC 0 0 0 0
E00401:25:H3NTKALXX:5:1101:24901:1731 1:N:0:NTAGGC 141 0 141 10
E00401:25:H3NTKALXX:5:1101:24901:1731 2:N:0:NTAGGC 0 0 0 0
E00401:25:H3NTKALXX:5:1101:25367:1731 1:N:0:NTAGGC 113 0 113 38
E00401:25:H3NTKALXX:5:1101:25367:1731 2:N:0:NTAGGC 0 0 0 0
E00401:25:H3NTKALXX:5:1101:28615:1731 1:N:0:NTAGGC 98 0 98 53
E00401:25:H3NTKALXX:5:1101:28615:1731 2:N:0:NTAGGC 151 0 151 0
E00401:25:H3NTKALXX:5:1101:8775:1749 1:N:0:NTAGGC 56 0 56 95
E00401:25:H3NTKALXX:5:1101:8775:1749 2:N:0:NTAGGC 0 0 0 0
E00401:25:H3NTKALXX:5:1101:13098:1749 1:N:0:NTAGGC 120 0 120 31
E00401:25:H3NTKALXX:5:1101:13098:1749 2:N:0:NTAGGC 64 0 64 87
E00401:25:H3NTKALXX:5:1101:13139:1749 1:N:0:NTAGGC 115 0 115 36
E00401:25:H3NTKALXX:5:1101:13139:1749 2:N:0:NTAGGC 51 0 51 100
E00401:25:H3NTKALXX:5:1101:13727:1749 1:N:0:NTAGGC 120 0 120 31
E00401:25:H3NTKALXX:5:1101:13727:1749 2:N:0:NTAGGC 60 0 60 91
E00401:25:H3NTKALXX:5:1101:14113:1749 1:N:0:NTAGGC 147 0 147 4
E00401:25:H3NTKALXX:5:1101:14113:1749 2:N:0:NTAGGC 111 0 111 40
E00401:25:H3NTKALXX:5:1101:15168:1749 1:N:0:NTAGGC 150 0 150 1
E00401:25:H3NTKALXX:5:1101:15168:1749 2:N:0:NTAGGC 60 0 60 91
E00401:25:H3NTKALXX:5:1101:15554:1749 1:N:0:NTAGGC 146 0 146 5
E00401:25:H3NTKALXX:5:1101:15554:1749 2:N:0:NTAGGC 66 0 66 85
E00401:25:H3NTKALXX:5:1101:16285:1749 1:N:0:TTAGGC 113 0 113 38
E00401:25:H3NTKALXX:5:1101:16285:1749 2:N:0:TTAGGC 0 0 0 0
E00401:25:H3NTKALXX:5:1101:17929:1749 1:N:0:TTAGGC 110 0 110 41
E00401:25:H3NTKALXX:5:1101:17929:1749 2:N:0:TTAGGC 80 0 80 71
E00401:25:H3NTKALXX:5:1101:18193:1749 1:N:0:TTAGGC 150 0 150 1
E00401:25:H3NTKALXX:5:1101:18193:1749 2:N:0:TTAGGC 151 0 151 0
E00401:25:H3NTKALXX:5:1101:18781:1749 1:N:0:TTAGGC 97 0 97 54
E00401:25:H3NTKALXX:5:1101:18781:1749 2:N:0:TTAGGC 116 0 116 35
E00401:25:H3NTKALXX:5:1101:19573:1749 1:N:0:TTAGGC 151 0 151 0
E00401:25:H3NTKALXX:5:1101:19573:1749 2:N:0:TTAGGC 115 0 115 36
E00401:25:H3NTKALXX:5:1101:19755:1749 1:N:0:TTAGGC 113 0 113 38
E00401:25:H3NTKALXX:5:1101:19755:1749 2:N:0:TTAGGC 70 0 70 81
E00401:25:H3NTKALXX:5:1101:20243:1749 1:N:0:TTAGGC 144 0 144 7
E00401:25:H3NTKALXX:5:1101:20243:1749 2:N:0:TTAGGC 114 0 114 37
E00401:25:H3NTKALXX:5:1101:20709:1749 1:N:0:TTAGGC 141 0 141 10
E00401:25:H3NTKALXX:5:1101:20709:1749 2:N:0:TTAGGC 111 0 111 40
E00401:25:H3NTKALXX:5:1101:21521:1749 1:N:0:TTAGGC 148 0 148 3
E00401:25:H3NTKALXX:5:1101:21521:1749 2:N:0:TTAGGC 147 0 147 4
E00401:25:H3NTKALXX:5:1101:22049:1749 1:N:0:TTAGGC 130 0 130 21
E00401:25:H3NTKALXX:5:1101:22049:1749 2:N:0:TTAGGC 87 0 87 64
E00401:25:H3NTKALXX:5:1101:23287:1749 1:N:0:TTAGGC 145 0 145 6
E00401:25:H3NTKALXX:5:1101:23287:1749 2:N:0:TTAGGC 151 0 151 0
E00401:25:H3NTKALXX:5:1101:24139:1749 1:N:0:TTAGGC 130 0 130 21
E00401:25:H3NTKALXX:5:1101:24139:1749 2:N:0:TTAGGC 151 0 151 0
E00401:25:H3NTKALXX:5:1101:9414:1766 1:N:0:TTAGGC 64 0 64 87
E00401:25:H3NTKALXX:5:1101:9414:1766 2:N:0:TTAGGC 119 0 119 32
E00401:25:H3NTKALXX:5:1101:10998:1766 1:N:0:TTAGGC 113 0 113 38
E00401:25:H3NTKALXX:5:1101:10998:1766 2:N:0:TTAGGC 124 0 124 27
E00401:25:H3NTKALXX:5:1101:13027:1766 1:N:0:TTAGGC 126 0 126 25
E00401:25:H3NTKALXX:5:1101:13027:1766 2:N:0:TTAGGC 95 0 95 56
E00401:25:H3NTKALXX:5:1101:13088:1766 1:N:0:TTAGGC 131 0 131 20
E00401:25:H3NTKALXX:5:1101:13088:1766 2:N:0:TTAGGC 0 0 0 0
E00401:25:H3NTKALXX:5:1101:13555:1766 1:N:0:CTAGGC 121 0 121 30
E00401:25:H3NTKALXX:5:1101:13555:1766 2:N:0:CTAGGC 54 0 54 97
E00401:25:H3NTKALXX:5:1101:13738:1766 1:N:0:TTAGGC 120 0 120 31
E00401:25:H3NTKALXX:5:1101:13738:1766 2:N:0:TTAGGC 85 0 85 66
E00401:25:H3NTKALXX:5:1101:15037:1766 1:N:0:TTAGGC 120 0 120 31
E00401:25:H3NTKALXX:5:1101:15037:1766 2:N:0:TTAGGC 125 0 125 26
E00401:25:H3NTKALXX:5:1101:16133:1766 1:N:0:TTAGGC 122 0 122 29
E00401:25:H3NTKALXX:5:1101:16133:1766 2:N:0:TTAGGC 92 0 92 59
E00401:25:H3NTKALXX:5:1101:17208:1766 1:N:0:TTAGGC 137 0 137 14
E00401:25:H3NTKALXX:5:1101:17208:1766 2:N:0:TTAGGC 70 0 70 81
E00401:25:H3NTKALXX:5:1101:17777:1766 1:N:0:TTAGGC 110 0 110 41
E00401:25:H3NTKALXX:5:1101:17777:1766 2:N:0:TTAGGC 0 0 0 0
E00401:25:H3NTKALXX:5:1101:17898:1766 1:N:0:TTAGGC 145 0 145 6
E00401:25:H3NTKALXX:5:1101:17898:1766 2:N:0:TTAGGC 126 0 126 25
E00401:25:H3NTKALXX:5:1101:18548:1766 1:N:0:TTAGGC 120 0 120 31
E00401:25:H3NTKALXX:5:1101:18548:1766 2:N:0:TTAGGC 117 0 117 34
E00401:25:H3NTKALXX:5:1101:18852:1766 1:N:0:TTAGGC 150 0 150 1
E00401:25:H3NTKALXX:5:1101:18852:1766 2:N:0:TTAGGC 113 0 113 38
E00401:25:H3NTKALXX:5:1101:19745:1766 1:N:0:TTAGGC 151 0 151 0
E00401:25:H3NTKALXX:5:1101:19745:1766 2:N:0:TTAGGC 112 0 112 39
E00401:25:H3NTKALXX:5:1101:20029:1766 1:N:0:TTAGGC 150 0 150 1
E00401:25:H3NTKALXX:5:1101:20029:1766 2:N:0:TTAGGC 115 0 115 36
E00401:25:H3NTKALXX:5:1101:20537:1766 1:N:0:TTAGGC 113 0 113 38
E00401:25:H3NTKALXX:5:1101:20537:1766 2:N:0:TTAGGC 116 0 116 35
E00401:25:H3NTKALXX:5:1101:21044:1766 1:N:0:TTAGGC 110 0 110 41
E00401:25:H3NTKALXX:5:1101:21044:1766 2:N:0:TTAGGC 0 0 0 0
E00401:25:H3NTKALXX:5:1101:21592:1766 1:N:0:TTAGGC 123 0 123 28
E00401:25:H3NTKALXX:5:1101:21592:1766 2:N:0:TTAGGC 54 0 54 97
E00401:25:H3NTKALXX:5:1101:21775:1766 1:N:0:TTAGGC 126 0 126 25
E00401:25:H3NTKALXX:5:1101:21775:1766 2:N:0:TTAGGC 0 0 0 0
E00401:25:H3NTKALXX:5:1101:21937:1766 1:N:0:TTAGGC 145 0 145 6
E00401:25:H3NTKALXX:5:1101:21937:1766 2:N:0:TTAGGC 111 0 111 40
E00401:25:H3NTKALXX:5:1101:22039:1766 1:N:0:TTAGGC 145 0 145 6
E00401:25:H3NTKALXX:5:1101:22039:1766 2:N:0:TTAGGC 61 0 61 90
E00401:25:H3NTKALXX:5:1101:22201:1766 1:N:0:TTAGGC 151 0 151 0
E00401:25:H3NTKALXX:5:1101:22201:1766 2:N:0:TTAGGC 147 0 147 4
E00401:25:H3NTKALXX:5:1101:22627:1766 1:N:0:TTAGGC 130 0 130 21
E00401:25:H3NTKALXX:5:1101:22627:1766 2:N:0:TTAGGC 147 0 147 4
E00401:25:H3NTKALXX:5:1101:23723:1766 1:N:0:TTAGGC 97 0 97 54
E00401:25:H3NTKALXX:5:1101:23723:1766 2:N:0:TTAGGC 111 0 111 40
E00401:25:H3NTKALXX:5:1101:8592:1784 1:N:0:TTAGGC 54 0 54 97
E00401:25:H3NTKALXX:5:1101:8592:1784 2:N:0:TTAGGC 0 0 0 0
E00401:25:H3NTKALXX:5:1101:11414:1784 1:N:0:TTAGGC 56 0 56 95
E00401:25:H3NTKALXX:5:1101:11414:1784 2:N:0:TTAGGC 0 0 0 0
E00401:25:H3NTKALXX:5:1101:11759:1784 1:N:0:TTAGGC 150 0 150 1
E00401:25:H3NTKALXX:5:1101:11759:1784 2:N:0:TTAGGC 151 0 151 0
E00401:25:H3NTKALXX:5:1101:12286:1784 1:N:0:TTAGGC 120 0 120 31
E00401:25:H3NTKALXX:5:1101:12286:1784 2:N:0:TTAGGC 58 0 58 93
E00401:25:H3NTKALXX:5:1101:12794:1784 1:N:0:TTAGGA 119 0 119 32
E00401:25:H3NTKALXX:5:1101:12794:1784 2:N:0:TTAGGA 95 0 95 56
E00401:25:H3NTKALXX:5:1101:13667:1784 1:N:0:TTAGGC 135 0 135 16
E00401:25:H3NTKALXX:5:1101:13667:1784 2:N:0:TTAGGC 0 0 0 0
E00401:25:H3NTKALXX:5:1101:14884:1784 1:N:0:TTAGGC 151 0 151 0
E00401:25:H3NTKALXX:5:1101:14884:1784 2:N:0:TTAGGC 60 0 60 91
E00401:25:H3NTKALXX:5:1101:15635:1784 1:N:0:TTAGGC 150 0 150 1
E00401:25:H3NTKALXX:5:1101:15635:1784 2:N:0:TTAGGC 127 0 127 24
E00401:25:H3NTKALXX:5:1101:17990:1784 1:N:0:TTAGGC 120 0 120 31
E00401:25:H3NTKALXX:5:1101:17990:1784 2:N:0:TTAGGC 102 0 102 49
E00401:25:H3NTKALXX:5:1101:18051:1784 1:N:0:TTAGGC 151 0 151 0
E00401:25:H3NTKALXX:5:1101:18051:1784 2:N:0:TTAGGC 147 0 147 4
E00401:25:H3NTKALXX:5:1101:18558:1784 1:N:0:TTAGGC 151 0 151 0
E00401:25:H3NTKALXX:5:1101:18558:1784 2:N:0:TTAGGC 57 0 57 94
E00401:25:H3NTKALXX:5:1101:19776:1784 1:N:0:TTAGGC 136 0 136 15
E00401:25:H3NTKALXX:5:1101:19776:1784 2:N:0:TTAGGC 114 0 114 37
E00401:25:H3NTKALXX:5:1101:20709:1784 1:N:0:TTAGGC 122 0 122 29
E00401:25:H3NTKALXX:5:1101:20709:1784 2:N:0:TTAGGC 0 0 0 0
E00401:25:H3NTKALXX:5:1101:22069:1784 1:N:0:TTAGGC 151 0 151 0
E00401:25:H3NTKALXX:5:1101:22069:1784 2:N:0:TTAGGC 0 0 0 0
E00401:25:H3NTKALXX:5:1101:23855:1784 1:N:0:TTAGGC 143 0 143 8
E00401:25:H3NTKALXX:5:1101:23855:1784 2:N:0:TTAGGC 0 0 0 0
E00401:25:H3NTKALXX:5:1101:24769:1784 1:N:0:TTAGGC 0 0 0 0
E00401:25:H3NTKALXX:5:1101:24769:1784 2:N:0:TTAGGC 87 0 87 64
E00401:25:H3NTKALXX:5:1101:11627:1801 1:N:0:TTAGGC 78 0 78 73
E00401:25:H3NTKALXX:5:1101:11627:1801 2:N:0:TTAGGC 70 0 70 81
E00401:25:H3NTKALXX:5:1101:14143:1801 1:N:0:TTAGGC 116 0 116 35
E00401:25:H3NTKALXX:5:1101:14143:1801 2:N:0:TTAGGC 86 0 86 65
E00401:25:H3NTKALXX:5:1101:14529:1801 1:N:0:TTAGGC 97 0 97 54
E00401:25:H3NTKALXX:5:1101:14529:1801 2:N:0:TTAGGC 74 0 74 77
